#
# There is insufficient memory for the Java Runtime Environment to continue.
# Native memory allocation (malloc) failed to allocate 373456 bytes for Chunk::new
# Possible reasons:
#   The system is out of physical RAM or swap space
#   The process is running with CompressedOops enabled, and the Java Heap may be blocking the growth of the native heap
# Possible solutions:
#   Reduce memory load on the system
#   Increase physical memory or swap space
#   Check if swap backing store is full
#   Decrease Java heap size (-Xmx/-Xms)
#   Decrease number of Java threads
#   Decrease Java thread stack sizes (-Xss)
#   Set larger code cache with -XX:ReservedCodeCacheSize=
#   JVM is running with Unscaled Compressed Oops mode in which the Java heap is
#     placed in the first 4GB address space. The Java Heap base address is the
#     maximum limit for the native heap growth. Please use -XX:HeapBaseMinAddress
#     to set the Java Heap base and to place the Java Heap above 4GB virtual address.
# This output file may be truncated or incomplete.
#
#  Out of Memory Error (./src/hotspot/share/memory/arena.cpp:197), pid=1348, tid=3392
#
# JRE version: OpenJDK Runtime Environment (11.0.10) (build 11.0.10+0-b96-7249189)
# Java VM: OpenJDK 64-Bit Server VM (11.0.10+0-b96-7249189, mixed mode, tiered, compressed oops, g1 gc, windows-amd64)
# No core dump will be written. Minidumps are not enabled by default on client versions of Windows
#

---------------  S U M M A R Y ------------

Command Line: --add-opens=java.base/java.util=ALL-UNNAMED --add-opens=java.base/java.lang=ALL-UNNAMED --add-opens=java.base/java.lang.invoke=ALL-UNNAMED --add-opens=java.base/java.util=ALL-UNNAMED --add-opens=java.prefs/java.util.prefs=ALL-UNNAMED --add-opens=java.prefs/java.util.prefs=ALL-UNNAMED --add-opens=java.base/java.nio.charset=ALL-UNNAMED --add-opens=java.base/java.net=ALL-UNNAMED --add-opens=java.base/java.util.concurrent.atomic=ALL-UNNAMED -Xmx2048m -Dfile.encoding=UTF-8 -Duser.country=US -Duser.language=en -Duser.variant org.gradle.launcher.daemon.bootstrap.GradleDaemon 7.0.2

Host: AMD PRO A4-3350B APU with Radeon R4 Graphics   , 4 cores, 3G,  Windows 10 , 64 bit Build 18362 (10.0.18362.1)
Time: Fri Oct 22 04:15:15 2021 India Standard Time elapsed time: 41.485626 seconds (0d 0h 0m 41s)

---------------  T H R E A D  ---------------

Current thread (0x00000253d9ed2000):  JavaThread "C2 CompilerThread0" daemon [_thread_in_native, id=3392, stack(0x0000007480300000,0x0000007480400000)]


Current CompileTask:
C2:  41485 9738   !   4       com.android.ide.common.resources.MergedResourceWriter::addItem (200 bytes)

Stack: [0x0000007480300000,0x0000007480400000]
Native frames: (J=compiled Java code, j=interpreted, Vv=VM code, C=native code)
V  [jvm.dll+0x5ecfaa]
V  [jvm.dll+0x722bd5]
V  [jvm.dll+0x72412d]
V  [jvm.dll+0x7247e3]
V  [jvm.dll+0x242928]
V  [jvm.dll+0xbc4fc]
V  [jvm.dll+0xbca0c]
V  [jvm.dll+0x2b4fd4]
V  [jvm.dll+0x506028]
V  [jvm.dll+0x1fcbde]
V  [jvm.dll+0x1fa77f]
V  [jvm.dll+0x18354c]
V  [jvm.dll+0x208ee7]
V  [jvm.dll+0x207731]
V  [jvm.dll+0x6eb1cf]
V  [jvm.dll+0x6e3d45]
V  [jvm.dll+0x5ebe96]
C  [ucrtbase.dll+0x1d912]
C  [KERNEL32.DLL+0x17944]
C  [ntdll.dll+0x6ce71]


---------------  P R O C E S S  ---------------

Threads class SMR info:
_java_thread_list=0x00000253e02a9d40, length=51, elements={
0x00000253be34f000, 0x00000253d9e69800, 0x00000253d9e6d000, 0x00000253d9ec6800,
0x00000253d9eca000, 0x00000253d9ecd000, 0x00000253d9ed2000, 0x00000253d9ed7000,
0x00000253d9ed9000, 0x00000253da93d800, 0x00000253dc078800, 0x00000253daa39800,
0x00000253dc356800, 0x00000253dcac5000, 0x00000253dc8f2800, 0x00000253db40a000,
0x00000253db40b000, 0x00000253dc8c2800, 0x00000253dd42f000, 0x00000253dcc03800,
0x00000253dcc05000, 0x00000253dcc06000, 0x00000253dcc06800, 0x00000253dcc07800,
0x00000253dcc08800, 0x00000253dcc0a000, 0x00000253dcc09000, 0x00000253dcc04000,
0x00000253dfcc2000, 0x00000253dfcc1000, 0x00000253dfcc3800, 0x00000253dfcc4000,
0x00000253dfcc5000, 0x00000253dfcc9000, 0x00000253dfcc8800, 0x00000253dfccb800,
0x00000253dfcca000, 0x00000253dfcc6800, 0x00000253dfccb000, 0x00000253dfccc800,
0x00000253dfccd000, 0x00000253dfcc7800, 0x00000253dfccf000, 0x00000253dc904800,
0x00000253dc909800, 0x00000253dc906800, 0x00000253dc904000, 0x00000253dc908800,
0x00000253dc907000, 0x00000253e23ac800, 0x00000253dc90b000
}

Java Threads: ( => current thread )
  0x00000253be34f000 JavaThread "main" [_thread_blocked, id=2552, stack(0x00000074ff700000,0x00000074ff800000)]
  0x00000253d9e69800 JavaThread "Reference Handler" daemon [_thread_blocked, id=8692, stack(0x00000074ffe00000,0x00000074fff00000)]
  0x00000253d9e6d000 JavaThread "Finalizer" daemon [_thread_blocked, id=4260, stack(0x00000074fff00000,0x0000007500000000)]
  0x00000253d9ec6800 JavaThread "Signal Dispatcher" daemon [_thread_blocked, id=7972, stack(0x0000007480000000,0x0000007480100000)]
  0x00000253d9eca000 JavaThread "Attach Listener" daemon [_thread_blocked, id=4156, stack(0x0000007480100000,0x0000007480200000)]
  0x00000253d9ecd000 JavaThread "Service Thread" daemon [_thread_blocked, id=8724, stack(0x0000007480200000,0x0000007480300000)]
=>0x00000253d9ed2000 JavaThread "C2 CompilerThread0" daemon [_thread_in_native, id=3392, stack(0x0000007480300000,0x0000007480400000)]
  0x00000253d9ed7000 JavaThread "C1 CompilerThread0" daemon [_thread_blocked, id=2272, stack(0x0000007480400000,0x0000007480500000)]
  0x00000253d9ed9000 JavaThread "Sweeper thread" daemon [_thread_blocked, id=3624, stack(0x0000007480500000,0x0000007480600000)]
  0x00000253da93d800 JavaThread "Common-Cleaner" daemon [_thread_blocked, id=3112, stack(0x0000007480600000,0x0000007480700000)]
  0x00000253dc078800 JavaThread "Daemon health stats" [_thread_blocked, id=7620, stack(0x0000007480a00000,0x0000007480b00000)]
  0x00000253daa39800 JavaThread "Incoming local TCP Connector on port 61793" [_thread_in_native, id=124, stack(0x0000007480800000,0x0000007480900000)]
  0x00000253dc356800 JavaThread "Daemon periodic checks" [_thread_blocked, id=8848, stack(0x0000007480b00000,0x0000007480c00000)]
  0x00000253dcac5000 JavaThread "Daemon" [_thread_blocked, id=8580, stack(0x0000007480c00000,0x0000007480d00000)]
  0x00000253dc8f2800 JavaThread "Handler for socket connection from /127.0.0.1:61793 to /127.0.0.1:61794" [_thread_in_native, id=6716, stack(0x0000007480d00000,0x0000007480e00000)]
  0x00000253db40a000 JavaThread "Cancel handler" [_thread_blocked, id=3536, stack(0x0000007480e00000,0x0000007480f00000)]
  0x00000253db40b000 JavaThread "Daemon worker" [_thread_blocked, id=5104, stack(0x0000007480f00000,0x0000007481000000)]
  0x00000253dc8c2800 JavaThread "Asynchronous log dispatcher for DefaultDaemonConnection: socket connection from /127.0.0.1:61793 to /127.0.0.1:61794" [_thread_blocked, id=7864, stack(0x0000007481000000,0x0000007481100000)]
  0x00000253dd42f000 JavaThread "Stdin handler" [_thread_blocked, id=3300, stack(0x0000007481100000,0x0000007481200000)]
  0x00000253dcc03800 JavaThread "Daemon client event forwarder" [_thread_blocked, id=8768, stack(0x0000007481200000,0x0000007481300000)]
  0x00000253dcc05000 JavaThread "Cache worker for file hash cache (C:\Users\Mr.D\.gradle\caches\7.0.2\fileHashes)" [_thread_blocked, id=6312, stack(0x0000007481500000,0x0000007481600000)]
  0x00000253dcc06000 JavaThread "File lock request listener" [_thread_in_native, id=6660, stack(0x0000007481600000,0x0000007481700000)]
  0x00000253dcc06800 JavaThread "Cache worker for journal cache (C:\Users\Mr.D\.gradle\caches\journal-1)" [_thread_blocked, id=3396, stack(0x0000007481700000,0x0000007481800000)]
  0x00000253dcc07800 JavaThread "Cache worker for file hash cache (E:\Mr.D\Backups\Files\TimeTable-main\TimeTable-main\.gradle\7.0.2\fileHashes)" [_thread_blocked, id=8236, stack(0x0000007481900000,0x0000007481a00000)]
  0x00000253dcc08800 JavaThread "File watcher server" daemon [_thread_in_native, id=9068, stack(0x0000007481a00000,0x0000007481b00000)]
  0x00000253dcc0a000 JavaThread "File watcher consumer" daemon [_thread_in_vm, id=9112, stack(0x0000007481b00000,0x0000007481c00000)]
  0x00000253dcc09000 JavaThread "Cache worker for checksums cache (E:\Mr.D\Backups\Files\TimeTable-main\TimeTable-main\.gradle\checksums)" [_thread_blocked, id=8708, stack(0x0000007481c00000,0x0000007481d00000)]
  0x00000253dcc04000 JavaThread "Cache worker for cache directory md-supplier (C:\Users\Mr.D\.gradle\caches\7.0.2\md-supplier)" [_thread_blocked, id=8344, stack(0x0000007481d00000,0x0000007481e00000)]
  0x00000253dfcc2000 JavaThread "Cache worker for cache directory md-rule (C:\Users\Mr.D\.gradle\caches\7.0.2\md-rule)" [_thread_blocked, id=7304, stack(0x0000007481e00000,0x0000007481f00000)]
  0x00000253dfcc1000 JavaThread "Cache worker for execution history cache (C:\Users\Mr.D\.gradle\caches\7.0.2\executionHistory)" [_thread_blocked, id=1972, stack(0x0000007481f00000,0x0000007482000000)]
  0x00000253dfcc3800 JavaThread "jar transforms" [_thread_blocked, id=6044, stack(0x0000007482000000,0x0000007482100000)]
  0x00000253dfcc4000 JavaThread "jar transforms Thread 2" [_thread_blocked, id=5188, stack(0x0000007482100000,0x0000007482200000)]
  0x00000253dfcc5000 JavaThread "Cache worker for file content cache (C:\Users\Mr.D\.gradle\caches\7.0.2\fileContent)" [_thread_blocked, id=6556, stack(0x0000007482200000,0x0000007482300000)]
  0x00000253dfcc9000 JavaThread "Cache worker for dependencies-accessors (E:\Mr.D\Backups\Files\TimeTable-main\TimeTable-main\.gradle\7.0.2\dependencies-accessors)" [_thread_blocked, id=8060, stack(0x0000007482300000,0x0000007482400000)]
  0x00000253dfcc8800 JavaThread "jar transforms Thread 3" [_thread_blocked, id=8288, stack(0x0000007482400000,0x0000007482500000)]
  0x00000253dfccb800 JavaThread "Cache worker for Build Output Cleanup Cache (E:\Mr.D\Backups\Files\TimeTable-main\TimeTable-main\.gradle\buildOutputCleanup)" [_thread_blocked, id=344, stack(0x0000007482500000,0x0000007482600000)]
  0x00000253dfcca000 JavaThread "Build operations" [_thread_blocked, id=8276, stack(0x0000007482600000,0x0000007482700000)]
  0x00000253dfcc6800 JavaThread "Build operations Thread 2" [_thread_blocked, id=7116, stack(0x0000007482700000,0x0000007482800000)]
  0x00000253dfccb000 JavaThread "Build operations Thread 3" [_thread_blocked, id=3304, stack(0x0000007482800000,0x0000007482900000)]
  0x00000253dfccc800 JavaThread "Build operations Thread 4" [_thread_blocked, id=6664, stack(0x0000007482900000,0x0000007482a00000)]
  0x00000253dfccd000 JavaThread "jar transforms Thread 4" [_thread_blocked, id=3548, stack(0x0000007482a00000,0x0000007482b00000)]
  0x00000253dfcc7800 JavaThread "Memory manager" [_thread_blocked, id=9032, stack(0x0000007482b00000,0x0000007482c00000)]
  0x00000253dfccf000 JavaThread "build event listener" [_thread_blocked, id=7080, stack(0x0000007482c00000,0x0000007482d00000)]
  0x00000253dc904800 JavaThread "pool-3-thread-1" [_thread_blocked, id=3820, stack(0x0000007482d00000,0x0000007482e00000)]
  0x00000253dc909800 JavaThread "build event listener" [_thread_blocked, id=9184, stack(0x0000007482e00000,0x0000007482f00000)]
  0x00000253dc906800 JavaThread "Execution worker for ':'" [_thread_blocked, id=1488, stack(0x0000007482f00000,0x0000007483000000)]
  0x00000253dc904000 JavaThread "Execution worker for ':' Thread 2" [_thread_blocked, id=3572, stack(0x0000007483000000,0x0000007483100000)]
  0x00000253dc908800 JavaThread "Execution worker for ':' Thread 3" [_thread_blocked, id=7924, stack(0x0000007483100000,0x0000007483200000)]
  0x00000253dc907000 JavaThread "Cache worker for execution history cache (E:\Mr.D\Backups\Files\TimeTable-main\TimeTable-main\.gradle\7.0.2\executionHistory)" [_thread_blocked, id=9052, stack(0x0000007483200000,0x0000007483300000)]
  0x00000253e23ac800 JavaThread "C2 CompilerThread1" daemon [_thread_blocked, id=8364, stack(0x0000007483400000,0x0000007483500000)]
  0x00000253dc90b000 JavaThread "WorkerExecutor Queue" [_thread_blocked, id=1440, stack(0x0000007483500000,0x0000007483600000)]

Other Threads:
  0x00000253d9e64000 VMThread "VM Thread" [stack: 0x00000074ffd00000,0x00000074ffe00000] [id=8748]
  0x00000253da947800 WatcherThread [stack: 0x0000007480700000,0x0000007480800000] [id=9108]
  0x00000253be366800 GCTaskThread "GC Thread#0" [stack: 0x00000074ff800000,0x00000074ff900000] [id=7156]
  0x00000253db17d000 GCTaskThread "GC Thread#1" [stack: 0x0000007480900000,0x0000007480a00000] [id=5644]
  0x00000253dc6c1800 GCTaskThread "GC Thread#2" [stack: 0x0000007481300000,0x0000007481400000] [id=8788]
  0x00000253db36a000 GCTaskThread "GC Thread#3" [stack: 0x0000007481400000,0x0000007481500000] [id=3212]
  0x00000253be397000 ConcurrentGCThread "G1 Main Marker" [stack: 0x00000074ff900000,0x00000074ffa00000] [id=3784]
  0x00000253be398000 ConcurrentGCThread "G1 Conc#0" [stack: 0x00000074ffa00000,0x00000074ffb00000] [id=5592]
  0x00000253be3e0000 ConcurrentGCThread "G1 Refine#0" [stack: 0x00000074ffb00000,0x00000074ffc00000] [id=2832]
  0x00000253be3e1000 ConcurrentGCThread "G1 Young RemSet Sampling" [stack: 0x00000074ffc00000,0x00000074ffd00000] [id=9048]

Threads with active compile tasks:
C2 CompilerThread0  41575 9738   !   4       com.android.ide.common.resources.MergedResourceWriter::addItem (200 bytes)
C2 CompilerThread1  41575 9702 % !   4       com.android.ide.common.resources.DataMerger::mergeData @ 247 (611 bytes)

VM state:synchronizing (normal execution)

VM Mutex/Monitor currently owned by a thread:  ([mutex/lock_event])
[0x00000253be34a270] Threads_lock - owner thread: 0x00000253d9e64000
[0x00000253be34cb80] Compile_lock - owner thread: 0x00000253db40b000

Heap address: 0x0000000080000000, size: 2048 MB, Compressed Oops mode: 32-bit
Narrow klass base: 0x0000000000000000, Narrow klass shift: 3
Compressed class space size: 1073741824 Address: 0x0000000100000000

Heap:
 garbage-first heap   total 176128K, used 104069K [0x0000000080000000, 0x0000000100000000)
  region size 1024K, 6 young (6144K), 2 survivors (2048K)
 Metaspace       used 83709K, capacity 85765K, committed 86092K, reserved 1124352K
  class space    used 10727K, capacity 11489K, committed 11596K, reserved 1048576K
Heap Regions: E=young(eden), S=young(survivor), O=old, HS=humongous(starts), HC=humongous(continues), CS=collection set, F=free, A=archive, TAMS=top-at-mark-start (previous, next)
|   0|0x0000000080000000, 0x0000000080100000, 0x0000000080100000|100%| O|  |TAMS 0x0000000080100000, 0x0000000080100000| Untracked 
|   1|0x0000000080100000, 0x0000000080200000, 0x0000000080200000|100%| O|  |TAMS 0x0000000080200000, 0x0000000080200000| Untracked 
|   2|0x0000000080200000, 0x0000000080300000, 0x0000000080300000|100%| O|  |TAMS 0x0000000080300000, 0x0000000080300000| Untracked 
|   3|0x0000000080300000, 0x0000000080400000, 0x0000000080400000|100%|HS|  |TAMS 0x0000000080400000, 0x0000000080400000| Complete 
|   4|0x0000000080400000, 0x0000000080500000, 0x0000000080500000|100%|HC|  |TAMS 0x0000000080500000, 0x0000000080500000| Complete 
|   5|0x0000000080500000, 0x0000000080600000, 0x0000000080600000|100%|HC|  |TAMS 0x0000000080600000, 0x0000000080600000| Complete 
|   6|0x0000000080600000, 0x0000000080700000, 0x0000000080700000|100%| O|  |TAMS 0x0000000080700000, 0x0000000080700000| Untracked 
|   7|0x0000000080700000, 0x0000000080800000, 0x0000000080800000|100%| O|  |TAMS 0x0000000080800000, 0x0000000080800000| Untracked 
|   8|0x0000000080800000, 0x0000000080900000, 0x0000000080900000|100%| O|  |TAMS 0x0000000080900000, 0x0000000080900000| Untracked 
|   9|0x0000000080900000, 0x0000000080a00000, 0x0000000080a00000|100%| O|  |TAMS 0x0000000080a00000, 0x0000000080a00000| Untracked 
|  10|0x0000000080a00000, 0x0000000080b00000, 0x0000000080b00000|100%| O|  |TAMS 0x0000000080b00000, 0x0000000080b00000| Untracked 
|  11|0x0000000080b00000, 0x0000000080c00000, 0x0000000080c00000|100%| O|  |TAMS 0x0000000080c00000, 0x0000000080c00000| Untracked 
|  12|0x0000000080c00000, 0x0000000080d00000, 0x0000000080d00000|100%| O|  |TAMS 0x0000000080d00000, 0x0000000080d00000| Untracked 
|  13|0x0000000080d00000, 0x0000000080e00000, 0x0000000080e00000|100%| O|  |TAMS 0x0000000080e00000, 0x0000000080e00000| Untracked 
|  14|0x0000000080e00000, 0x0000000080f00000, 0x0000000080f00000|100%| O|  |TAMS 0x0000000080f00000, 0x0000000080f00000| Untracked 
|  15|0x0000000080f00000, 0x0000000081000000, 0x0000000081000000|100%| O|  |TAMS 0x0000000081000000, 0x0000000081000000| Untracked 
|  16|0x0000000081000000, 0x0000000081100000, 0x0000000081100000|100%| O|  |TAMS 0x0000000081100000, 0x0000000081100000| Untracked 
|  17|0x0000000081100000, 0x0000000081200000, 0x0000000081200000|100%| O|  |TAMS 0x0000000081200000, 0x0000000081200000| Untracked 
|  18|0x0000000081200000, 0x0000000081300000, 0x0000000081300000|100%| O|  |TAMS 0x0000000081300000, 0x0000000081300000| Untracked 
|  19|0x0000000081300000, 0x0000000081400000, 0x0000000081400000|100%| O|  |TAMS 0x0000000081400000, 0x0000000081400000| Untracked 
|  20|0x0000000081400000, 0x0000000081500000, 0x0000000081500000|100%| O|  |TAMS 0x0000000081500000, 0x0000000081500000| Untracked 
|  21|0x0000000081500000, 0x0000000081600000, 0x0000000081600000|100%| O|  |TAMS 0x0000000081600000, 0x0000000081600000| Untracked 
|  22|0x0000000081600000, 0x0000000081700000, 0x0000000081700000|100%| O|  |TAMS 0x0000000081700000, 0x0000000081700000| Untracked 
|  23|0x0000000081700000, 0x0000000081800000, 0x0000000081800000|100%| O|  |TAMS 0x0000000081800000, 0x0000000081800000| Untracked 
|  24|0x0000000081800000, 0x0000000081900000, 0x0000000081900000|100%| O|  |TAMS 0x0000000081900000, 0x0000000081900000| Untracked 
|  25|0x0000000081900000, 0x0000000081a00000, 0x0000000081a00000|100%| O|  |TAMS 0x0000000081a00000, 0x0000000081a00000| Untracked 
|  26|0x0000000081a00000, 0x0000000081b00000, 0x0000000081b00000|100%| O|  |TAMS 0x0000000081b00000, 0x0000000081b00000| Untracked 
|  27|0x0000000081b00000, 0x0000000081c00000, 0x0000000081c00000|100%|HS|  |TAMS 0x0000000081c00000, 0x0000000081c00000| Complete 
|  28|0x0000000081c00000, 0x0000000081d00000, 0x0000000081d00000|100%|HS|  |TAMS 0x0000000081d00000, 0x0000000081d00000| Complete 
|  29|0x0000000081d00000, 0x0000000081e00000, 0x0000000081e00000|100%|HS|  |TAMS 0x0000000081e00000, 0x0000000081e00000| Complete 
|  30|0x0000000081e00000, 0x0000000081f00000, 0x0000000081f00000|100%|HC|  |TAMS 0x0000000081f00000, 0x0000000081f00000| Complete 
|  31|0x0000000081f00000, 0x0000000082000000, 0x0000000082000000|100%| O|  |TAMS 0x0000000082000000, 0x0000000082000000| Untracked 
|  32|0x0000000082000000, 0x0000000082100000, 0x0000000082100000|100%| O|  |TAMS 0x0000000082100000, 0x0000000082100000| Untracked 
|  33|0x0000000082100000, 0x0000000082200000, 0x0000000082200000|100%| O|  |TAMS 0x0000000082200000, 0x0000000082200000| Untracked 
|  34|0x0000000082200000, 0x0000000082300000, 0x0000000082300000|100%| O|  |TAMS 0x0000000082300000, 0x0000000082300000| Untracked 
|  35|0x0000000082300000, 0x0000000082400000, 0x0000000082400000|100%| O|  |TAMS 0x0000000082400000, 0x0000000082400000| Untracked 
|  36|0x0000000082400000, 0x0000000082500000, 0x0000000082500000|100%| O|  |TAMS 0x0000000082500000, 0x0000000082500000| Untracked 
|  37|0x0000000082500000, 0x0000000082600000, 0x0000000082600000|100%| O|  |TAMS 0x0000000082600000, 0x0000000082600000| Untracked 
|  38|0x0000000082600000, 0x0000000082700000, 0x0000000082700000|100%| O|  |TAMS 0x0000000082700000, 0x0000000082700000| Untracked 
|  39|0x0000000082700000, 0x0000000082800000, 0x0000000082800000|100%| O|  |TAMS 0x0000000082800000, 0x0000000082800000| Untracked 
|  40|0x0000000082800000, 0x0000000082900000, 0x0000000082900000|100%| O|  |TAMS 0x0000000082900000, 0x0000000082900000| Untracked 
|  41|0x0000000082900000, 0x0000000082a00000, 0x0000000082a00000|100%| O|  |TAMS 0x0000000082a00000, 0x0000000082a00000| Untracked 
|  42|0x0000000082a00000, 0x0000000082b00000, 0x0000000082b00000|100%| O|  |TAMS 0x0000000082b00000, 0x0000000082b00000| Untracked 
|  43|0x0000000082b00000, 0x0000000082c00000, 0x0000000082c00000|100%| O|  |TAMS 0x0000000082c00000, 0x0000000082c00000| Untracked 
|  44|0x0000000082c00000, 0x0000000082d00000, 0x0000000082d00000|100%| O|  |TAMS 0x0000000082d00000, 0x0000000082d00000| Untracked 
|  45|0x0000000082d00000, 0x0000000082e00000, 0x0000000082e00000|100%| O|  |TAMS 0x0000000082e00000, 0x0000000082e00000| Untracked 
|  46|0x0000000082e00000, 0x0000000082f00000, 0x0000000082f00000|100%| O|  |TAMS 0x0000000082f00000, 0x0000000082f00000| Untracked 
|  47|0x0000000082f00000, 0x0000000083000000, 0x0000000083000000|100%| O|  |TAMS 0x0000000083000000, 0x0000000083000000| Untracked 
|  48|0x0000000083000000, 0x0000000083100000, 0x0000000083100000|100%| O|  |TAMS 0x0000000083100000, 0x0000000083100000| Untracked 
|  49|0x0000000083100000, 0x0000000083200000, 0x0000000083200000|100%| O|  |TAMS 0x0000000083200000, 0x0000000083200000| Untracked 
|  50|0x0000000083200000, 0x0000000083300000, 0x0000000083300000|100%| O|  |TAMS 0x0000000083300000, 0x0000000083300000| Untracked 
|  51|0x0000000083300000, 0x0000000083400000, 0x0000000083400000|100%| O|  |TAMS 0x0000000083400000, 0x0000000083400000| Untracked 
|  52|0x0000000083400000, 0x0000000083500000, 0x0000000083500000|100%| O|  |TAMS 0x0000000083500000, 0x0000000083500000| Untracked 
|  53|0x0000000083500000, 0x0000000083600000, 0x0000000083600000|100%| O|  |TAMS 0x0000000083600000, 0x0000000083600000| Untracked 
|  54|0x0000000083600000, 0x0000000083700000, 0x0000000083700000|100%| O|  |TAMS 0x0000000083700000, 0x0000000083700000| Untracked 
|  55|0x0000000083700000, 0x0000000083800000, 0x0000000083800000|100%| O|  |TAMS 0x0000000083800000, 0x0000000083800000| Untracked 
|  56|0x0000000083800000, 0x0000000083900000, 0x0000000083900000|100%| O|  |TAMS 0x0000000083900000, 0x0000000083900000| Untracked 
|  57|0x0000000083900000, 0x0000000083a00000, 0x0000000083a00000|100%| O|  |TAMS 0x0000000083a00000, 0x0000000083a00000| Untracked 
|  58|0x0000000083a00000, 0x0000000083b00000, 0x0000000083b00000|100%| O|  |TAMS 0x0000000083b00000, 0x0000000083b00000| Untracked 
|  59|0x0000000083b00000, 0x0000000083c00000, 0x0000000083c00000|100%| O|  |TAMS 0x0000000083c00000, 0x0000000083c00000| Untracked 
|  60|0x0000000083c00000, 0x0000000083d00000, 0x0000000083d00000|100%| O|  |TAMS 0x0000000083d00000, 0x0000000083d00000| Untracked 
|  61|0x0000000083d00000, 0x0000000083e00000, 0x0000000083e00000|100%| O|  |TAMS 0x0000000083e00000, 0x0000000083e00000| Untracked 
|  62|0x0000000083e00000, 0x0000000083f00000, 0x0000000083f00000|100%| O|  |TAMS 0x0000000083f00000, 0x0000000083f00000| Untracked 
|  63|0x0000000083f00000, 0x0000000084000000, 0x0000000084000000|100%| O|  |TAMS 0x0000000084000000, 0x0000000084000000| Untracked 
|  64|0x0000000084000000, 0x0000000084100000, 0x0000000084100000|100%| O|  |TAMS 0x0000000084100000, 0x0000000084100000| Untracked 
|  65|0x0000000084100000, 0x0000000084200000, 0x0000000084200000|100%| O|  |TAMS 0x0000000084200000, 0x0000000084200000| Untracked 
|  66|0x0000000084200000, 0x0000000084300000, 0x0000000084300000|100%| O|  |TAMS 0x0000000084300000, 0x0000000084300000| Untracked 
|  67|0x0000000084300000, 0x0000000084400000, 0x0000000084400000|100%| O|  |TAMS 0x0000000084400000, 0x0000000084400000| Untracked 
|  68|0x0000000084400000, 0x0000000084500000, 0x0000000084500000|100%| O|  |TAMS 0x0000000084500000, 0x0000000084500000| Untracked 
|  69|0x0000000084500000, 0x0000000084600000, 0x0000000084600000|100%| O|  |TAMS 0x0000000084600000, 0x0000000084600000| Untracked 
|  70|0x0000000084600000, 0x0000000084700000, 0x0000000084700000|100%| O|  |TAMS 0x0000000084700000, 0x0000000084700000| Untracked 
|  71|0x0000000084700000, 0x0000000084800000, 0x0000000084800000|100%| O|  |TAMS 0x0000000084800000, 0x0000000084800000| Untracked 
|  72|0x0000000084800000, 0x0000000084900000, 0x0000000084900000|100%| O|  |TAMS 0x0000000084900000, 0x0000000084900000| Untracked 
|  73|0x0000000084900000, 0x0000000084a00000, 0x0000000084a00000|100%| O|  |TAMS 0x0000000084a00000, 0x0000000084a00000| Untracked 
|  74|0x0000000084a00000, 0x0000000084b00000, 0x0000000084b00000|100%| O|  |TAMS 0x0000000084b00000, 0x0000000084b00000| Untracked 
|  75|0x0000000084b00000, 0x0000000084c00000, 0x0000000084c00000|100%| O|  |TAMS 0x0000000084c00000, 0x0000000084c00000| Untracked 
|  76|0x0000000084c00000, 0x0000000084d00000, 0x0000000084d00000|100%| O|  |TAMS 0x0000000084d00000, 0x0000000084d00000| Untracked 
|  77|0x0000000084d00000, 0x0000000084e00000, 0x0000000084e00000|100%| O|  |TAMS 0x0000000084e00000, 0x0000000084e00000| Untracked 
|  78|0x0000000084e00000, 0x0000000084f00000, 0x0000000084f00000|100%| O|  |TAMS 0x0000000084f00000, 0x0000000084f00000| Untracked 
|  79|0x0000000084f00000, 0x0000000085000000, 0x0000000085000000|100%| O|  |TAMS 0x0000000085000000, 0x0000000085000000| Untracked 
|  80|0x0000000085000000, 0x0000000085100000, 0x0000000085100000|100%| O|  |TAMS 0x0000000085100000, 0x0000000085100000| Untracked 
|  81|0x0000000085100000, 0x0000000085200000, 0x0000000085200000|100%| O|  |TAMS 0x0000000085169400, 0x0000000085200000| Untracked 
|  82|0x0000000085200000, 0x0000000085300000, 0x0000000085300000|100%| O|  |TAMS 0x0000000085200000, 0x0000000085300000| Untracked 
|  83|0x0000000085300000, 0x0000000085400000, 0x0000000085400000|100%| O|  |TAMS 0x0000000085300000, 0x0000000085400000| Untracked 
|  84|0x0000000085400000, 0x0000000085500000, 0x0000000085500000|100%|HS|  |TAMS 0x0000000085400000, 0x0000000085500000| Complete 
|  85|0x0000000085500000, 0x0000000085600000, 0x0000000085600000|100%| O|  |TAMS 0x0000000085500000, 0x0000000085600000| Untracked 
|  86|0x0000000085600000, 0x0000000085700000, 0x0000000085700000|100%| O|  |TAMS 0x0000000085600000, 0x0000000085700000| Untracked 
|  87|0x0000000085700000, 0x0000000085800000, 0x0000000085800000|100%| O|  |TAMS 0x0000000085700000, 0x0000000085800000| Untracked 
|  88|0x0000000085800000, 0x0000000085900000, 0x0000000085900000|100%| O|  |TAMS 0x0000000085800000, 0x0000000085900000| Untracked 
|  89|0x0000000085900000, 0x0000000085a00000, 0x0000000085a00000|100%| O|  |TAMS 0x0000000085900000, 0x0000000085a00000| Untracked 
|  90|0x0000000085a00000, 0x0000000085b00000, 0x0000000085b00000|100%| O|  |TAMS 0x0000000085a00000, 0x0000000085b00000| Untracked 
|  91|0x0000000085b00000, 0x0000000085c00000, 0x0000000085c00000|100%| O|  |TAMS 0x0000000085b00000, 0x0000000085c00000| Untracked 
|  92|0x0000000085c00000, 0x0000000085d00000, 0x0000000085d00000|100%| O|  |TAMS 0x0000000085c00000, 0x0000000085d00000| Untracked 
|  93|0x0000000085d00000, 0x0000000085e00000, 0x0000000085e00000|100%| O|  |TAMS 0x0000000085d00000, 0x0000000085e00000| Untracked 
|  94|0x0000000085e00000, 0x0000000085f00000, 0x0000000085f00000|100%| O|  |TAMS 0x0000000085e00000, 0x0000000085f00000| Untracked 
|  95|0x0000000085f00000, 0x0000000086000000, 0x0000000086000000|100%| O|  |TAMS 0x0000000085f00000, 0x0000000086000000| Untracked 
|  96|0x0000000086000000, 0x00000000860d7c00, 0x0000000086100000| 84%| O|  |TAMS 0x0000000086000000, 0x00000000860d7c00| Untracked 
|  97|0x0000000086100000, 0x0000000086100000, 0x0000000086200000|  0%| F|  |TAMS 0x0000000086100000, 0x0000000086100000| Untracked 
|  98|0x0000000086200000, 0x0000000086200000, 0x0000000086300000|  0%| F|  |TAMS 0x0000000086200000, 0x0000000086200000| Untracked 
|  99|0x0000000086300000, 0x0000000086300000, 0x0000000086400000|  0%| F|  |TAMS 0x0000000086300000, 0x0000000086300000| Untracked 
| 100|0x0000000086400000, 0x0000000086400000, 0x0000000086500000|  0%| F|  |TAMS 0x0000000086400000, 0x0000000086400000| Untracked 
| 101|0x0000000086500000, 0x0000000086500000, 0x0000000086600000|  0%| F|  |TAMS 0x0000000086500000, 0x0000000086500000| Untracked 
| 102|0x0000000086600000, 0x0000000086600000, 0x0000000086700000|  0%| F|  |TAMS 0x0000000086600000, 0x0000000086600000| Untracked 
| 103|0x0000000086700000, 0x0000000086700000, 0x0000000086800000|  0%| F|  |TAMS 0x0000000086700000, 0x0000000086700000| Untracked 
| 104|0x0000000086800000, 0x0000000086800000, 0x0000000086900000|  0%| F|  |TAMS 0x0000000086800000, 0x0000000086800000| Untracked 
| 105|0x0000000086900000, 0x0000000086900000, 0x0000000086a00000|  0%| F|  |TAMS 0x0000000086900000, 0x0000000086900000| Untracked 
| 106|0x0000000086a00000, 0x0000000086a00000, 0x0000000086b00000|  0%| F|  |TAMS 0x0000000086a00000, 0x0000000086a00000| Untracked 
| 107|0x0000000086b00000, 0x0000000086b00000, 0x0000000086c00000|  0%| F|  |TAMS 0x0000000086b00000, 0x0000000086b00000| Untracked 
| 108|0x0000000086c00000, 0x0000000086c00000, 0x0000000086d00000|  0%| F|  |TAMS 0x0000000086c00000, 0x0000000086c00000| Untracked 
| 109|0x0000000086d00000, 0x0000000086d00000, 0x0000000086e00000|  0%| F|  |TAMS 0x0000000086d00000, 0x0000000086d00000| Untracked 
| 110|0x0000000086e00000, 0x0000000086e00000, 0x0000000086f00000|  0%| F|  |TAMS 0x0000000086e00000, 0x0000000086e00000| Untracked 
| 111|0x0000000086f00000, 0x0000000086f00000, 0x0000000087000000|  0%| F|  |TAMS 0x0000000086f00000, 0x0000000086f00000| Untracked 
| 112|0x0000000087000000, 0x0000000087000000, 0x0000000087100000|  0%| F|  |TAMS 0x0000000087000000, 0x0000000087000000| Untracked 
| 113|0x0000000087100000, 0x0000000087100000, 0x0000000087200000|  0%| F|  |TAMS 0x0000000087100000, 0x0000000087100000| Untracked 
| 114|0x0000000087200000, 0x0000000087200000, 0x0000000087300000|  0%| F|  |TAMS 0x0000000087200000, 0x0000000087200000| Untracked 
| 115|0x0000000087300000, 0x0000000087300000, 0x0000000087400000|  0%| F|  |TAMS 0x0000000087300000, 0x0000000087300000| Untracked 
| 116|0x0000000087400000, 0x0000000087400000, 0x0000000087500000|  0%| F|  |TAMS 0x0000000087400000, 0x0000000087400000| Untracked 
| 117|0x0000000087500000, 0x0000000087500000, 0x0000000087600000|  0%| F|  |TAMS 0x0000000087500000, 0x0000000087500000| Untracked 
| 118|0x0000000087600000, 0x0000000087600000, 0x0000000087700000|  0%| F|  |TAMS 0x0000000087600000, 0x0000000087600000| Untracked 
| 119|0x0000000087700000, 0x0000000087700000, 0x0000000087800000|  0%| F|  |TAMS 0x0000000087700000, 0x0000000087700000| Untracked 
| 120|0x0000000087800000, 0x0000000087800000, 0x0000000087900000|  0%| F|  |TAMS 0x0000000087800000, 0x0000000087800000| Untracked 
| 121|0x0000000087900000, 0x0000000087900000, 0x0000000087a00000|  0%| F|  |TAMS 0x0000000087900000, 0x0000000087900000| Untracked 
| 122|0x0000000087a00000, 0x0000000087a00000, 0x0000000087b00000|  0%| F|  |TAMS 0x0000000087a00000, 0x0000000087a00000| Untracked 
| 123|0x0000000087b00000, 0x0000000087b00000, 0x0000000087c00000|  0%| F|  |TAMS 0x0000000087b00000, 0x0000000087b00000| Untracked 
| 124|0x0000000087c00000, 0x0000000087cc9860, 0x0000000087d00000| 78%| S|CS|TAMS 0x0000000087c00000, 0x0000000087c00000| Complete 
| 125|0x0000000087d00000, 0x0000000087e00000, 0x0000000087e00000|100%| S|CS|TAMS 0x0000000087d00000, 0x0000000087d00000| Complete 
| 126|0x0000000087e00000, 0x0000000087e00000, 0x0000000087f00000|  0%| F|  |TAMS 0x0000000087e00000, 0x0000000087e00000| Untracked 
| 127|0x0000000087f00000, 0x0000000087f00000, 0x0000000088000000|  0%| F|  |TAMS 0x0000000087f00000, 0x0000000087f00000| Untracked 
| 128|0x0000000088000000, 0x0000000088000000, 0x0000000088100000|  0%| F|  |TAMS 0x0000000088000000, 0x0000000088000000| Untracked 
| 129|0x0000000088100000, 0x0000000088100000, 0x0000000088200000|  0%| F|  |TAMS 0x0000000088100000, 0x0000000088100000| Untracked 
| 130|0x0000000088200000, 0x0000000088200000, 0x0000000088300000|  0%| F|  |TAMS 0x0000000088200000, 0x0000000088200000| Untracked 
| 131|0x0000000088300000, 0x0000000088300000, 0x0000000088400000|  0%| F|  |TAMS 0x0000000088300000, 0x0000000088300000| Untracked 
| 132|0x0000000088400000, 0x0000000088400000, 0x0000000088500000|  0%| F|  |TAMS 0x0000000088400000, 0x0000000088400000| Untracked 
| 133|0x0000000088500000, 0x0000000088500000, 0x0000000088600000|  0%| F|  |TAMS 0x0000000088500000, 0x0000000088500000| Untracked 
| 134|0x0000000088600000, 0x0000000088600000, 0x0000000088700000|  0%| F|  |TAMS 0x0000000088600000, 0x0000000088600000| Untracked 
| 135|0x0000000088700000, 0x0000000088700000, 0x0000000088800000|  0%| F|  |TAMS 0x0000000088700000, 0x0000000088700000| Untracked 
| 136|0x0000000088800000, 0x0000000088800000, 0x0000000088900000|  0%| F|  |TAMS 0x0000000088800000, 0x0000000088800000| Untracked 
| 137|0x0000000088900000, 0x0000000088900000, 0x0000000088a00000|  0%| F|  |TAMS 0x0000000088900000, 0x0000000088900000| Untracked 
| 138|0x0000000088a00000, 0x0000000088a00000, 0x0000000088b00000|  0%| F|  |TAMS 0x0000000088a00000, 0x0000000088a00000| Untracked 
| 139|0x0000000088b00000, 0x0000000088b00000, 0x0000000088c00000|  0%| F|  |TAMS 0x0000000088b00000, 0x0000000088b00000| Untracked 
| 140|0x0000000088c00000, 0x0000000088c00000, 0x0000000088d00000|  0%| F|  |TAMS 0x0000000088c00000, 0x0000000088c00000| Untracked 
| 141|0x0000000088d00000, 0x0000000088d00000, 0x0000000088e00000|  0%| F|  |TAMS 0x0000000088d00000, 0x0000000088d00000| Untracked 
| 142|0x0000000088e00000, 0x0000000088e00000, 0x0000000088f00000|  0%| F|  |TAMS 0x0000000088e00000, 0x0000000088e00000| Untracked 
| 143|0x0000000088f00000, 0x0000000088f00000, 0x0000000089000000|  0%| F|  |TAMS 0x0000000088f00000, 0x0000000088f00000| Untracked 
| 144|0x0000000089000000, 0x0000000089000000, 0x0000000089100000|  0%| F|  |TAMS 0x0000000089000000, 0x0000000089000000| Untracked 
| 145|0x0000000089100000, 0x0000000089100000, 0x0000000089200000|  0%| F|  |TAMS 0x0000000089100000, 0x0000000089100000| Untracked 
| 146|0x0000000089200000, 0x0000000089200000, 0x0000000089300000|  0%| F|  |TAMS 0x0000000089200000, 0x0000000089200000| Untracked 
| 147|0x0000000089300000, 0x0000000089300000, 0x0000000089400000|  0%| F|  |TAMS 0x0000000089300000, 0x0000000089300000| Untracked 
| 148|0x0000000089400000, 0x0000000089400000, 0x0000000089500000|  0%| F|  |TAMS 0x0000000089400000, 0x0000000089400000| Untracked 
| 149|0x0000000089500000, 0x0000000089500000, 0x0000000089600000|  0%| F|  |TAMS 0x0000000089500000, 0x0000000089500000| Untracked 
| 150|0x0000000089600000, 0x0000000089600000, 0x0000000089700000|  0%| F|  |TAMS 0x0000000089600000, 0x0000000089600000| Untracked 
| 151|0x0000000089700000, 0x0000000089700000, 0x0000000089800000|  0%| F|  |TAMS 0x0000000089700000, 0x0000000089700000| Untracked 
| 152|0x0000000089800000, 0x0000000089800000, 0x0000000089900000|  0%| F|  |TAMS 0x0000000089800000, 0x0000000089800000| Untracked 
| 153|0x0000000089900000, 0x0000000089900000, 0x0000000089a00000|  0%| F|  |TAMS 0x0000000089900000, 0x0000000089900000| Untracked 
| 154|0x0000000089a00000, 0x0000000089a00000, 0x0000000089b00000|  0%| F|  |TAMS 0x0000000089a00000, 0x0000000089a00000| Untracked 
| 155|0x0000000089b00000, 0x0000000089b00000, 0x0000000089c00000|  0%| F|  |TAMS 0x0000000089b00000, 0x0000000089b00000| Untracked 
| 156|0x0000000089c00000, 0x0000000089c00000, 0x0000000089d00000|  0%| F|  |TAMS 0x0000000089c00000, 0x0000000089c00000| Untracked 
| 157|0x0000000089d00000, 0x0000000089d00000, 0x0000000089e00000|  0%| F|  |TAMS 0x0000000089d00000, 0x0000000089d00000| Untracked 
| 158|0x0000000089e00000, 0x0000000089e00000, 0x0000000089f00000|  0%| F|  |TAMS 0x0000000089e00000, 0x0000000089e00000| Untracked 
| 159|0x0000000089f00000, 0x0000000089f00000, 0x000000008a000000|  0%| F|  |TAMS 0x0000000089f00000, 0x0000000089f00000| Untracked 
| 160|0x000000008a000000, 0x000000008a000000, 0x000000008a100000|  0%| F|  |TAMS 0x000000008a000000, 0x000000008a000000| Untracked 
| 161|0x000000008a100000, 0x000000008a100000, 0x000000008a200000|  0%| F|  |TAMS 0x000000008a100000, 0x000000008a100000| Untracked 
| 162|0x000000008a200000, 0x000000008a200000, 0x000000008a300000|  0%| F|  |TAMS 0x000000008a200000, 0x000000008a200000| Untracked 
| 163|0x000000008a300000, 0x000000008a300000, 0x000000008a400000|  0%| F|  |TAMS 0x000000008a300000, 0x000000008a300000| Untracked 
| 164|0x000000008a400000, 0x000000008a400000, 0x000000008a500000|  0%| F|  |TAMS 0x000000008a400000, 0x000000008a400000| Untracked 
| 165|0x000000008a500000, 0x000000008a500000, 0x000000008a600000|  0%| F|  |TAMS 0x000000008a500000, 0x000000008a500000| Untracked 
| 166|0x000000008a600000, 0x000000008a600000, 0x000000008a700000|  0%| F|  |TAMS 0x000000008a600000, 0x000000008a600000| Untracked 
| 167|0x000000008a700000, 0x000000008a700000, 0x000000008a800000|  0%| F|  |TAMS 0x000000008a700000, 0x000000008a700000| Untracked 
| 168|0x000000008a800000, 0x000000008a879090, 0x000000008a900000| 47%| E|  |TAMS 0x000000008a800000, 0x000000008a800000| Complete 
| 169|0x000000008a900000, 0x000000008aa00000, 0x000000008aa00000|100%| E|CS|TAMS 0x000000008a900000, 0x000000008a900000| Complete 
| 170|0x000000008aa00000, 0x000000008ab00000, 0x000000008ab00000|100%| E|CS|TAMS 0x000000008aa00000, 0x000000008aa00000| Complete 
| 171|0x000000008ab00000, 0x000000008ac00000, 0x000000008ac00000|100%| E|CS|TAMS 0x000000008ab00000, 0x000000008ab00000| Complete 

Card table byte_map: [0x00000253d3060000,0x00000253d3460000] _byte_map_base: 0x00000253d2c60000

Marking Bits (Prev, Next): (CMBitMap*) 0x00000253be38dc60, (CMBitMap*) 0x00000253be38dc28
 Prev Bits: [0x00000253d5860000, 0x00000253d7860000)
 Next Bits: [0x00000253d3860000, 0x00000253d5860000)

Polling page: 0x00000253be420000

Metaspace:

Usage:
  Non-class:     72.54 MB capacity,    71.27 MB ( 98%) used,     1.04 MB (  1%) free+waste,   228.31 KB ( <1%) overhead. 
      Class:     11.22 MB capacity,    10.48 MB ( 93%) used,   657.24 KB (  6%) free+waste,   104.13 KB ( <1%) overhead. 
       Both:     83.75 MB capacity,    81.75 MB ( 98%) used,     1.68 MB (  2%) free+waste,   332.44 KB ( <1%) overhead. 

Virtual space:
  Non-class space:       74.00 MB reserved,      72.75 MB ( 98%) committed 
      Class space:        1.00 GB reserved,      11.32 MB (  1%) committed 
             Both:        1.07 GB reserved,      84.07 MB (  8%) committed 

Chunk freelists:
   Non-Class:  28.00 KB
       Class:  0 bytes
        Both:  28.00 KB

MaxMetaspaceSize: 17179869184.00 GB
CompressedClassSpaceSize: 1.00 GB

CodeHeap 'non-profiled nmethods': size=120064Kb used=5519Kb max_used=5519Kb free=114544Kb
 bounds [0x00000253cb100000, 0x00000253cb670000, 0x00000253d2640000]
CodeHeap 'profiled nmethods': size=120000Kb used=20936Kb max_used=20936Kb free=99064Kb
 bounds [0x00000253c3bd0000, 0x00000253c5050000, 0x00000253cb100000]
CodeHeap 'non-nmethods': size=5696Kb used=2274Kb max_used=2319Kb free=3421Kb
 bounds [0x00000253c3640000, 0x00000253c38b0000, 0x00000253c3bd0000]
 total_blobs=10524 nmethods=9650 adapters=786
 compilation: enabled
              stopped_count=0, restarted_count=0
 full_count=0

Compilation events (20 events):
Event: 41.319 Thread 0x00000253d9ed7000 9729       3       java.io.ObjectInputStream$BlockDataInputStream::readUTFBody (192 bytes)
Event: 41.322 Thread 0x00000253d9ed7000 nmethod 9729 0x00000253c5031710 code [0x00000253c50319c0, 0x00000253c5032738]
Event: 41.322 Thread 0x00000253d9ed7000 9730   !   3       java.io.ObjectInputStream::filterCheck (223 bytes)
Event: 41.327 Thread 0x00000253d9ed7000 nmethod 9730 0x00000253c5032b90 code [0x00000253c5032fc0, 0x00000253c5035288]
Event: 41.334 Thread 0x00000253d9ed7000 9733       3       kotlin.LazyKt__LazyJVMKt::lazy (21 bytes)
Event: 41.336 Thread 0x00000253d9ed7000 nmethod 9733 0x00000253c5035e90 code [0x00000253c50360e0, 0x00000253c5036768]
Event: 41.336 Thread 0x00000253d9ed7000 9734       3       kotlin.SynchronizedLazyImpl::<init> (15 bytes)
Event: 41.336 Thread 0x00000253d9ed7000 nmethod 9734 0x00000253c5036a10 code [0x00000253c5036bc0, 0x00000253c5036d28]
Event: 41.336 Thread 0x00000253d9ed7000 9735       3       kotlin.SynchronizedLazyImpl::<init> (37 bytes)
Event: 41.337 Thread 0x00000253d9ed7000 nmethod 9735 0x00000253c5036e10 code [0x00000253c5037040, 0x00000253c50377b8]
Event: 41.347 Thread 0x00000253d9ed2000 nmethod 9725 0x00000253cb660e90 code [0x00000253cb661080, 0x00000253cb661aa8]
Event: 41.347 Thread 0x00000253d9ed2000 9726       4       com.android.ide.common.resources.ResourceMergerItem::getName (5 bytes)
Event: 41.348 Thread 0x00000253d9ed2000 nmethod 9726 0x00000253cb661e10 code [0x00000253cb661fa0, 0x00000253cb662018]
Event: 41.348 Thread 0x00000253d9ed2000 9731       4       org.objectweb.asm.MethodWriter::computeMethodInfoSize (571 bytes)
Event: 41.378 Thread 0x00000253d9ed2000 nmethod 9731 0x00000253cb662090 code [0x00000253cb6622c0, 0x00000253cb662970]
Event: 41.378 Thread 0x00000253d9ed2000 9736       4       com.android.ide.common.resources.ResourceMerger::requiresMerge (29 bytes)
Event: 41.393 Thread 0x00000253d9ed2000 nmethod 9736 0x00000253cb663010 code [0x00000253cb6631c0, 0x00000253cb663538]
Event: 41.393 Thread 0x00000253d9ed2000 9738   !   4       com.android.ide.common.resources.MergedResourceWriter::addItem (200 bytes)
Event: 41.435 Thread 0x00000253d9ed7000 9745       3       kotlin.collections.MapsKt__MapsKt::emptyMap (21 bytes)
Event: 41.436 Thread 0x00000253d9ed7000 nmethod 9745 0x00000253c5037a10 code [0x00000253c5037bc0, 0x00000253c5037cb8]

GC Heap History (20 events):
Event: 23.105 GC heap before
{Heap before GC invocations=28 (full 0):
 garbage-first heap   total 101376K, used 78721K [0x0000000080000000, 0x0000000100000000)
  region size 1024K, 33 young (33792K), 5 survivors (5120K)
 Metaspace       used 67192K, capacity 68863K, committed 69068K, reserved 1110016K
  class space    used 8549K, capacity 9152K, committed 9164K, reserved 1048576K
}
Event: 23.122 GC heap after
{Heap after GC invocations=29 (full 0):
 garbage-first heap   total 101376K, used 52158K [0x0000000080000000, 0x0000000100000000)
  region size 1024K, 5 young (5120K), 5 survivors (5120K)
 Metaspace       used 67192K, capacity 68863K, committed 69068K, reserved 1110016K
  class space    used 8549K, capacity 9152K, committed 9164K, reserved 1048576K
}
Event: 24.324 GC heap before
{Heap before GC invocations=30 (full 0):
 garbage-first heap   total 101376K, used 79806K [0x0000000080000000, 0x0000000100000000)
  region size 1024K, 32 young (32768K), 5 survivors (5120K)
 Metaspace       used 70187K, capacity 71808K, committed 71884K, reserved 1112064K
  class space    used 9029K, capacity 9633K, committed 9676K, reserved 1048576K
}
Event: 24.340 GC heap after
{Heap after GC invocations=31 (full 0):
 garbage-first heap   total 121856K, used 54219K [0x0000000080000000, 0x0000000100000000)
  region size 1024K, 4 young (4096K), 4 survivors (4096K)
 Metaspace       used 70187K, capacity 71808K, committed 71884K, reserved 1112064K
  class space    used 9029K, capacity 9633K, committed 9676K, reserved 1048576K
}
Event: 25.881 GC heap before
{Heap before GC invocations=31 (full 0):
 garbage-first heap   total 121856K, used 92107K [0x0000000080000000, 0x0000000100000000)
  region size 1024K, 41 young (41984K), 4 survivors (4096K)
 Metaspace       used 75198K, capacity 76923K, committed 77260K, reserved 1116160K
  class space    used 9741K, capacity 10347K, committed 10444K, reserved 1048576K
}
Event: 25.895 GC heap after
{Heap after GC invocations=32 (full 0):
 garbage-first heap   total 121856K, used 56282K [0x0000000080000000, 0x0000000100000000)
  region size 1024K, 4 young (4096K), 4 survivors (4096K)
 Metaspace       used 75198K, capacity 76923K, committed 77260K, reserved 1116160K
  class space    used 9741K, capacity 10347K, committed 10444K, reserved 1048576K
}
Event: 27.313 GC heap before
{Heap before GC invocations=32 (full 0):
 garbage-first heap   total 121856K, used 94170K [0x0000000080000000, 0x0000000100000000)
  region size 1024K, 41 young (41984K), 4 survivors (4096K)
 Metaspace       used 77878K, capacity 79739K, committed 79948K, reserved 1118208K
  class space    used 10062K, capacity 10738K, committed 10828K, reserved 1048576K
}
Event: 27.332 GC heap after
{Heap after GC invocations=33 (full 0):
 garbage-first heap   total 121856K, used 60339K [0x0000000080000000, 0x0000000100000000)
  region size 1024K, 6 young (6144K), 6 survivors (6144K)
 Metaspace       used 77878K, capacity 79739K, committed 79948K, reserved 1118208K
  class space    used 10062K, capacity 10738K, committed 10828K, reserved 1048576K
}
Event: 29.299 GC heap before
{Heap before GC invocations=33 (full 0):
 garbage-first heap   total 121856K, used 96179K [0x0000000080000000, 0x0000000100000000)
  region size 1024K, 42 young (43008K), 6 survivors (6144K)
 Metaspace       used 81105K, capacity 83132K, committed 83148K, reserved 1122304K
  class space    used 10475K, capacity 11204K, committed 11212K, reserved 1048576K
}
Event: 29.323 GC heap after
{Heap after GC invocations=34 (full 0):
 garbage-first heap   total 121856K, used 63535K [0x0000000080000000, 0x0000000100000000)
  region size 1024K, 4 young (4096K), 4 survivors (4096K)
 Metaspace       used 81105K, capacity 83132K, committed 83148K, reserved 1122304K
  class space    used 10475K, capacity 11204K, committed 11212K, reserved 1048576K
}
Event: 30.809 GC heap before
{Heap before GC invocations=34 (full 0):
 garbage-first heap   total 121856K, used 97327K [0x0000000080000000, 0x0000000100000000)
  region size 1024K, 38 young (38912K), 4 survivors (4096K)
 Metaspace       used 81459K, capacity 83470K, committed 83788K, reserved 1122304K
  class space    used 10490K, capacity 11222K, committed 11340K, reserved 1048576K
}
Event: 30.826 GC heap after
{Heap after GC invocations=35 (full 0):
 garbage-first heap   total 146432K, used 66295K [0x0000000080000000, 0x0000000100000000)
  region size 1024K, 3 young (3072K), 3 survivors (3072K)
 Metaspace       used 81459K, capacity 83470K, committed 83788K, reserved 1122304K
  class space    used 10490K, capacity 11222K, committed 11340K, reserved 1048576K
}
Event: 35.101 GC heap before
{Heap before GC invocations=36 (full 0):
 garbage-first heap   total 146432K, used 109303K [0x0000000080000000, 0x0000000100000000)
  region size 1024K, 46 young (47104K), 3 survivors (3072K)
 Metaspace       used 82803K, capacity 84916K, committed 85196K, reserved 1122304K
  class space    used 10653K, capacity 11421K, committed 11468K, reserved 1048576K
}
Event: 35.135 GC heap after
{Heap after GC invocations=37 (full 0):
 garbage-first heap   total 146432K, used 80222K [0x0000000080000000, 0x0000000100000000)
  region size 1024K, 6 young (6144K), 6 survivors (6144K)
 Metaspace       used 82803K, capacity 84916K, committed 85196K, reserved 1122304K
  class space    used 10653K, capacity 11421K, committed 11468K, reserved 1048576K
}
Event: 37.361 GC heap before
{Heap before GC invocations=37 (full 0):
 garbage-first heap   total 146432K, used 100702K [0x0000000080000000, 0x0000000100000000)
  region size 1024K, 28 young (28672K), 6 survivors (6144K)
 Metaspace       used 82886K, capacity 85044K, committed 85196K, reserved 1122304K
  class space    used 10653K, capacity 11421K, committed 11468K, reserved 1048576K
}
Event: 37.424 GC heap after
{Heap after GC invocations=38 (full 0):
 garbage-first heap   total 146432K, used 88485K [0x0000000080000000, 0x0000000100000000)
  region size 1024K, 5 young (5120K), 5 survivors (5120K)
 Metaspace       used 82886K, capacity 85044K, committed 85196K, reserved 1122304K
  class space    used 10653K, capacity 11421K, committed 11468K, reserved 1048576K
}
Event: 39.244 GC heap before
{Heap before GC invocations=39 (full 0):
 garbage-first heap   total 146432K, used 115109K [0x0000000080000000, 0x0000000100000000)
  region size 1024K, 28 young (28672K), 5 survivors (5120K)
 Metaspace       used 83022K, capacity 85103K, committed 85452K, reserved 1124352K
  class space    used 10649K, capacity 11398K, committed 11468K, reserved 1048576K
}
Event: 39.277 GC heap after
{Heap after GC invocations=40 (full 0):
 garbage-first heap   total 146432K, used 98304K [0x0000000080000000, 0x0000000100000000)
  region size 1024K, 4 young (4096K), 4 survivors (4096K)
 Metaspace       used 83022K, capacity 85103K, committed 85452K, reserved 1124352K
  class space    used 10649K, capacity 11398K, committed 11468K, reserved 1048576K
}
Event: 41.354 GC heap before
{Heap before GC invocations=40 (full 0):
 garbage-first heap   total 146432K, used 114688K [0x0000000080000000, 0x0000000100000000)
  region size 1024K, 21 young (21504K), 4 survivors (4096K)
 Metaspace       used 83617K, capacity 85701K, committed 85836K, reserved 1124352K
  class space    used 10715K, capacity 11489K, committed 11596K, reserved 1048576K
}
Event: 41.368 GC heap after
{Heap after GC invocations=41 (full 0):
 garbage-first heap   total 176128K, used 100997K [0x0000000080000000, 0x0000000100000000)
  region size 1024K, 2 young (2048K), 2 survivors (2048K)
 Metaspace       used 83617K, capacity 85701K, committed 85836K, reserved 1124352K
  class space    used 10715K, capacity 11489K, committed 11596K, reserved 1048576K
}

Deoptimization events (20 events):
Event: 41.052 Thread 0x00000253db40b000 DEOPT PACKING pc=0x00000253cb5b4bc4 sp=0x0000007480ff7540
Event: 41.052 Thread 0x00000253db40b000 DEOPT UNPACKING pc=0x00000253c366732f sp=0x0000007480ff74f8 mode 2
Event: 41.171 Thread 0x00000253db40b000 Uncommon trap: trap_request=0xffffff6e fr.pc=0x00000253cb5b4bc4 relative=0x0000000000000d84
Event: 41.171 Thread 0x00000253db40b000 Uncommon trap: reason=speculate_class_check action=maybe_recompile pc=0x00000253cb5b4bc4 method=com.android.ide.common.resources.ResourceMergerItem.getKey()Ljava/lang/String; @ 35 c2
Event: 41.171 Thread 0x00000253db40b000 DEOPT PACKING pc=0x00000253cb5b4bc4 sp=0x0000007480ff7570
Event: 41.171 Thread 0x00000253db40b000 DEOPT UNPACKING pc=0x00000253c366732f sp=0x0000007480ff7520 mode 2
Event: 41.173 Thread 0x00000253db40b000 Uncommon trap: trap_request=0xffffff4d fr.pc=0x00000253cb1db7f4 relative=0x0000000000000894
Event: 41.173 Thread 0x00000253db40b000 Uncommon trap: reason=unstable_if action=reinterpret pc=0x00000253cb1db7f4 method=java.lang.Integer.stringSize(I)I @ 19 c2
Event: 41.174 Thread 0x00000253db40b000 DEOPT PACKING pc=0x00000253cb1db7f4 sp=0x0000007480ff7390
Event: 41.174 Thread 0x00000253db40b000 DEOPT UNPACKING pc=0x00000253c366732f sp=0x0000007480ff72e8 mode 2
Event: 41.177 Thread 0x00000253db40b000 DEOPT PACKING pc=0x00000253c47e7c27 sp=0x0000007480ff6970
Event: 41.177 Thread 0x00000253db40b000 DEOPT UNPACKING pc=0x00000253c366714e sp=0x0000007480ff5e00 mode 0
Event: 41.210 Thread 0x00000253db40b000 Uncommon trap: trap_request=0xffffff7e fr.pc=0x00000253cb52ff70 relative=0x0000000000000690
Event: 41.210 Thread 0x00000253db40b000 Uncommon trap: reason=predicate action=maybe_recompile pc=0x00000253cb52ff70 method=sun.security.provider.DigestBase.implCompressMultiBlock0([BII)I @ 2 c2
Event: 41.210 Thread 0x00000253db40b000 DEOPT PACKING pc=0x00000253cb52ff70 sp=0x0000007480ff47b0
Event: 41.210 Thread 0x00000253db40b000 DEOPT UNPACKING pc=0x00000253c366732f sp=0x0000007480ff4680 mode 2
Event: 41.274 Thread 0x00000253db40b000 Uncommon trap: trap_request=0xffffff7e fr.pc=0x00000253cb65eac4 relative=0x0000000000000084
Event: 41.274 Thread 0x00000253db40b000 Uncommon trap: reason=predicate action=maybe_recompile pc=0x00000253cb65eac4 method=java.util.TimSort.binarySort([Ljava/lang/Object;IIILjava/util/Comparator;)V @ 34 c2
Event: 41.274 Thread 0x00000253db40b000 DEOPT PACKING pc=0x00000253cb65eac4 sp=0x0000007480ff3b70
Event: 41.274 Thread 0x00000253db40b000 DEOPT UNPACKING pc=0x00000253c366732f sp=0x0000007480ff3b30 mode 2

Classes redefined (0 events):
No events

Internal exceptions (20 events):
Event: 28.271 Thread 0x00000253dc906800 Exception <a 'java/lang/NoSuchMethodError'{0x000000008653e9c0}: 'int java.lang.invoke.DirectMethodHandle$Holder.invokeStaticInit(java.lang.Object, java.lang.Object, java.lang.Object, java.lang.Object, java.lang.Object)'> (0x000000008653e9c0) thrown at [./src/hotspot/share/interpreter/linkResolver.cpp, line 773]
Event: 28.991 Thread 0x00000253dfcca000 Exception <a 'java/lang/NoSuchMethodError'{0x0000000085a78900}: 'java.lang.Object java.lang.invoke.DirectMethodHandle$Holder.invokeSpecialIFC(java.lang.Object, java.lang.Object, java.lang.Object)'> (0x0000000085a78900) thrown at [./src/hotspot/share/interpreter/linkResolver.cpp, line 773]
Event: 29.923 Thread 0x00000253dfccc800 Exception <a 'java/lang/NoSuchMethodError'{0x00000000868690a0}: 'void java.lang.invoke.DirectMethodHandle$Holder.invokeVirtual(java.lang.Object, java.lang.Object)'> (0x00000000868690a0) thrown at [./src/hotspot/share/interpreter/linkResolver.cpp, line 773]
Event: 37.275 Thread 0x00000253db40b000 Implicit null exception at 0x00000253cb5b36f9 to 0x00000253cb5b393c
Event: 41.210 Thread 0x00000253db40b000 Exception <a 'java/lang/NoSuchMethodError'{0x00000000882428d8}: <clinit>> (0x00000000882428d8) thrown at [./src/hotspot/share/prims/jni.cpp, line 1362]
Event: 41.213 Thread 0x00000253db40b000 Exception <a 'java/lang/NoSuchMethodError'{0x0000000088258240}: <clinit>> (0x0000000088258240) thrown at [./src/hotspot/share/prims/jni.cpp, line 1362]
Event: 41.231 Thread 0x00000253db40b000 Exception <a 'java/lang/NoSuchMethodError'{0x00000000882e4898}: <clinit>> (0x00000000882e4898) thrown at [./src/hotspot/share/prims/jni.cpp, line 1362]
Event: 41.232 Thread 0x00000253db40b000 Exception <a 'java/lang/NoSuchMethodError'{0x00000000882e7c58}: <clinit>> (0x00000000882e7c58) thrown at [./src/hotspot/share/prims/jni.cpp, line 1362]
Event: 41.232 Thread 0x00000253db40b000 Exception <a 'java/lang/NoSuchMethodError'{0x00000000882ece30}: <clinit>> (0x00000000882ece30) thrown at [./src/hotspot/share/prims/jni.cpp, line 1362]
Event: 41.234 Thread 0x00000253db40b000 Exception <a 'java/lang/NoSuchMethodError'{0x00000000882f8e20}: <clinit>> (0x00000000882f8e20) thrown at [./src/hotspot/share/prims/jni.cpp, line 1362]
Event: 41.247 Thread 0x00000253db40b000 Exception <a 'java/lang/NoSuchMethodError'{0x000000008815f8a0}: <clinit>> (0x000000008815f8a0) thrown at [./src/hotspot/share/prims/jni.cpp, line 1362]
Event: 41.254 Thread 0x00000253db40b000 Exception <a 'java/lang/NoSuchMethodError'{0x00000000881a2918}: <clinit>> (0x00000000881a2918) thrown at [./src/hotspot/share/prims/jni.cpp, line 1362]
Event: 41.254 Thread 0x00000253db40b000 Exception <a 'java/lang/NoSuchMethodError'{0x00000000881a6578}: <clinit>> (0x00000000881a6578) thrown at [./src/hotspot/share/prims/jni.cpp, line 1362]
Event: 41.255 Thread 0x00000253db40b000 Exception <a 'java/lang/NoSuchMethodError'{0x00000000881a9c88}: <clinit>> (0x00000000881a9c88) thrown at [./src/hotspot/share/prims/jni.cpp, line 1362]
Event: 41.257 Thread 0x00000253db40b000 Exception <a 'java/lang/NoSuchMethodError'{0x00000000881c8eb8}: <clinit>> (0x00000000881c8eb8) thrown at [./src/hotspot/share/prims/jni.cpp, line 1362]
Event: 41.261 Thread 0x00000253db40b000 Exception <a 'java/lang/NoSuchMethodError'{0x00000000881e73d0}: <clinit>> (0x00000000881e73d0) thrown at [./src/hotspot/share/prims/jni.cpp, line 1362]
Event: 41.268 Thread 0x00000253db40b000 Exception <a 'java/lang/NoSuchMethodError'{0x0000000088002360}: <clinit>> (0x0000000088002360) thrown at [./src/hotspot/share/prims/jni.cpp, line 1362]
Event: 41.274 Thread 0x00000253db40b000 Exception <a 'java/lang/NoSuchMethodError'{0x000000008802ed88}: <clinit>> (0x000000008802ed88) thrown at [./src/hotspot/share/prims/jni.cpp, line 1362]
Event: 41.280 Thread 0x00000253db40b000 Exception <a 'java/lang/NoSuchMethodError'{0x000000008805eb28}: <clinit>> (0x000000008805eb28) thrown at [./src/hotspot/share/prims/jni.cpp, line 1362]
Event: 41.285 Thread 0x00000253db40b000 Exception <a 'java/lang/NoSuchMethodError'{0x00000000880780b0}: <clinit>> (0x00000000880780b0) thrown at [./src/hotspot/share/prims/jni.cpp, line 1362]

Events (20 events):
Event: 41.370 loading class com/google/common/io/CharSink
Event: 41.370 loading class com/google/common/io/CharSink done
Event: 41.371 loading class com/google/common/io/ByteSink$AsCharSink
Event: 41.371 loading class com/google/common/io/ByteSink$AsCharSink done
Event: 41.372 loading class com/google/common/io/Closer
Event: 41.372 loading class com/google/common/io/Closer done
Event: 41.374 loading class com/google/common/io/Closer$Suppressor
Event: 41.374 loading class com/google/common/io/Closer$Suppressor done
Event: 41.375 loading class com/google/common/io/Closer$SuppressingSuppressor
Event: 41.375 loading class com/google/common/io/Closer$SuppressingSuppressor done
Event: 41.422 loading class com/google/common/io/ByteStreams
Event: 41.422 loading class com/google/common/io/ByteStreams done
Event: 41.423 loading class com/google/common/io/ByteStreams$1
Event: 41.423 loading class com/google/common/io/ByteStreams$1 done
Event: 41.424 loading class com/google/common/io/ByteStreams$LimitedInputStream
Event: 41.424 loading class com/google/common/io/ByteStreams$LimitedInputStream done
Event: 41.425 loading class com/google/common/io/ByteArrayDataOutput
Event: 41.425 loading class com/google/common/io/ByteArrayDataOutput done
Event: 41.427 loading class com/google/common/io/ByteArrayDataInput
Event: 41.427 loading class com/google/common/io/ByteArrayDataInput done


Dynamic libraries:
0x00007ff6c1670000 - 0x00007ff6c167a000 	C:\Program Files\Android\Android Studio\jre\bin\java.exe
0x00007ffa0bfe0000 - 0x00007ffa0c1d0000 	C:\Windows\SYSTEM32\ntdll.dll
0x00007ffa0be80000 - 0x00007ffa0bf32000 	C:\Windows\System32\KERNEL32.DLL
0x00007ffa09880000 - 0x00007ffa09b22000 	C:\Windows\System32\KERNELBASE.dll
0x00007ffa08f70000 - 0x00007ffa0906a000 	C:\Windows\System32\ucrtbase.dll
0x00007ffa00660000 - 0x00007ffa00679000 	C:\Program Files\Android\Android Studio\jre\bin\jli.dll
0x00007ff9fee00000 - 0x00007ff9fee17000 	C:\Program Files\Android\Android Studio\jre\bin\VCRUNTIME140.dll
0x00007ffa0a310000 - 0x00007ffa0a4a3000 	C:\Windows\System32\USER32.dll
0x00007ffa09850000 - 0x00007ffa09871000 	C:\Windows\System32\win32u.dll
0x00007ff9f94c0000 - 0x00007ff9f9745000 	C:\Windows\WinSxS\amd64_microsoft.windows.common-controls_6595b64144ccf1df_6.0.18362.30_none_a1435978519dce7f\COMCTL32.dll
0x00007ffa0b6c0000 - 0x00007ffa0b6e6000 	C:\Windows\System32\GDI32.dll
0x00007ffa0a0a0000 - 0x00007ffa0a13e000 	C:\Windows\System32\msvcrt.dll
0x00007ffa09d80000 - 0x00007ffa09f14000 	C:\Windows\System32\gdi32full.dll
0x00007ffa0b370000 - 0x00007ffa0b6a6000 	C:\Windows\System32\combase.dll
0x00007ffa0a000000 - 0x00007ffa0a09e000 	C:\Windows\System32\msvcp_win.dll
0x00007ffa0a1f0000 - 0x00007ffa0a310000 	C:\Windows\System32\RPCRT4.dll
0x00007ffa09f70000 - 0x00007ffa09ff1000 	C:\Windows\System32\bcryptPrimitives.dll
0x00007ffa0ac80000 - 0x00007ffa0acae000 	C:\Windows\System32\IMM32.DLL
0x00007ff9f9a10000 - 0x00007ff9f9aad000 	C:\Program Files\Android\Android Studio\jre\bin\msvcp140.dll
0x00007ff9c8010000 - 0x00007ff9c8adf000 	C:\Program Files\Android\Android Studio\jre\bin\server\jvm.dll
0x00007ffa0b6f0000 - 0x00007ffa0b793000 	C:\Windows\System32\ADVAPI32.dll
0x00007ffa0b2d0000 - 0x00007ffa0b367000 	C:\Windows\System32\sechost.dll
0x00007ffa0b6b0000 - 0x00007ffa0b6b8000 	C:\Windows\System32\PSAPI.DLL
0x00007ffa06920000 - 0x00007ffa06944000 	C:\Windows\SYSTEM32\WINMM.dll
0x00007ffa05a00000 - 0x00007ffa05a09000 	C:\Windows\SYSTEM32\WSOCK32.dll
0x00007ffa0b040000 - 0x00007ffa0b0af000 	C:\Windows\System32\WS2_32.dll
0x00007ffa028d0000 - 0x00007ffa028da000 	C:\Windows\SYSTEM32\VERSION.dll
0x00007ffa06490000 - 0x00007ffa064bd000 	C:\Windows\SYSTEM32\WINMMBASE.dll
0x00007ffa09b30000 - 0x00007ffa09b7a000 	C:\Windows\System32\cfgmgr32.dll
0x00007ffa08ee0000 - 0x00007ffa08ef1000 	C:\Windows\System32\kernel.appcore.dll
0x00007ffa00620000 - 0x00007ffa00631000 	C:\Program Files\Android\Android Studio\jre\bin\verify.dll
0x00007ff9fec00000 - 0x00007ff9fedf4000 	C:\Windows\SYSTEM32\DBGHELP.DLL
0x00007ff9fa6e0000 - 0x00007ff9fa70a000 	C:\Windows\SYSTEM32\dbgcore.DLL
0x00007ff9faa80000 - 0x00007ff9faaa9000 	C:\Program Files\Android\Android Studio\jre\bin\java.dll
0x00007ffa03900000 - 0x00007ffa0390b000 	C:\Program Files\Android\Android Studio\jre\bin\jimage.dll
0x00007ffa000c0000 - 0x00007ffa000d8000 	C:\Program Files\Android\Android Studio\jre\bin\zip.dll
0x00007ffa0b7a0000 - 0x00007ffa0be80000 	C:\Windows\System32\SHELL32.dll
0x00007ffa0a140000 - 0x00007ffa0a1e9000 	C:\Windows\System32\shcore.dll
0x00007ffa09070000 - 0x00007ffa097eb000 	C:\Windows\System32\windows.storage.dll
0x00007ffa08f00000 - 0x00007ffa08f1f000 	C:\Windows\System32\profapi.dll
0x00007ffa08f20000 - 0x00007ffa08f6a000 	C:\Windows\System32\powrprof.dll
0x00007ffa08eb0000 - 0x00007ffa08ec0000 	C:\Windows\System32\UMPDC.dll
0x00007ffa0ae10000 - 0x00007ffa0ae62000 	C:\Windows\System32\shlwapi.dll
0x00007ffa09f20000 - 0x00007ffa09f37000 	C:\Windows\System32\cryptsp.dll
0x00007ff9fdbe0000 - 0x00007ff9fdbfa000 	C:\Program Files\Android\Android Studio\jre\bin\net.dll
0x00007ff9fb3f0000 - 0x00007ff9fb4df000 	C:\Windows\SYSTEM32\WINHTTP.dll
0x00007ffa08720000 - 0x00007ffa08787000 	C:\Windows\system32\mswsock.dll
0x00007ff9faa20000 - 0x00007ff9faa34000 	C:\Program Files\Android\Android Studio\jre\bin\nio.dll
0x00007ff9e9880000 - 0x00007ff9e98a7000 	C:\Users\Mr.D\.gradle\native\8bec1ad78214c89d9ad589b4d07fe93259594b29d510b10fafb7a158f7737e5d\windows-amd64\native-platform.dll
0x00007ff9d9870000 - 0x00007ff9d99ad000 	C:\Users\Mr.D\.gradle\native\53dbd7edfb1c66fb8903c78663c9afc45aea4f116125fa6feffd364cf09443e8\windows-amd64\native-platform-file-events.dll
0x00007ffa03420000 - 0x00007ffa0342a000 	C:\Program Files\Android\Android Studio\jre\bin\management.dll
0x00007ffa00650000 - 0x00007ffa0065c000 	C:\Program Files\Android\Android Studio\jre\bin\management_ext.dll
0x00007ffa08280000 - 0x00007ffa082b3000 	C:\Windows\system32\rsaenh.dll
0x00007ffa09f40000 - 0x00007ffa09f66000 	C:\Windows\System32\bcrypt.dll
0x00007ffa08dd0000 - 0x00007ffa08df5000 	C:\Windows\SYSTEM32\USERENV.dll
0x00007ffa088f0000 - 0x00007ffa088fc000 	C:\Windows\SYSTEM32\CRYPTBASE.dll
0x00007ffa08480000 - 0x00007ffa084ba000 	C:\Windows\SYSTEM32\IPHLPAPI.DLL
0x00007ffa0b260000 - 0x00007ffa0b268000 	C:\Windows\System32\NSI.dll
0x00007ff9fef50000 - 0x00007ff9fef66000 	C:\Windows\SYSTEM32\dhcpcsvc6.DLL
0x00007ff9ff880000 - 0x00007ff9ff89c000 	C:\Windows\SYSTEM32\dhcpcsvc.DLL
0x00007ffa084c0000 - 0x00007ffa0858a000 	C:\Windows\SYSTEM32\DNSAPI.dll

dbghelp: loaded successfully - version: 4.0.5 - missing functions: none
symbol engine: initialized successfully - sym options: 0x614 - pdb path: .;C:\Program Files\Android\Android Studio\jre\bin;C:\Windows\SYSTEM32;C:\Windows\WinSxS\amd64_microsoft.windows.common-controls_6595b64144ccf1df_6.0.18362.30_none_a1435978519dce7f;C:\Program Files\Android\Android Studio\jre\bin\server;C:\Users\Mr.D\.gradle\native\8bec1ad78214c89d9ad589b4d07fe93259594b29d510b10fafb7a158f7737e5d\windows-amd64;C:\Users\Mr.D\.gradle\native\53dbd7edfb1c66fb8903c78663c9afc45aea4f116125fa6feffd364cf09443e8\windows-amd64

VM Arguments:
jvm_args: --add-opens=java.base/java.util=ALL-UNNAMED --add-opens=java.base/java.lang=ALL-UNNAMED --add-opens=java.base/java.lang.invoke=ALL-UNNAMED --add-opens=java.base/java.util=ALL-UNNAMED --add-opens=java.prefs/java.util.prefs=ALL-UNNAMED --add-opens=java.prefs/java.util.prefs=ALL-UNNAMED --add-opens=java.base/java.nio.charset=ALL-UNNAMED --add-opens=java.base/java.net=ALL-UNNAMED --add-opens=java.base/java.util.concurrent.atomic=ALL-UNNAMED -Xmx2048m -Dfile.encoding=UTF-8 -Duser.country=US -Duser.language=en -Duser.variant 
java_command: org.gradle.launcher.daemon.bootstrap.GradleDaemon 7.0.2
java_class_path (initial): C:\Users\Mr.D\.gradle\wrapper\dists\gradle-7.0.2-bin\857tjihv64xamwrf0h14cai3r\gradle-7.0.2\lib\gradle-launcher-7.0.2.jar
Launcher Type: SUN_STANDARD

[Global flags]
     intx CICompilerCount                          = 3                                         {product} {ergonomic}
     uint ConcGCThreads                            = 1                                         {product} {ergonomic}
     uint G1ConcRefinementThreads                  = 4                                         {product} {ergonomic}
   size_t G1HeapRegionSize                         = 1048576                                   {product} {ergonomic}
    uintx GCDrainStackTargetSize                   = 64                                        {product} {ergonomic}
   size_t InitialHeapSize                          = 58720256                                  {product} {ergonomic}
   size_t MarkStackSize                            = 4194304                                   {product} {ergonomic}
   size_t MaxHeapSize                              = 2147483648                                {product} {command line}
   size_t MaxNewSize                               = 1287651328                                {product} {ergonomic}
   size_t MinHeapDeltaBytes                        = 1048576                                   {product} {ergonomic}
    uintx NonNMethodCodeHeapSize                   = 5830732                                {pd product} {ergonomic}
    uintx NonProfiledCodeHeapSize                  = 122913754                              {pd product} {ergonomic}
    uintx ProfiledCodeHeapSize                     = 122913754                              {pd product} {ergonomic}
    uintx ReservedCodeCacheSize                    = 251658240                              {pd product} {ergonomic}
     bool SegmentedCodeCache                       = true                                      {product} {ergonomic}
     bool UseCompressedClassPointers               = true                                 {lp64_product} {ergonomic}
     bool UseCompressedOops                        = true                                 {lp64_product} {ergonomic}
     bool UseG1GC                                  = true                                      {product} {ergonomic}
     bool UseLargePagesIndividualAllocation        = false                                  {pd product} {ergonomic}

Logging:
Log output configuration:
 #0: stdout all=warning uptime,level,tags
 #1: stderr all=off uptime,level,tags

Environment Variables:
PATH=C:\Windows\system32;C:\Windows;C:\Windows\System32\Wbem;C:\Windows\System32\WindowsPowerShell\v1.0\;C:\Windows\System32\OpenSSH\;C:\Users\Mr.D\anaconda3;C:\Users\Mr.D\anaconda3\Library\mingw-w64\bin;C:\Users\Mr.D\anaconda3\Library\usr\bin;C:\Users\Mr.D\anaconda3\Library\bin;C:\Users\Mr.D\anaconda3\Scripts;C:\Users\Mr.D\AppData\Local\Programs\Python\Python39\Scripts\;C:\Users\Mr.D\AppData\Local\Programs\Python\Python39\;C:\Users\Mr.D\AppData\Local\Microsoft\WindowsApps;C:\Users\Mr.D\AppData\Local\Programs\Microsoft VS Code\bin
USERNAME=Mr.D
OS=Windows_NT
PROCESSOR_IDENTIFIER=AMD64 Family 22 Model 48 Stepping 1, AuthenticAMD



---------------  S Y S T E M  ---------------

OS: Windows 10 , 64 bit Build 18362 (10.0.18362.1)
OS uptime: 0 days 3:38 hours

CPU:total 4 (initial active 4) (4 cores per cpu, 1 threads per core) family 22 model 48 stepping 1 microcode 0x0, cmov, cx8, fxsr, mmx, sse, sse2, sse3, ssse3, sse4.1, sse4.2, popcnt, avx, aes, clmul, mmxext, 3dnowpref, lzcnt, sse4a, tsc, tscinvbit, tscinv, bmi1

Memory: 4k page, system-wide physical 3548M (470M free)
TotalPageFile size 14300M (AvailPageFile size 3M)
current process WorkingSet (physical memory assigned to process): 373M, peak: 376M
current process commit charge ("private bytes"): 427M, peak: 427M

vm_info: OpenJDK 64-Bit Server VM (11.0.10+0-b96-7249189) for windows-amd64 JRE (11.0.10+0-b96-7249189), built on Mar 31 2021 21:44:00 by "builder" with MS VC++ 14.0 (VS2015)

END.
