#
# There is insufficient memory for the Java Runtime Environment to continue.
# Native memory allocation (mmap) failed to map 85983232 bytes for Failed to commit area from 0x0000000088f00000 to 0x000000008e100000 of length 85983232.
# Possible reasons:
#   The system is out of physical RAM or swap space
#   The process is running with CompressedOops enabled, and the Java Heap may be blocking the growth of the native heap
# Possible solutions:
#   Reduce memory load on the system
#   Increase physical memory or swap space
#   Check if swap backing store is full
#   Decrease Java heap size (-Xmx/-Xms)
#   Decrease number of Java threads
#   Decrease Java thread stack sizes (-Xss)
#   Set larger code cache with -XX:ReservedCodeCacheSize=
#   JVM is running with Unscaled Compressed Oops mode in which the Java heap is
#     placed in the first 4GB address space. The Java Heap base address is the
#     maximum limit for the native heap growth. Please use -XX:HeapBaseMinAddress
#     to set the Java Heap base and to place the Java Heap above 4GB virtual address.
# This output file may be truncated or incomplete.
#
#  Out of Memory Error (./src/hotspot/os/windows/os_windows.cpp:3301), pid=4980, tid=8788
#
# JRE version: OpenJDK Runtime Environment (11.0.10) (build 11.0.10+0-b96-7249189)
# Java VM: OpenJDK 64-Bit Server VM (11.0.10+0-b96-7249189, mixed mode, tiered, compressed oops, g1 gc, windows-amd64)
# No core dump will be written. Minidumps are not enabled by default on client versions of Windows
#

---------------  S U M M A R Y ------------

Command Line: --add-opens=java.base/java.util=ALL-UNNAMED --add-opens=java.base/java.lang=ALL-UNNAMED --add-opens=java.base/java.lang.invoke=ALL-UNNAMED --add-opens=java.base/java.util=ALL-UNNAMED --add-opens=java.prefs/java.util.prefs=ALL-UNNAMED --add-opens=java.prefs/java.util.prefs=ALL-UNNAMED --add-opens=java.base/java.nio.charset=ALL-UNNAMED --add-opens=java.base/java.net=ALL-UNNAMED --add-opens=java.base/java.util.concurrent.atomic=ALL-UNNAMED -Xmx2048m -Dfile.encoding=UTF-8 -Duser.country=US -Duser.language=en -Duser.variant org.gradle.launcher.daemon.bootstrap.GradleDaemon 7.0.2

Host: AMD PRO A4-3350B APU with Radeon R4 Graphics   , 4 cores, 3G,  Windows 10 , 64 bit Build 18362 (10.0.18362.1)
Time: Fri Oct 22 04:10:30 2021 India Standard Time elapsed time: 232.330509 seconds (0d 0h 3m 52s)

---------------  T H R E A D  ---------------

Current thread (0x00000172ac973800):  VMThread "VM Thread" [stack: 0x00000054c5200000,0x00000054c5300000] [id=8788]

Stack: [0x00000054c5200000,0x00000054c5300000]
[error occurred during error reporting (printing stack bounds), id 0xc0000005, EXCEPTION_ACCESS_VIOLATION (0xc0000005) at pc=0x00000172968d0f2d]

Native frames: (J=compiled Java code, j=interpreted, Vv=VM code, C=native code)
V  [jvm.dll+0x5ecfaa]
V  [jvm.dll+0x722bd5]
V  [jvm.dll+0x72412d]
V  [jvm.dll+0x724745]
V  [jvm.dll+0x7246fb]
V  [jvm.dll+0x5ec348]
V  [jvm.dll+0x5ecad8]
C  [ntdll.dll+0xa119f]
C  [ntdll.dll+0x6a229]
C  [ntdll.dll+0x9fe0e]
C  0x00000172968d0f2d

VM_Operation (0x00000054c61fa020): G1CollectForAllocation, mode: safepoint, requested by thread 0x00000172b14c6000


---------------  P R O C E S S  ---------------

Threads class SMR info:
_java_thread_list=0x00000172ae429280, length=46, elements={
0x0000017292dee800, 0x00000172ac97c000, 0x00000172ac97f000, 0x00000172ac9d6000,
0x00000172ac9d8000, 0x00000172ac9dc800, 0x00000172ac9e4000, 0x00000172ac9e5000,
0x00000172ac9f1000, 0x00000172ad44e000, 0x00000172af82b800, 0x00000172af293800,
0x00000172af69b000, 0x00000172afb97000, 0x00000172afb95800, 0x00000172afb97800,
0x00000172afb99800, 0x00000172afb9a000, 0x00000172af632800, 0x00000172af635000,
0x00000172af637800, 0x00000172af638000, 0x00000172af639800, 0x00000172af640800,
0x00000172af63e800, 0x00000172af641000, 0x00000172b14c9000, 0x00000172b14ca000,
0x00000172b14cb800, 0x00000172b14c4800, 0x00000172b14c3800, 0x00000172b14c2000,
0x00000172b14c6000, 0x00000172b14c0000, 0x00000172b14c2800, 0x00000172b14cc800,
0x00000172b14c7000, 0x00000172b14cd800, 0x00000172b14c7800, 0x00000172b14cb000,
0x00000172b14ce000, 0x00000172b14c8800, 0x00000172b14cf000, 0x00000172af636800,
0x00000172af633000, 0x00000172af63a800
}

Java Threads: ( => current thread )
  0x0000017292dee800 JavaThread "main" [_thread_blocked, id=2952, stack(0x00000054c4c00000,0x00000054c4d00000)]
  0x00000172ac97c000 JavaThread "Reference Handler" daemon [_thread_blocked, id=8552, stack(0x00000054c5300000,0x00000054c5400000)]
  0x00000172ac97f000 JavaThread "Finalizer" daemon [_thread_blocked, id=8780, stack(0x00000054c5400000,0x00000054c5500000)]
  0x00000172ac9d6000 JavaThread "Signal Dispatcher" daemon [_thread_blocked, id=1184, stack(0x00000054c5500000,0x00000054c5600000)]
  0x00000172ac9d8000 JavaThread "Attach Listener" daemon [_thread_blocked, id=6920, stack(0x00000054c5600000,0x00000054c5700000)]
  0x00000172ac9dc800 JavaThread "Service Thread" daemon [_thread_blocked, id=2676, stack(0x00000054c5700000,0x00000054c5800000)]
  0x00000172ac9e4000 JavaThread "C2 CompilerThread0" daemon [_thread_blocked, id=6940, stack(0x00000054c5800000,0x00000054c5900000)]
  0x00000172ac9e5000 JavaThread "C1 CompilerThread0" daemon [_thread_blocked, id=3596, stack(0x00000054c5900000,0x00000054c5a00000)]
  0x00000172ac9f1000 JavaThread "Sweeper thread" daemon [_thread_blocked, id=6508, stack(0x00000054c5a00000,0x00000054c5b00000)]
  0x00000172ad44e000 JavaThread "Common-Cleaner" daemon [_thread_blocked, id=6396, stack(0x00000054c5b00000,0x00000054c5c00000)]
  0x00000172af82b800 JavaThread "Daemon health stats" [_thread_blocked, id=2444, stack(0x00000054c5f00000,0x00000054c6000000)]
  0x00000172af293800 JavaThread "Incoming local TCP Connector on port 54254" [_thread_in_native, id=5644, stack(0x00000054c5d00000,0x00000054c5e00000)]
  0x00000172af69b000 JavaThread "Daemon periodic checks" [_thread_blocked, id=8964, stack(0x00000054c6000000,0x00000054c6100000)]
  0x00000172afb97000 JavaThread "Cache worker for file hash cache (C:\Users\Mr.D\.gradle\caches\7.0.2\fileHashes)" [_thread_blocked, id=2832, stack(0x00000054c6a00000,0x00000054c6b00000)]
  0x00000172afb95800 JavaThread "File lock request listener" [_thread_in_native, id=9048, stack(0x00000054c6b00000,0x00000054c6c00000)]
  0x00000172afb97800 JavaThread "Cache worker for journal cache (C:\Users\Mr.D\.gradle\caches\journal-1)" [_thread_blocked, id=8748, stack(0x00000054c6c00000,0x00000054c6d00000)]
  0x00000172afb99800 JavaThread "File watcher server" daemon [_thread_blocked, id=8692, stack(0x00000054c6e00000,0x00000054c6f00000)]
  0x00000172afb9a000 JavaThread "File watcher consumer" daemon [_thread_blocked, id=4260, stack(0x00000054c6f00000,0x00000054c7000000)]
  0x00000172af632800 JavaThread "Cache worker for execution history cache (C:\Users\Mr.D\.gradle\caches\7.0.2\executionHistory)" [_thread_blocked, id=7972, stack(0x00000054c7300000,0x00000054c7400000)]
  0x00000172af635000 JavaThread "jar transforms" [_thread_blocked, id=4156, stack(0x00000054c7500000,0x00000054c7600000)]
  0x00000172af637800 JavaThread "jar transforms Thread 2" [_thread_blocked, id=8724, stack(0x00000054c7600000,0x00000054c7700000)]
  0x00000172af638000 JavaThread "Cache worker for file content cache (C:\Users\Mr.D\.gradle\caches\7.0.2\fileContent)" [_thread_blocked, id=3392, stack(0x00000054c7800000,0x00000054c7900000)]
  0x00000172af639800 JavaThread "jar transforms Thread 3" [_thread_blocked, id=3624, stack(0x00000054c7a00000,0x00000054c7b00000)]
  0x00000172af640800 JavaThread "jar transforms Thread 4" [_thread_blocked, id=9108, stack(0x00000054c8000000,0x00000054c8100000)]
  0x00000172af63e800 JavaThread "Memory manager" [_thread_blocked, id=2348, stack(0x00000054c8100000,0x00000054c8200000)]
  0x00000172af641000 JavaThread "pool-3-thread-1" [_thread_blocked, id=9156, stack(0x00000054c7b00000,0x00000054c7c00000)]
  0x00000172b14c9000 JavaThread "Cache worker for Java compile cache (C:\Users\Mr.D\.gradle\caches\7.0.2\javaCompile)" [_thread_blocked, id=7280, stack(0x00000054c6600000,0x00000054c6700000)]
  0x00000172b14ca000 JavaThread "ForkJoinPool.commonPool-worker-3" daemon [_thread_blocked, id=8768, stack(0x00000054c8f00000,0x00000054c9000000)]
  0x00000172b14cb800 JavaThread "ForkJoinPool.commonPool-worker-5" daemon [_thread_blocked, id=2156, stack(0x00000054c9000000,0x00000054c9100000)]
  0x00000172b14c4800 JavaThread "Daemon Thread 2" [_thread_blocked, id=2272, stack(0x00000054c4900000,0x00000054c4a00000)]
  0x00000172b14c3800 JavaThread "Handler for socket connection from /127.0.0.1:54254 to /127.0.0.1:49861" [_thread_in_native, id=7748, stack(0x00000054c4a00000,0x00000054c4b00000)]
  0x00000172b14c2000 JavaThread "Cancel handler" [_thread_blocked, id=3196, stack(0x00000054c4b00000,0x00000054c4c00000)]
  0x00000172b14c6000 JavaThread "Daemon worker Thread 2" [_thread_blocked, id=7156, stack(0x00000054c6100000,0x00000054c6200000)]
  0x00000172b14c0000 JavaThread "Asynchronous log dispatcher for DefaultDaemonConnection: socket connection from /127.0.0.1:54254 to /127.0.0.1:49861" [_thread_blocked, id=2796, stack(0x00000054c6200000,0x00000054c6300000)]
  0x00000172b14c2800 JavaThread "Stdin handler" [_thread_blocked, id=8848, stack(0x00000054c6300000,0x00000054c6400000)]
  0x00000172b14cc800 JavaThread "Daemon client event forwarder" [_thread_blocked, id=8580, stack(0x00000054c6400000,0x00000054c6500000)]
  0x00000172b14c7000 JavaThread "Cache worker for file hash cache (E:\Mr.D\Backups\Files\TimeTable-main\TimeTable-main\.gradle\7.0.2\fileHashes)" [_thread_blocked, id=3112, stack(0x00000054c6500000,0x00000054c6600000)]
  0x00000172b14cd800 JavaThread "Cache worker for checksums cache (E:\Mr.D\Backups\Files\TimeTable-main\TimeTable-main\.gradle\checksums)" [_thread_blocked, id=9004, stack(0x00000054c6700000,0x00000054c6800000)]
  0x00000172b14c7800 JavaThread "Cache worker for cache directory md-supplier (C:\Users\Mr.D\.gradle\caches\7.0.2\md-supplier)" [_thread_blocked, id=7864, stack(0x00000054c6d00000,0x00000054c6e00000)]
  0x00000172b14cb000 JavaThread "Cache worker for cache directory md-rule (C:\Users\Mr.D\.gradle\caches\7.0.2\md-rule)" [_thread_blocked, id=5104, stack(0x00000054c7000000,0x00000054c7100000)]
  0x00000172b14ce000 JavaThread "Cache worker for dependencies-accessors (E:\Mr.D\Backups\Files\TimeTable-main\TimeTable-main\.gradle\7.0.2\dependencies-accessors)" [_thread_blocked, id=3536, stack(0x00000054c7100000,0x00000054c7200000)]
  0x00000172b14c8800 JavaThread "Cache worker for Build Output Cleanup Cache (E:\Mr.D\Backups\Files\TimeTable-main\TimeTable-main\.gradle\buildOutputCleanup)" [_thread_blocked, id=6716, stack(0x00000054c7200000,0x00000054c7300000)]
  0x00000172b14cf000 JavaThread "Build operations" [_thread_blocked, id=3300, stack(0x00000054c7400000,0x00000054c7500000)]
  0x00000172af636800 JavaThread "Build operations Thread 2" [_thread_blocked, id=124, stack(0x00000054c7700000,0x00000054c7800000)]
  0x00000172af633000 JavaThread "Build operations Thread 3" [_thread_blocked, id=3620, stack(0x00000054c7900000,0x00000054c7a00000)]
  0x00000172af63a800 JavaThread "Build operations Thread 4" [_thread_blocked, id=2552, stack(0x00000054c7c00000,0x00000054c7d00000)]

Other Threads:
=>0x00000172ac973800 VMThread "VM Thread" [stack: 0x00000054c5200000,0x00000054c5300000] [id=8788]
  0x00000172ad46b800 WatcherThread [stack: 0x00000054c5c00000,0x00000054c5d00000] [id=6540]
  0x0000017292e07800 GCTaskThread "GC Thread#0" [stack: 0x00000054c4d00000,0x00000054c4e00000] [id=8356]
  0x00000172adebc000 GCTaskThread "GC Thread#1" [stack: 0x00000054c5e00000,0x00000054c5f00000] [id=4992]
  0x00000172ae64b000 GCTaskThread "GC Thread#2" [stack: 0x00000054c6800000,0x00000054c6900000] [id=3784]
  0x00000172ae64c000 GCTaskThread "GC Thread#3" [stack: 0x00000054c6900000,0x00000054c6a00000] [id=5592]
  0x0000017292e37000 ConcurrentGCThread "G1 Main Marker" [stack: 0x00000054c4e00000,0x00000054c4f00000] [id=2100]
  0x0000017292e38800 ConcurrentGCThread "G1 Conc#0" [stack: 0x00000054c4f00000,0x00000054c5000000] [id=1664]
  0x0000017292e7f800 ConcurrentGCThread "G1 Refine#0" [stack: 0x00000054c5000000,0x00000054c5100000] [id=3280]
  0x0000017292e80800 ConcurrentGCThread "G1 Young RemSet Sampling" [stack: 0x00000054c5100000,0x00000054c5200000] [id=1348]

Threads with active compile tasks:
C2 CompilerThread0 235746 14176       4       java.lang.reflect.AccessibleObject::checkCanSetAccessible (386 bytes)
C1 CompilerThread0 235746 14214       3       org.gradle.api.internal.file.collections.DefaultConfigurableFileCollection$UnresolvedItemsCollector::visitContents (54 bytes)

VM state:at safepoint (normal execution)

VM Mutex/Monitor currently owned by a thread:  ([mutex/lock_event])
[0x0000017292de90a0] Threads_lock - owner thread: 0x00000172ac973800
[0x0000017292de9be0] Heap_lock - owner thread: 0x00000172b14c6000

Heap address: 0x0000000080000000, size: 2048 MB, Compressed Oops mode: 32-bit
Narrow klass base: 0x0000000000000000, Narrow klass shift: 3
Compressed class space size: 1073741824 Address: 0x0000000100000000

Heap:
 garbage-first heap   total 230400K, used 87099K [0x0000000080000000, 0x0000000100000000)
  region size 1024K, 1 young (1024K), 1 survivors (1024K)
 Metaspace       used 114566K, capacity 117581K, committed 117888K, reserved 1150976K
  class space    used 14722K, capacity 15888K, committed 16000K, reserved 1048576K
Heap Regions: E=young(eden), S=young(survivor), O=old, HS=humongous(starts), HC=humongous(continues), CS=collection set, F=free, A=archive, TAMS=top-at-mark-start (previous, next)
|   0|0x0000000080000000, 0x0000000080100000, 0x0000000080100000|100%| O|  |TAMS 0x0000000080100000, 0x0000000080000000| Complete 
|   1|0x0000000080100000, 0x0000000080200000, 0x0000000080200000|100%| O|  |TAMS 0x0000000080200000, 0x0000000080100000| Untracked 
|   2|0x0000000080200000, 0x0000000080300000, 0x0000000080300000|100%| O|  |TAMS 0x0000000080300000, 0x0000000080200000| Complete 
|   3|0x0000000080300000, 0x0000000080400000, 0x0000000080400000|100%|HS|  |TAMS 0x0000000080400000, 0x0000000080300000| Complete 
|   4|0x0000000080400000, 0x0000000080500000, 0x0000000080500000|100%|HC|  |TAMS 0x0000000080500000, 0x0000000080400000| Complete 
|   5|0x0000000080500000, 0x0000000080600000, 0x0000000080600000|100%|HC|  |TAMS 0x0000000080600000, 0x0000000080500000| Complete 
|   6|0x0000000080600000, 0x0000000080700000, 0x0000000080700000|100%| O|  |TAMS 0x0000000080700000, 0x0000000080600000| Untracked 
|   7|0x0000000080700000, 0x0000000080800000, 0x0000000080800000|100%| O|  |TAMS 0x0000000080800000, 0x0000000080700000| Untracked 
|   8|0x0000000080800000, 0x0000000080900000, 0x0000000080900000|100%| O|  |TAMS 0x0000000080900000, 0x0000000080800000| Untracked 
|   9|0x0000000080900000, 0x0000000080a00000, 0x0000000080a00000|100%| O|  |TAMS 0x0000000080a00000, 0x0000000080900000| Complete 
|  10|0x0000000080a00000, 0x0000000080b00000, 0x0000000080b00000|100%| O|  |TAMS 0x0000000080b00000, 0x0000000080a00000| Untracked 
|  11|0x0000000080b00000, 0x0000000080c00000, 0x0000000080c00000|100%| O|  |TAMS 0x0000000080c00000, 0x0000000080b00000| Untracked 
|  12|0x0000000080c00000, 0x0000000080d00000, 0x0000000080d00000|100%| O|  |TAMS 0x0000000080d00000, 0x0000000080c00000| Untracked 
|  13|0x0000000080d00000, 0x0000000080e00000, 0x0000000080e00000|100%| O|  |TAMS 0x0000000080e00000, 0x0000000080d00000| Untracked 
|  14|0x0000000080e00000, 0x0000000080f00000, 0x0000000080f00000|100%| O|  |TAMS 0x0000000080f00000, 0x0000000080e00000| Untracked 
|  15|0x0000000080f00000, 0x0000000081000000, 0x0000000081000000|100%| O|  |TAMS 0x0000000081000000, 0x0000000080f00000| Untracked 
|  16|0x0000000081000000, 0x0000000081100000, 0x0000000081100000|100%| O|  |TAMS 0x0000000081100000, 0x0000000081000000| Untracked 
|  17|0x0000000081100000, 0x0000000081200000, 0x0000000081200000|100%| O|  |TAMS 0x0000000081200000, 0x0000000081100000| Complete 
|  18|0x0000000081200000, 0x0000000081300000, 0x0000000081300000|100%| O|  |TAMS 0x0000000081300000, 0x0000000081200000| Untracked 
|  19|0x0000000081300000, 0x0000000081400000, 0x0000000081400000|100%| O|  |TAMS 0x0000000081400000, 0x0000000081300000| Untracked 
|  20|0x0000000081400000, 0x0000000081500000, 0x0000000081500000|100%| O|  |TAMS 0x0000000081500000, 0x0000000081400000| Untracked 
|  21|0x0000000081500000, 0x0000000081600000, 0x0000000081600000|100%| O|  |TAMS 0x0000000081600000, 0x0000000081500000| Untracked 
|  22|0x0000000081600000, 0x0000000081700000, 0x0000000081700000|100%| O|  |TAMS 0x0000000081700000, 0x0000000081600000| Untracked 
|  23|0x0000000081700000, 0x0000000081800000, 0x0000000081800000|100%| O|  |TAMS 0x0000000081800000, 0x0000000081700000| Untracked 
|  24|0x0000000081800000, 0x0000000081900000, 0x0000000081900000|100%| O|  |TAMS 0x0000000081900000, 0x0000000081800000| Untracked 
|  25|0x0000000081900000, 0x0000000081a00000, 0x0000000081a00000|100%| O|  |TAMS 0x0000000081a00000, 0x0000000081900000| Untracked 
|  26|0x0000000081a00000, 0x0000000081b00000, 0x0000000081b00000|100%| O|  |TAMS 0x0000000081b00000, 0x0000000081a00000| Complete 
|  27|0x0000000081b00000, 0x0000000081c00000, 0x0000000081c00000|100%| O|  |TAMS 0x0000000081c00000, 0x0000000081b00000| Untracked 
|  28|0x0000000081c00000, 0x0000000081d00000, 0x0000000081d00000|100%| O|  |TAMS 0x0000000081d00000, 0x0000000081c00000| Complete 
|  29|0x0000000081d00000, 0x0000000081e00000, 0x0000000081e00000|100%|HS|  |TAMS 0x0000000081e00000, 0x0000000081d00000| Complete 
|  30|0x0000000081e00000, 0x0000000081f00000, 0x0000000081f00000|100%| O|  |TAMS 0x0000000081f00000, 0x0000000081e00000| Complete 
|  31|0x0000000081f00000, 0x0000000082000000, 0x0000000082000000|100%|HS|  |TAMS 0x0000000082000000, 0x0000000081f00000| Complete 
|  32|0x0000000082000000, 0x0000000082100000, 0x0000000082100000|100%| O|  |TAMS 0x0000000082100000, 0x0000000082000000| Untracked 
|  33|0x0000000082100000, 0x0000000082200000, 0x0000000082200000|100%| O|  |TAMS 0x0000000082200000, 0x0000000082100000| Complete 
|  34|0x0000000082200000, 0x0000000082300000, 0x0000000082300000|100%| O|  |TAMS 0x0000000082300000, 0x0000000082200000| Untracked 
|  35|0x0000000082300000, 0x0000000082400000, 0x0000000082400000|100%|HS|  |TAMS 0x0000000082400000, 0x0000000082300000| Complete 
|  36|0x0000000082400000, 0x0000000082500000, 0x0000000082500000|100%|HC|  |TAMS 0x0000000082500000, 0x0000000082400000| Complete 
|  37|0x0000000082500000, 0x0000000082600000, 0x0000000082600000|100%| O|  |TAMS 0x0000000082600000, 0x0000000082500000| Untracked 
|  38|0x0000000082600000, 0x0000000082700000, 0x0000000082700000|100%| O|  |TAMS 0x0000000082700000, 0x0000000082600000| Untracked 
|  39|0x0000000082700000, 0x0000000082800000, 0x0000000082800000|100%| O|  |TAMS 0x0000000082800000, 0x0000000082700000| Untracked 
|  40|0x0000000082800000, 0x0000000082900000, 0x0000000082900000|100%| O|  |TAMS 0x0000000082900000, 0x0000000082800000| Complete 
|  41|0x0000000082900000, 0x0000000082a00000, 0x0000000082a00000|100%| O|  |TAMS 0x0000000082a00000, 0x0000000082900000| Untracked 
|  42|0x0000000082a00000, 0x0000000082b00000, 0x0000000082b00000|100%| O|  |TAMS 0x0000000082b00000, 0x0000000082a00000| Complete 
|  43|0x0000000082b00000, 0x0000000082c00000, 0x0000000082c00000|100%| O|  |TAMS 0x0000000082c00000, 0x0000000082b00000| Complete 
|  44|0x0000000082c00000, 0x0000000082d00000, 0x0000000082d00000|100%| O|  |TAMS 0x0000000082d00000, 0x0000000082c00000| Untracked 
|  45|0x0000000082d00000, 0x0000000082e00000, 0x0000000082e00000|100%| O|  |TAMS 0x0000000082e00000, 0x0000000082d00000| Complete 
|  46|0x0000000082e00000, 0x0000000082f00000, 0x0000000082f00000|100%| O|  |TAMS 0x0000000082f00000, 0x0000000082e00000| Complete 
|  47|0x0000000082f00000, 0x0000000083000000, 0x0000000083000000|100%| O|  |TAMS 0x0000000083000000, 0x0000000082f00000| Complete 
|  48|0x0000000083000000, 0x0000000083100000, 0x0000000083100000|100%| O|  |TAMS 0x0000000083100000, 0x0000000083000000| Untracked 
|  49|0x0000000083100000, 0x0000000083200000, 0x0000000083200000|100%| O|  |TAMS 0x0000000083200000, 0x0000000083100000| Untracked 
|  50|0x0000000083200000, 0x0000000083300000, 0x0000000083300000|100%| O|  |TAMS 0x0000000083300000, 0x0000000083200000| Untracked 
|  51|0x0000000083300000, 0x0000000083400000, 0x0000000083400000|100%| O|  |TAMS 0x0000000083400000, 0x0000000083300000| Complete 
|  52|0x0000000083400000, 0x0000000083500000, 0x0000000083500000|100%| O|  |TAMS 0x0000000083500000, 0x0000000083400000| Complete 
|  53|0x0000000083500000, 0x0000000083600000, 0x0000000083600000|100%| O|  |TAMS 0x0000000083600000, 0x0000000083500000| Complete 
|  54|0x0000000083600000, 0x0000000083700000, 0x0000000083700000|100%| O|  |TAMS 0x0000000083700000, 0x0000000083600000| Complete 
|  55|0x0000000083700000, 0x0000000083800000, 0x0000000083800000|100%| O|  |TAMS 0x0000000083800000, 0x0000000083700000| Complete 
|  56|0x0000000083800000, 0x0000000083900000, 0x0000000083900000|100%| O|  |TAMS 0x0000000083900000, 0x0000000083800000| Complete 
|  57|0x0000000083900000, 0x0000000083a00000, 0x0000000083a00000|100%| O|  |TAMS 0x0000000083a00000, 0x0000000083900000| Complete 
|  58|0x0000000083a00000, 0x0000000083b00000, 0x0000000083b00000|100%| O|  |TAMS 0x0000000083b00000, 0x0000000083a00000| Untracked 
|  59|0x0000000083b00000, 0x0000000083c00000, 0x0000000083c00000|100%| O|  |TAMS 0x0000000083c00000, 0x0000000083b00000| Untracked 
|  60|0x0000000083c00000, 0x0000000083d00000, 0x0000000083d00000|100%| O|  |TAMS 0x0000000083d00000, 0x0000000083c00000| Untracked 
|  61|0x0000000083d00000, 0x0000000083e00000, 0x0000000083e00000|100%| O|  |TAMS 0x0000000083e00000, 0x0000000083d00000| Complete 
|  62|0x0000000083e00000, 0x0000000083f00000, 0x0000000083f00000|100%| O|  |TAMS 0x0000000083f00000, 0x0000000083e00000| Complete 
|  63|0x0000000083f00000, 0x0000000084000000, 0x0000000084000000|100%| O|  |TAMS 0x0000000084000000, 0x0000000083f00000| Complete 
|  64|0x0000000084000000, 0x0000000084100000, 0x0000000084100000|100%| O|  |TAMS 0x0000000084100000, 0x0000000084000000| Untracked 
|  65|0x0000000084100000, 0x0000000084200000, 0x0000000084200000|100%| O|  |TAMS 0x0000000084200000, 0x0000000084100000| Complete 
|  66|0x0000000084200000, 0x0000000084300000, 0x0000000084300000|100%| O|  |TAMS 0x0000000084300000, 0x0000000084200000| Untracked 
|  67|0x0000000084300000, 0x0000000084400000, 0x0000000084400000|100%| O|  |TAMS 0x0000000084400000, 0x0000000084300000| Complete 
|  68|0x0000000084400000, 0x0000000084500000, 0x0000000084500000|100%| O|  |TAMS 0x0000000084500000, 0x0000000084400000| Untracked 
|  69|0x0000000084500000, 0x0000000084600000, 0x0000000084600000|100%| O|  |TAMS 0x0000000084600000, 0x0000000084500000| Complete 
|  70|0x0000000084600000, 0x0000000084700000, 0x0000000084700000|100%| O|  |TAMS 0x0000000084700000, 0x0000000084600000| Complete 
|  71|0x0000000084700000, 0x0000000084800000, 0x0000000084800000|100%| O|  |TAMS 0x0000000084800000, 0x0000000084700000| Complete 
|  72|0x0000000084800000, 0x0000000084900000, 0x0000000084900000|100%| O|  |TAMS 0x0000000084900000, 0x0000000084800000| Complete 
|  73|0x0000000084900000, 0x0000000084900000, 0x0000000084a00000|  0%| F|  |TAMS 0x0000000084900000, 0x0000000084900000| Untracked 
|  74|0x0000000084a00000, 0x0000000084a00000, 0x0000000084b00000|  0%| F|  |TAMS 0x0000000084a00000, 0x0000000084a00000| Untracked 
|  75|0x0000000084b00000, 0x0000000084b00000, 0x0000000084c00000|  0%| F|  |TAMS 0x0000000084b00000, 0x0000000084b00000| Untracked 
|  76|0x0000000084c00000, 0x0000000084d00000, 0x0000000084d00000|100%| O|  |TAMS 0x0000000084d00000, 0x0000000084c00000| Complete 
|  77|0x0000000084d00000, 0x0000000084e00000, 0x0000000084e00000|100%| O|  |TAMS 0x0000000084e00000, 0x0000000084d00000| Untracked 
|  78|0x0000000084e00000, 0x0000000084f00000, 0x0000000084f00000|100%| O|  |TAMS 0x0000000084f00000, 0x0000000084e00000| Complete 
|  79|0x0000000084f00000, 0x0000000084f00000, 0x0000000085000000|  0%| F|  |TAMS 0x0000000084f00000, 0x0000000084f00000| Untracked 
|  80|0x0000000085000000, 0x0000000085100000, 0x0000000085100000|100%| O|  |TAMS 0x0000000085000000, 0x0000000085000000| Untracked 
|  81|0x0000000085100000, 0x0000000085200000, 0x0000000085200000|100%| O|  |TAMS 0x0000000085100000, 0x0000000085100000| Untracked 
|  82|0x0000000085200000, 0x000000008520ee00, 0x0000000085300000|  5%| O|  |TAMS 0x0000000085200000, 0x0000000085200000| Untracked 
|  83|0x0000000085300000, 0x0000000085300000, 0x0000000085400000|  0%| F|  |TAMS 0x0000000085300000, 0x0000000085300000| Untracked 
|  84|0x0000000085400000, 0x0000000085500000, 0x0000000085500000|100%| O|  |TAMS 0x0000000085500000, 0x0000000085400000| Untracked 
|  85|0x0000000085500000, 0x0000000085500000, 0x0000000085600000|  0%| F|  |TAMS 0x0000000085500000, 0x0000000085500000| Untracked 
|  86|0x0000000085600000, 0x0000000085700000, 0x0000000085700000|100%| O|  |TAMS 0x0000000085700000, 0x0000000085600000| Complete 
|  87|0x0000000085700000, 0x0000000085700000, 0x0000000085800000|  0%| F|  |TAMS 0x0000000085700000, 0x0000000085700000| Untracked 
|  88|0x0000000085800000, 0x0000000085900000, 0x0000000085900000|100%| O|  |TAMS 0x0000000085900000, 0x0000000085800000| Complete 
|  89|0x0000000085900000, 0x0000000085a00000, 0x0000000085a00000|100%| O|  |TAMS 0x0000000085a00000, 0x0000000085900000| Complete 
|  90|0x0000000085a00000, 0x0000000085b00000, 0x0000000085b00000|100%| O|  |TAMS 0x0000000085adcc00, 0x0000000085a00000| Untracked 
|  91|0x0000000085b00000, 0x0000000085b00000, 0x0000000085c00000|  0%| F|  |TAMS 0x0000000085b00000, 0x0000000085b00000| Untracked 
|  92|0x0000000085c00000, 0x0000000085c00000, 0x0000000085d00000|  0%| F|  |TAMS 0x0000000085c00000, 0x0000000085c00000| Untracked 
|  93|0x0000000085d00000, 0x0000000085d00000, 0x0000000085e00000|  0%| F|  |TAMS 0x0000000085d00000, 0x0000000085d00000| Untracked 
|  94|0x0000000085e00000, 0x0000000085e00000, 0x0000000085f00000|  0%| F|  |TAMS 0x0000000085e00000, 0x0000000085e00000| Untracked 
|  95|0x0000000085f00000, 0x0000000085f00000, 0x0000000086000000|  0%| F|  |TAMS 0x0000000085f00000, 0x0000000085f00000| Untracked 
|  96|0x0000000086000000, 0x0000000086000000, 0x0000000086100000|  0%| F|  |TAMS 0x0000000086000000, 0x0000000086000000| Untracked 
|  97|0x0000000086100000, 0x0000000086100000, 0x0000000086200000|  0%| F|  |TAMS 0x0000000086100000, 0x0000000086100000| Untracked 
|  98|0x0000000086200000, 0x0000000086200000, 0x0000000086300000|  0%| F|  |TAMS 0x0000000086200000, 0x0000000086200000| Untracked 
|  99|0x0000000086300000, 0x0000000086300000, 0x0000000086400000|  0%| F|  |TAMS 0x0000000086300000, 0x0000000086300000| Untracked 
| 100|0x0000000086400000, 0x0000000086400000, 0x0000000086500000|  0%| F|  |TAMS 0x0000000086400000, 0x0000000086400000| Untracked 
| 101|0x0000000086500000, 0x0000000086500000, 0x0000000086600000|  0%| F|  |TAMS 0x0000000086500000, 0x0000000086500000| Untracked 
| 102|0x0000000086600000, 0x0000000086600000, 0x0000000086700000|  0%| F|  |TAMS 0x0000000086600000, 0x0000000086600000| Untracked 
| 103|0x0000000086700000, 0x0000000086700000, 0x0000000086800000|  0%| F|  |TAMS 0x0000000086700000, 0x0000000086700000| Untracked 
| 104|0x0000000086800000, 0x0000000086900000, 0x0000000086900000|100%| O|  |TAMS 0x0000000086900000, 0x0000000086800000| Untracked 
| 105|0x0000000086900000, 0x0000000086900000, 0x0000000086a00000|  0%| F|  |TAMS 0x0000000086900000, 0x0000000086900000| Untracked 
| 106|0x0000000086a00000, 0x0000000086a00000, 0x0000000086b00000|  0%| F|  |TAMS 0x0000000086a00000, 0x0000000086a00000| Untracked 
| 107|0x0000000086b00000, 0x0000000086b00000, 0x0000000086c00000|  0%| F|  |TAMS 0x0000000086b00000, 0x0000000086b00000| Untracked 
| 108|0x0000000086c00000, 0x0000000086c00000, 0x0000000086d00000|  0%| F|  |TAMS 0x0000000086c00000, 0x0000000086c00000| Untracked 
| 109|0x0000000086d00000, 0x0000000086d00000, 0x0000000086e00000|  0%| F|  |TAMS 0x0000000086d00000, 0x0000000086d00000| Untracked 
| 110|0x0000000086e00000, 0x0000000086e00000, 0x0000000086f00000|  0%| F|  |TAMS 0x0000000086e00000, 0x0000000086e00000| Untracked 
| 111|0x0000000086f00000, 0x0000000086f00000, 0x0000000087000000|  0%| F|  |TAMS 0x0000000086f00000, 0x0000000086f00000| Untracked 
| 112|0x0000000087000000, 0x0000000087000000, 0x0000000087100000|  0%| F|  |TAMS 0x0000000087000000, 0x0000000087000000| Untracked 
| 113|0x0000000087100000, 0x0000000087100000, 0x0000000087200000|  0%| F|  |TAMS 0x0000000087100000, 0x0000000087100000| Untracked 
| 114|0x0000000087200000, 0x0000000087200000, 0x0000000087300000|  0%| F|  |TAMS 0x0000000087200000, 0x0000000087200000| Untracked 
| 115|0x0000000087300000, 0x0000000087300000, 0x0000000087400000|  0%| F|  |TAMS 0x0000000087300000, 0x0000000087300000| Untracked 
| 116|0x0000000087400000, 0x0000000087400000, 0x0000000087500000|  0%| F|  |TAMS 0x0000000087400000, 0x0000000087400000| Untracked 
| 117|0x0000000087500000, 0x0000000087500000, 0x0000000087600000|  0%| F|  |TAMS 0x0000000087500000, 0x0000000087500000| Untracked 
| 118|0x0000000087600000, 0x0000000087600000, 0x0000000087700000|  0%| F|  |TAMS 0x0000000087600000, 0x0000000087600000| Untracked 
| 119|0x0000000087700000, 0x0000000087700000, 0x0000000087800000|  0%| F|  |TAMS 0x0000000087700000, 0x0000000087700000| Untracked 
| 120|0x0000000087800000, 0x0000000087800000, 0x0000000087900000|  0%| F|  |TAMS 0x0000000087800000, 0x0000000087800000| Untracked 
| 121|0x0000000087900000, 0x0000000087900000, 0x0000000087a00000|  0%| F|  |TAMS 0x0000000087900000, 0x0000000087900000| Untracked 
| 122|0x0000000087a00000, 0x0000000087a00000, 0x0000000087b00000|  0%| F|  |TAMS 0x0000000087a00000, 0x0000000087a00000| Untracked 
| 123|0x0000000087b00000, 0x0000000087b00000, 0x0000000087c00000|  0%| F|  |TAMS 0x0000000087b00000, 0x0000000087b00000| Untracked 
| 124|0x0000000087c00000, 0x0000000087c00000, 0x0000000087d00000|  0%| F|  |TAMS 0x0000000087c00000, 0x0000000087c00000| Untracked 
| 125|0x0000000087d00000, 0x0000000087d00000, 0x0000000087e00000|  0%| F|  |TAMS 0x0000000087d00000, 0x0000000087d00000| Untracked 
| 126|0x0000000087e00000, 0x0000000087e00000, 0x0000000087f00000|  0%| F|  |TAMS 0x0000000087e00000, 0x0000000087e00000| Untracked 
| 127|0x0000000087f00000, 0x0000000087f00000, 0x0000000088000000|  0%| F|  |TAMS 0x0000000087f00000, 0x0000000087f00000| Untracked 
| 128|0x0000000088000000, 0x0000000088000000, 0x0000000088100000|  0%| F|  |TAMS 0x0000000088000000, 0x0000000088000000| Untracked 
| 129|0x0000000088100000, 0x0000000088100000, 0x0000000088200000|  0%| F|  |TAMS 0x0000000088100000, 0x0000000088100000| Untracked 
| 130|0x0000000088200000, 0x0000000088200000, 0x0000000088300000|  0%| F|  |TAMS 0x0000000088200000, 0x0000000088200000| Untracked 
| 131|0x0000000088300000, 0x0000000088300000, 0x0000000088400000|  0%| F|  |TAMS 0x0000000088300000, 0x0000000088300000| Untracked 
| 132|0x0000000088400000, 0x0000000088400000, 0x0000000088500000|  0%| F|  |TAMS 0x0000000088400000, 0x0000000088400000| Untracked 
| 133|0x0000000088500000, 0x0000000088500000, 0x0000000088600000|  0%| F|  |TAMS 0x0000000088500000, 0x0000000088500000| Untracked 
| 134|0x0000000088600000, 0x0000000088600000, 0x0000000088700000|  0%| F|  |TAMS 0x0000000088600000, 0x0000000088600000| Untracked 
| 135|0x0000000088700000, 0x0000000088800000, 0x0000000088800000|100%| S|CS|TAMS 0x0000000088700000, 0x0000000088700000| Complete 
| 136|0x0000000088800000, 0x0000000088800000, 0x0000000088900000|  0%| F|  |TAMS 0x0000000088800000, 0x0000000088800000| Untracked 
| 137|0x0000000088900000, 0x0000000088900000, 0x0000000088a00000|  0%| F|  |TAMS 0x0000000088900000, 0x0000000088900000| Untracked 
| 138|0x0000000088a00000, 0x0000000088a00000, 0x0000000088b00000|  0%| F|  |TAMS 0x0000000088a00000, 0x0000000088a00000| Untracked 
| 139|0x0000000088b00000, 0x0000000088b00000, 0x0000000088c00000|  0%| F|  |TAMS 0x0000000088b00000, 0x0000000088b00000| Untracked 
| 140|0x0000000088c00000, 0x0000000088c00000, 0x0000000088d00000|  0%| F|  |TAMS 0x0000000088c00000, 0x0000000088c00000| Untracked 
| 141|0x0000000088d00000, 0x0000000088d00000, 0x0000000088e00000|  0%| F|  |TAMS 0x0000000088d00000, 0x0000000088d00000| Untracked 
| 142|0x0000000088e00000, 0x0000000088e00000, 0x0000000088f00000|  0%| F|  |TAMS 0x0000000088e00000, 0x0000000088e00000| Untracked 

Card table byte_map: [0x00000172a5cd0000,0x00000172a60d0000] _byte_map_base: 0x00000172a58d0000

Marking Bits (Prev, Next): (CMBitMap*) 0x0000017292e2e250, (CMBitMap*) 0x0000017292e2e218
 Prev Bits: [0x00000172a84d0000, 0x00000172aa4d0000)
 Next Bits: [0x00000172a64d0000, 0x00000172a84d0000)

Polling page: 0x0000017290c80000

Metaspace:

Usage:
  Non-class:     99.31 MB capacity,    97.50 MB ( 98%) used,     1.46 MB (  1%) free+waste,   353.94 KB ( <1%) overhead. 
      Class:     15.52 MB capacity,    14.38 MB ( 93%) used,  1005.42 KB (  6%) free+waste,   160.06 KB (  1%) overhead. 
       Both:    114.83 MB capacity,   111.88 MB ( 97%) used,     2.44 MB (  2%) free+waste,   514.00 KB ( <1%) overhead. 

Virtual space:
  Non-class space:      100.00 MB reserved,      99.50 MB (>99%) committed 
      Class space:        1.00 GB reserved,      15.63 MB (  2%) committed 
             Both:        1.10 GB reserved,     115.13 MB ( 10%) committed 

Chunk freelists:
   Non-Class:  3.00 KB
       Class:  16.00 KB
        Both:  19.00 KB

MaxMetaspaceSize: 17179869184.00 GB
CompressedClassSpaceSize: 1.00 GB

CodeHeap 'non-profiled nmethods': size=120064Kb used=8695Kb max_used=8695Kb free=111368Kb
 bounds [0x000001729e390000, 0x000001729ec10000, 0x00000172a58d0000]
CodeHeap 'profiled nmethods': size=120000Kb used=30864Kb max_used=30864Kb free=89135Kb
 bounds [0x0000017296e60000, 0x0000017298c90000, 0x000001729e390000]
CodeHeap 'non-nmethods': size=5696Kb used=2338Kb max_used=2385Kb free=3357Kb
 bounds [0x00000172968d0000, 0x0000017296b40000, 0x0000017296e60000]
 total_blobs=15029 nmethods=14067 adapters=874
 compilation: enabled
              stopped_count=0, restarted_count=0
 full_count=0

Compilation events (20 events):
Event: 230.439 Thread 0x00000172ac9e5000 nmethod 14209 0x0000017298c81a90 code [0x0000017298c81ca0, 0x0000017298c82258]
Event: 230.439 Thread 0x00000172ac9e5000 14203       1       org.gradle.api.internal.project.taskfactory.TaskFactory::access$000 (5 bytes)
Event: 230.440 Thread 0x00000172ac9e5000 nmethod 14203 0x000001729ec0ca90 code [0x000001729ec0cc40, 0x000001729ec0ccd8]
Event: 230.440 Thread 0x00000172ac9e5000 14204       1       org.gradle.api.internal.AbstractTask$TaskInfo::access$000 (5 bytes)
Event: 230.440 Thread 0x00000172ac9e5000 nmethod 14204 0x000001729ec0cd90 code [0x000001729ec0cf40, 0x000001729ec0cfd8]
Event: 230.440 Thread 0x00000172ac9e5000 14205       1       org.gradle.api.internal.AbstractTask$TaskInfo::access$100 (5 bytes)
Event: 230.440 Thread 0x00000172ac9e5000 nmethod 14205 0x000001729ec0d090 code [0x000001729ec0d240, 0x000001729ec0d2d8]
Event: 230.440 Thread 0x00000172ac9e5000 14206       1       org.gradle.api.internal.project.taskfactory.TaskClassInfo::getTaskActionFactories (5 bytes)
Event: 230.440 Thread 0x00000172ac9e5000 nmethod 14206 0x000001729ec0d390 code [0x000001729ec0d540, 0x000001729ec0d5f8]
Event: 230.440 Thread 0x00000172ac9e5000 14207       1       org.gradle.api.internal.project.taskfactory.TaskClassInfo::isCacheable (5 bytes)
Event: 230.440 Thread 0x00000172ac9e5000 nmethod 14207 0x000001729ec0d690 code [0x000001729ec0d840, 0x000001729ec0d8f8]
Event: 230.440 Thread 0x00000172ac9e5000 14210       1       org.gradle.api.internal.tasks.DefaultTaskContainer::access$1700 (5 bytes)
Event: 230.441 Thread 0x00000172ac9e5000 nmethod 14210 0x000001729ec0d990 code [0x000001729ec0db40, 0x000001729ec0dbd8]
Event: 230.441 Thread 0x00000172ac9e5000 14212       3       org.gradle.execution.plan.DefaultExecutionPlan::nodeSatisfiesTaskFilter (26 bytes)
Event: 230.441 Thread 0x00000172ac9e5000 nmethod 14212 0x0000017298c82490 code [0x0000017298c82660, 0x0000017298c82a68]
Event: 230.441 Thread 0x00000172ac9e5000 14211       1       org.gradle.api.internal.tasks.DefaultTaskContainer$TaskCreatingProvider::access$1600 (5 bytes)
Event: 230.441 Thread 0x00000172ac9e5000 nmethod 14211 0x000001729ec0dc90 code [0x000001729ec0de40, 0x000001729ec0ded8]
Event: 230.441 Thread 0x00000172ac9e5000 14213       3       java.util.ArrayDeque::grow (165 bytes)
Event: 230.443 Thread 0x00000172ac9e5000 nmethod 14213 0x0000017298c82b90 code [0x0000017298c82dc0, 0x0000017298c83528]
Event: 230.443 Thread 0x00000172ac9e5000 14214       3       org.gradle.api.internal.file.collections.DefaultConfigurableFileCollection$UnresolvedItemsCollector::visitContents (54 bytes)

GC Heap History (20 events):
Event: 97.469 GC heap after
{Heap after GC invocations=93 (full 0):
 garbage-first heap   total 146432K, used 81469K [0x0000000080000000, 0x0000000100000000)
  region size 1024K, 4 young (4096K), 4 survivors (4096K)
 Metaspace       used 90483K, capacity 92704K, committed 92800K, reserved 1130496K
  class space    used 11530K, capacity 12349K, committed 12416K, reserved 1048576K
}
Event: 100.261 GC heap before
{Heap before GC invocations=93 (full 0):
 garbage-first heap   total 146432K, used 103997K [0x0000000080000000, 0x0000000100000000)
  region size 1024K, 28 young (28672K), 4 survivors (4096K)
 Metaspace       used 95997K, capacity 98315K, committed 98432K, reserved 1134592K
  class space    used 12245K, capacity 13090K, committed 13184K, reserved 1048576K
}
Event: 100.284 GC heap after
{Heap after GC invocations=94 (full 0):
 garbage-first heap   total 146432K, used 83026K [0x0000000080000000, 0x0000000100000000)
  region size 1024K, 2 young (2048K), 2 survivors (2048K)
 Metaspace       used 95997K, capacity 98315K, committed 98432K, reserved 1134592K
  class space    used 12245K, capacity 13090K, committed 13184K, reserved 1048576K
}
Event: 104.515 GC heap before
{Heap before GC invocations=95 (full 0):
 garbage-first heap   total 146432K, used 120914K [0x0000000080000000, 0x0000000100000000)
  region size 1024K, 37 young (37888K), 2 survivors (2048K)
 Metaspace       used 97431K, capacity 99850K, committed 100096K, reserved 1136640K
  class space    used 12395K, capacity 13256K, committed 13312K, reserved 1048576K
}
Event: 104.545 GC heap after
{Heap after GC invocations=96 (full 0):
 garbage-first heap   total 146432K, used 93171K [0x0000000080000000, 0x0000000100000000)
  region size 1024K, 5 young (5120K), 5 survivors (5120K)
 Metaspace       used 97431K, capacity 99850K, committed 100096K, reserved 1136640K
  class space    used 12395K, capacity 13256K, committed 13312K, reserved 1048576K
}
Event: 107.949 GC heap before
{Heap before GC invocations=96 (full 0):
 garbage-first heap   total 146432K, used 118771K [0x0000000080000000, 0x0000000100000000)
  region size 1024K, 31 young (31744K), 5 survivors (5120K)
 Metaspace       used 101042K, capacity 103609K, committed 103680K, reserved 1138688K
  class space    used 12871K, capacity 13816K, committed 13824K, reserved 1048576K
}
Event: 107.975 GC heap after
{Heap after GC invocations=97 (full 0):
 garbage-first heap   total 146432K, used 91822K [0x0000000080000000, 0x0000000100000000)
  region size 1024K, 2 young (2048K), 2 survivors (2048K)
 Metaspace       used 101042K, capacity 103609K, committed 103680K, reserved 1138688K
  class space    used 12871K, capacity 13816K, committed 13824K, reserved 1048576K
}
Event: 110.657 GC heap before
{Heap before GC invocations=98 (full 0):
 garbage-first heap   total 146432K, used 118446K [0x0000000080000000, 0x0000000100000000)
  region size 1024K, 29 young (29696K), 2 survivors (2048K)
 Metaspace       used 107592K, capacity 110361K, committed 110464K, reserved 1144832K
  class space    used 13906K, capacity 14970K, committed 14976K, reserved 1048576K
}
Event: 110.670 GC heap after
{Heap after GC invocations=99 (full 0):
 garbage-first heap   total 146432K, used 92979K [0x0000000080000000, 0x0000000100000000)
  region size 1024K, 3 young (3072K), 3 survivors (3072K)
 Metaspace       used 107592K, capacity 110361K, committed 110464K, reserved 1144832K
  class space    used 13906K, capacity 14970K, committed 14976K, reserved 1048576K
}
Event: 112.460 GC heap before
{Heap before GC invocations=99 (full 0):
 garbage-first heap   total 146432K, used 119603K [0x0000000080000000, 0x0000000100000000)
  region size 1024K, 30 young (30720K), 3 survivors (3072K)
 Metaspace       used 110125K, capacity 113080K, committed 113280K, reserved 1146880K
  class space    used 14329K, capacity 15459K, committed 15488K, reserved 1048576K
}
Event: 112.471 GC heap after
{Heap after GC invocations=100 (full 0):
 garbage-first heap   total 146432K, used 93888K [0x0000000080000000, 0x0000000100000000)
  region size 1024K, 3 young (3072K), 3 survivors (3072K)
 Metaspace       used 110125K, capacity 113080K, committed 113280K, reserved 1146880K
  class space    used 14329K, capacity 15459K, committed 15488K, reserved 1048576K
}
Event: 191.612 GC heap before
{Heap before GC invocations=101 (full 0):
 garbage-first heap   total 146432K, used 134848K [0x0000000080000000, 0x0000000100000000)
  region size 1024K, 30 young (30720K), 3 survivors (3072K)
 Metaspace       used 114198K, capacity 117201K, committed 117376K, reserved 1150976K
  class space    used 14721K, capacity 15886K, committed 16000K, reserved 1048576K
}
Event: 198.483 GC heap after
{Heap after GC invocations=102 (full 0):
 garbage-first heap   total 146432K, used 93826K [0x0000000080000000, 0x0000000100000000)
  region size 1024K, 2 young (2048K), 2 survivors (2048K)
 Metaspace       used 114198K, capacity 117201K, committed 117376K, reserved 1150976K
  class space    used 14721K, capacity 15886K, committed 16000K, reserved 1048576K
}
Event: 215.979 GC heap before
{Heap before GC invocations=102 (full 0):
 garbage-first heap   total 146432K, used 97922K [0x0000000080000000, 0x0000000100000000)
  region size 1024K, 7 young (7168K), 2 survivors (2048K)
 Metaspace       used 114256K, capacity 117271K, committed 117632K, reserved 1150976K
  class space    used 14721K, capacity 15886K, committed 16000K, reserved 1048576K
}
Event: 216.115 GC heap after
{Heap after GC invocations=103 (full 0):
 garbage-first heap   total 146432K, used 91568K [0x0000000080000000, 0x0000000100000000)
  region size 1024K, 1 young (1024K), 1 survivors (1024K)
 Metaspace       used 114256K, capacity 117271K, committed 117632K, reserved 1150976K
  class space    used 14721K, capacity 15886K, committed 16000K, reserved 1048576K
}
Event: 220.171 GC heap before
{Heap before GC invocations=103 (full 0):
 garbage-first heap   total 146432K, used 96688K [0x0000000080000000, 0x0000000100000000)
  region size 1024K, 7 young (7168K), 1 survivors (1024K)
 Metaspace       used 114342K, capacity 117345K, committed 117632K, reserved 1150976K
  class space    used 14721K, capacity 15886K, committed 16000K, reserved 1048576K
}
Event: 220.284 GC heap after
{Heap after GC invocations=104 (full 0):
 garbage-first heap   total 146432K, used 91510K [0x0000000080000000, 0x0000000100000000)
  region size 1024K, 1 young (1024K), 1 survivors (1024K)
 Metaspace       used 114342K, capacity 117345K, committed 117632K, reserved 1150976K
  class space    used 14721K, capacity 15886K, committed 16000K, reserved 1048576K
}
Event: 228.201 GC heap before
{Heap before GC invocations=105 (full 0):
 garbage-first heap   total 146432K, used 95606K [0x0000000080000000, 0x0000000100000000)
  region size 1024K, 7 young (7168K), 1 survivors (1024K)
 Metaspace       used 114406K, capacity 117356K, committed 117632K, reserved 1150976K
  class space    used 14719K, capacity 15883K, committed 16000K, reserved 1048576K
}
Event: 228.335 GC heap after
{Heap after GC invocations=106 (full 0):
 garbage-first heap   total 146432K, used 90003K [0x0000000080000000, 0x0000000100000000)
  region size 1024K, 1 young (1024K), 1 survivors (1024K)
 Metaspace       used 114406K, capacity 117356K, committed 117632K, reserved 1150976K
  class space    used 14719K, capacity 15883K, committed 16000K, reserved 1048576K
}
Event: 230.511 GC heap before
{Heap before GC invocations=106 (full 0):
 garbage-first heap   total 146432K, used 96147K [0x0000000080000000, 0x0000000100000000)
  region size 1024K, 7 young (7168K), 1 survivors (1024K)
 Metaspace       used 114566K, capacity 117581K, committed 117888K, reserved 1150976K
  class space    used 14722K, capacity 15888K, committed 16000K, reserved 1048576K
}

Deoptimization events (20 events):
Event: 226.628 Thread 0x00000172ad44e000 DEOPT PACKING pc=0x000001729e4c326c sp=0x00000054c5bff520
Event: 226.628 Thread 0x00000172ad44e000 DEOPT UNPACKING pc=0x00000172968f732f sp=0x00000054c5bff500 mode 2
Event: 228.085 Thread 0x00000172b14c6000 DEOPT PACKING pc=0x0000017297320b79 sp=0x00000054c61f8ae0
Event: 228.085 Thread 0x00000172b14c6000 DEOPT UNPACKING pc=0x00000172968f714e sp=0x00000054c61f7fa8 mode 0
Event: 229.080 Thread 0x00000172b14c6000 Uncommon trap: trap_request=0xffffffbe fr.pc=0x000001729ea12ec4 relative=0x0000000000000ba4
Event: 229.080 Thread 0x00000172b14c6000 Uncommon trap: reason=profile_predicate action=maybe_recompile pc=0x000001729ea12ec4 method=com.google.common.collect.ImmutableSet.construct(I[Ljava/lang/Object;)Lcom/google/common/collect/ImmutableSet; @ 68 c2
Event: 229.080 Thread 0x00000172b14c6000 DEOPT PACKING pc=0x000001729ea12ec4 sp=0x00000054c61f9dc0
Event: 229.080 Thread 0x00000172b14c6000 DEOPT UNPACKING pc=0x00000172968f732f sp=0x00000054c61f9d50 mode 2
Event: 229.084 Thread 0x00000172b14c6000 Uncommon trap: trap_request=0xffffffbe fr.pc=0x000001729ea12ec4 relative=0x0000000000000ba4
Event: 229.084 Thread 0x00000172b14c6000 Uncommon trap: reason=profile_predicate action=maybe_recompile pc=0x000001729ea12ec4 method=com.google.common.collect.ImmutableSet.construct(I[Ljava/lang/Object;)Lcom/google/common/collect/ImmutableSet; @ 68 c2
Event: 229.084 Thread 0x00000172b14c6000 DEOPT PACKING pc=0x000001729ea12ec4 sp=0x00000054c61f9f10
Event: 229.084 Thread 0x00000172b14c6000 DEOPT UNPACKING pc=0x00000172968f732f sp=0x00000054c61f9ea0 mode 2
Event: 229.085 Thread 0x00000172b14c6000 Uncommon trap: trap_request=0xffffffbe fr.pc=0x000001729ea12ec4 relative=0x0000000000000ba4
Event: 229.085 Thread 0x00000172b14c6000 Uncommon trap: reason=profile_predicate action=maybe_recompile pc=0x000001729ea12ec4 method=com.google.common.collect.ImmutableSet.construct(I[Ljava/lang/Object;)Lcom/google/common/collect/ImmutableSet; @ 68 c2
Event: 229.085 Thread 0x00000172b14c6000 DEOPT PACKING pc=0x000001729ea12ec4 sp=0x00000054c61f9f20
Event: 229.085 Thread 0x00000172b14c6000 DEOPT UNPACKING pc=0x00000172968f732f sp=0x00000054c61f9eb0 mode 2
Event: 230.313 Thread 0x00000172b14c6000 Uncommon trap: trap_request=0xffffffbe fr.pc=0x000001729ea12ec4 relative=0x0000000000000ba4
Event: 230.313 Thread 0x00000172b14c6000 Uncommon trap: reason=profile_predicate action=maybe_recompile pc=0x000001729ea12ec4 method=com.google.common.collect.ImmutableSet.construct(I[Ljava/lang/Object;)Lcom/google/common/collect/ImmutableSet; @ 68 c2
Event: 230.313 Thread 0x00000172b14c6000 DEOPT PACKING pc=0x000001729ea12ec4 sp=0x00000054c61f6970
Event: 230.313 Thread 0x00000172b14c6000 DEOPT UNPACKING pc=0x00000172968f732f sp=0x00000054c61f6900 mode 2

Classes redefined (0 events):
No events

Internal exceptions (20 events):
Event: 111.577 Thread 0x00000172b14cf000 Exception <a 'sun/nio/fs/WindowsException'{0x0000000088433558}> (0x0000000088433558) thrown at [./src/hotspot/share/prims/jni.cpp, line 615]
Event: 112.097 Thread 0x00000172b14c7800 Exception <a 'sun/nio/fs/WindowsException'{0x0000000087f55670}> (0x0000000087f55670) thrown at [./src/hotspot/share/prims/jni.cpp, line 615]
Event: 112.136 Thread 0x00000172b14c7800 Implicit null exception at 0x000001729e4b6a30 to 0x000001729e4b9aa8
Event: 112.292 Thread 0x00000172b14c7800 Exception <a 'java/lang/NoSuchMethodError'{0x0000000087b626d8}: 'java.lang.Object java.lang.invoke.DirectMethodHandle$Holder.invokeStatic(java.lang.Object, java.lang.Object, java.lang.Object, java.lang.Object, java.lang.Object, int, java.lang.Object)'> (0x0000000087b626d8) thrown at [./src/hotspot/share/interpreter/linkResolver.cpp, line 773]
Event: 112.385 Thread 0x00000172b14c7800 Exception <a 'java/lang/NoSuchMethodError'{0x0000000087758770}: 'java.lang.Object java.lang.invoke.DirectMethodHandle$Holder.invokeStatic(java.lang.Object, java.lang.Object, java.lang.Object, java.lang.Object, java.lang.Object, java.lang.Object, java.lang.Object, int)'> (0x0000000087758770) thrown at [./src/hotspot/share/interpreter/linkResolver.cpp, line 773]
Event: 112.386 Thread 0x00000172b14c7800 Exception <a 'java/lang/NoSuchMethodError'{0x000000008775cba8}: 'java.lang.Object java.lang.invoke.DirectMethodHandle$Holder.invokeSpecial(java.lang.Object, java.lang.Object, java.lang.Object, java.lang.Object, java.lang.Object, java.lang.Object, java.lang.Object, java.lang.Object, int)'> (0x000000008775cba8) thrown at [./src/hotspot/share/interpreter/linkResolver.cpp, line 773]
Event: 112.387 Thread 0x00000172b14c7800 Exception <a 'java/lang/NoSuchMethodError'{0x0000000087760960}: 'java.lang.Object java.lang.invoke.Invokers$Holder.linkToTargetMethod(java.lang.Object, java.lang.Object, java.lang.Object, java.lang.Object, java.lang.Object, java.lang.Object, int, java.lang.Object)'> (0x0000000087760960) thrown at [./src/hotspot/share/interpreter/linkResolver.cpp, line 773]
Event: 113.396 Thread 0x00000172b14c7800 Implicit null exception at 0x000001729e519a6b to 0x000001729e519a8c
Event: 113.696 Thread 0x00000172b14c4800 Exception <a 'sun/nio/fs/WindowsException'{0x000000008856e200}> (0x000000008856e200) thrown at [./src/hotspot/share/prims/jni.cpp, line 615]
Event: 114.004 Thread 0x00000172aecb1000 Exception <a 'java/lang/NoSuchMethodError'{0x00000000884febd0}: 'java.lang.Object java.lang.invoke.DirectMethodHandle$Holder.invokeSpecial(java.lang.Object, java.lang.Object, java.lang.Object, java.lang.Object, int, java.lang.Object, java.lang.Object)'> (0x00000000884febd0) thrown at [./src/hotspot/share/interpreter/linkResolver.cpp, line 773]
Event: 116.029 Thread 0x00000172af69b000 Implicit null exception at 0x000001729e3c5274 to 0x000001729e3c572c
Event: 116.030 Thread 0x00000172af69b000 Implicit null exception at 0x000001729e70c514 to 0x000001729e70ca60
Event: 187.263 Thread 0x00000172b14c6000 Implicit null exception at 0x000001729e949082 to 0x000001729e949bd4
Event: 227.909 Thread 0x00000172b14c6000 Exception <a 'sun/nio/fs/WindowsException'{0x00000000889029a0}> (0x00000000889029a0) thrown at [./src/hotspot/share/prims/jni.cpp, line 615]
Event: 228.949 Thread 0x00000172b14c6000 Exception <a 'java/lang/NoClassDefFoundError'{0x0000000088ddf8d0}: org/jetbrains/kotlin/gradle/plugin/KotlinBasePluginWrapper> (0x0000000088ddf8d0) thrown at [./src/hotspot/share/oops/constantPool.cpp, line 775]
Event: 229.329 Thread 0x00000172b14c6000 Exception <a 'sun/nio/fs/WindowsException'{0x0000000088cb14f8}> (0x0000000088cb14f8) thrown at [./src/hotspot/share/prims/jni.cpp, line 615]
Event: 230.047 Thread 0x00000172b14c6000 Exception <a 'sun/nio/fs/WindowsException'{0x0000000088b58e70}> (0x0000000088b58e70) thrown at [./src/hotspot/share/prims/jni.cpp, line 615]
Event: 230.047 Thread 0x00000172b14c6000 Exception <a 'sun/nio/fs/WindowsException'{0x0000000088b59f40}> (0x0000000088b59f40) thrown at [./src/hotspot/share/prims/jni.cpp, line 615]
Event: 230.048 Thread 0x00000172b14c6000 Exception <a 'sun/nio/fs/WindowsException'{0x0000000088b5b060}> (0x0000000088b5b060) thrown at [./src/hotspot/share/prims/jni.cpp, line 615]
Event: 230.048 Thread 0x00000172b14c6000 Exception <a 'sun/nio/fs/WindowsException'{0x0000000088b5c180}> (0x0000000088b5c180) thrown at [./src/hotspot/share/prims/jni.cpp, line 615]

Events (20 events):
Event: 226.935 Executing VM operation: RevokeBias done
Event: 227.308 Executing VM operation: CGC_Operation
Event: 227.308 Executing VM operation: CGC_Operation done
Event: 227.513 Executing VM operation: RevokeBias
Event: 227.513 Executing VM operation: RevokeBias done
Event: 227.578 Executing VM operation: RevokeBias
Event: 227.578 Executing VM operation: RevokeBias done
Event: 228.077 Executing VM operation: RevokeBias
Event: 228.077 Executing VM operation: RevokeBias done
Event: 228.079 Executing VM operation: RevokeBias
Event: 228.079 Executing VM operation: RevokeBias done
Event: 228.201 Executing VM operation: G1CollectForAllocation
Event: 228.335 Executing VM operation: G1CollectForAllocation done
Event: 229.045 Executing VM operation: RevokeBias
Event: 229.045 Executing VM operation: RevokeBias done
Event: 229.089 Executing VM operation: RevokeBias
Event: 229.241 Executing VM operation: RevokeBias done
Event: 229.773 Executing VM operation: RevokeBias
Event: 229.773 Executing VM operation: RevokeBias done
Event: 230.444 Executing VM operation: G1CollectForAllocation


Dynamic libraries:
0x00007ff6c1670000 - 0x00007ff6c167a000 	C:\Program Files\Android\Android Studio\jre\bin\java.exe
0x00007ffa0bfe0000 - 0x00007ffa0c1d0000 	C:\Windows\SYSTEM32\ntdll.dll
0x00007ffa0be80000 - 0x00007ffa0bf32000 	C:\Windows\System32\KERNEL32.DLL
0x00007ffa09880000 - 0x00007ffa09b22000 	C:\Windows\System32\KERNELBASE.dll
0x00007ffa08f70000 - 0x00007ffa0906a000 	C:\Windows\System32\ucrtbase.dll
0x00007ff9fee00000 - 0x00007ff9fee17000 	C:\Program Files\Android\Android Studio\jre\bin\VCRUNTIME140.dll
0x00007ffa00100000 - 0x00007ffa00119000 	C:\Program Files\Android\Android Studio\jre\bin\jli.dll
0x00007ffa0a310000 - 0x00007ffa0a4a3000 	C:\Windows\System32\USER32.dll
0x00007ffa09850000 - 0x00007ffa09871000 	C:\Windows\System32\win32u.dll
0x00007ff9f94c0000 - 0x00007ff9f9745000 	C:\Windows\WinSxS\amd64_microsoft.windows.common-controls_6595b64144ccf1df_6.0.18362.30_none_a1435978519dce7f\COMCTL32.dll
0x00007ffa0b6c0000 - 0x00007ffa0b6e6000 	C:\Windows\System32\GDI32.dll
0x00007ffa0a0a0000 - 0x00007ffa0a13e000 	C:\Windows\System32\msvcrt.dll
0x00007ffa09d80000 - 0x00007ffa09f14000 	C:\Windows\System32\gdi32full.dll
0x00007ffa0b370000 - 0x00007ffa0b6a6000 	C:\Windows\System32\combase.dll
0x00007ffa0a1f0000 - 0x00007ffa0a310000 	C:\Windows\System32\RPCRT4.dll
0x00007ffa09f70000 - 0x00007ffa09ff1000 	C:\Windows\System32\bcryptPrimitives.dll
0x00007ffa0a000000 - 0x00007ffa0a09e000 	C:\Windows\System32\msvcp_win.dll
0x00007ffa0ac80000 - 0x00007ffa0acae000 	C:\Windows\System32\IMM32.DLL
0x00007ff9eaa70000 - 0x00007ff9eab0d000 	C:\Program Files\Android\Android Studio\jre\bin\msvcp140.dll
0x00007ff9c8010000 - 0x00007ff9c8adf000 	C:\Program Files\Android\Android Studio\jre\bin\server\jvm.dll
0x00007ffa0b6f0000 - 0x00007ffa0b793000 	C:\Windows\System32\ADVAPI32.dll
0x00007ffa0b2d0000 - 0x00007ffa0b367000 	C:\Windows\System32\sechost.dll
0x00007ffa0b6b0000 - 0x00007ffa0b6b8000 	C:\Windows\System32\PSAPI.DLL
0x00007ffa05a00000 - 0x00007ffa05a09000 	C:\Windows\SYSTEM32\WSOCK32.dll
0x00007ffa0b040000 - 0x00007ffa0b0af000 	C:\Windows\System32\WS2_32.dll
0x00007ffa028d0000 - 0x00007ffa028da000 	C:\Windows\SYSTEM32\VERSION.dll
0x00007ffa06920000 - 0x00007ffa06944000 	C:\Windows\SYSTEM32\WINMM.dll
0x00007ffa06490000 - 0x00007ffa064bd000 	C:\Windows\SYSTEM32\winmmbase.dll
0x00007ffa09b30000 - 0x00007ffa09b7a000 	C:\Windows\System32\cfgmgr32.dll
0x00007ffa08ee0000 - 0x00007ffa08ef1000 	C:\Windows\System32\kernel.appcore.dll
0x00007ffa00620000 - 0x00007ffa00631000 	C:\Program Files\Android\Android Studio\jre\bin\verify.dll
0x00007ff9fec00000 - 0x00007ff9fedf4000 	C:\Windows\SYSTEM32\DBGHELP.DLL
0x00007ff9fa6e0000 - 0x00007ff9fa70a000 	C:\Windows\SYSTEM32\dbgcore.DLL
0x00007ff9faa80000 - 0x00007ff9faaa9000 	C:\Program Files\Android\Android Studio\jre\bin\java.dll
0x00007ffa03900000 - 0x00007ffa0390b000 	C:\Program Files\Android\Android Studio\jre\bin\jimage.dll
0x00007ffa000c0000 - 0x00007ffa000d8000 	C:\Program Files\Android\Android Studio\jre\bin\zip.dll
0x00007ffa0b7a0000 - 0x00007ffa0be80000 	C:\Windows\System32\SHELL32.dll
0x00007ffa0a140000 - 0x00007ffa0a1e9000 	C:\Windows\System32\shcore.dll
0x00007ffa09070000 - 0x00007ffa097eb000 	C:\Windows\System32\windows.storage.dll
0x00007ffa08f00000 - 0x00007ffa08f1f000 	C:\Windows\System32\profapi.dll
0x00007ffa08f20000 - 0x00007ffa08f6a000 	C:\Windows\System32\powrprof.dll
0x00007ffa08eb0000 - 0x00007ffa08ec0000 	C:\Windows\System32\UMPDC.dll
0x00007ffa0ae10000 - 0x00007ffa0ae62000 	C:\Windows\System32\shlwapi.dll
0x00007ffa09f20000 - 0x00007ffa09f37000 	C:\Windows\System32\cryptsp.dll
0x00007ff9fdbe0000 - 0x00007ff9fdbfa000 	C:\Program Files\Android\Android Studio\jre\bin\net.dll
0x00007ff9fb3f0000 - 0x00007ff9fb4df000 	C:\Windows\SYSTEM32\WINHTTP.dll
0x00007ffa08720000 - 0x00007ffa08787000 	C:\Windows\system32\mswsock.dll
0x00007ff9faa20000 - 0x00007ff9faa34000 	C:\Program Files\Android\Android Studio\jre\bin\nio.dll
0x00007ff9e9880000 - 0x00007ff9e98a7000 	C:\Users\Mr.D\.gradle\native\8bec1ad78214c89d9ad589b4d07fe93259594b29d510b10fafb7a158f7737e5d\windows-amd64\native-platform.dll
0x00007ff9d9870000 - 0x00007ff9d99ad000 	C:\Users\Mr.D\.gradle\native\53dbd7edfb1c66fb8903c78663c9afc45aea4f116125fa6feffd364cf09443e8\windows-amd64\native-platform-file-events.dll
0x00007ffa03420000 - 0x00007ffa0342a000 	C:\Program Files\Android\Android Studio\jre\bin\management.dll
0x00007ffa00650000 - 0x00007ffa0065c000 	C:\Program Files\Android\Android Studio\jre\bin\management_ext.dll
0x00007ffa08280000 - 0x00007ffa082b3000 	C:\Windows\system32\rsaenh.dll
0x00007ffa09f40000 - 0x00007ffa09f66000 	C:\Windows\System32\bcrypt.dll
0x00007ffa08dd0000 - 0x00007ffa08df5000 	C:\Windows\SYSTEM32\USERENV.dll
0x00007ffa088f0000 - 0x00007ffa088fc000 	C:\Windows\SYSTEM32\CRYPTBASE.dll
0x00007ffa08480000 - 0x00007ffa084ba000 	C:\Windows\SYSTEM32\IPHLPAPI.DLL
0x00007ffa0b260000 - 0x00007ffa0b268000 	C:\Windows\System32\NSI.dll
0x00007ff9fef50000 - 0x00007ff9fef66000 	C:\Windows\SYSTEM32\dhcpcsvc6.DLL
0x00007ff9ff880000 - 0x00007ff9ff89c000 	C:\Windows\SYSTEM32\dhcpcsvc.DLL
0x00007ffa084c0000 - 0x00007ffa0858a000 	C:\Windows\SYSTEM32\DNSAPI.dll
0x00007ff9f9ab0000 - 0x00007ff9f9ad7000 	C:\Program Files\Android\Android Studio\jre\bin\sunec.dll

dbghelp: loaded successfully - version: 4.0.5 - missing functions: none
symbol engine: initialized successfully - sym options: 0x614 - pdb path: .;C:\Program Files\Android\Android Studio\jre\bin;C:\Windows\SYSTEM32;C:\Windows\WinSxS\amd64_microsoft.windows.common-controls_6595b64144ccf1df_6.0.18362.30_none_a1435978519dce7f;C:\Program Files\Android\Android Studio\jre\bin\server;C:\Users\Mr.D\.gradle\native\8bec1ad78214c89d9ad589b4d07fe93259594b29d510b10fafb7a158f7737e5d\windows-amd64;C:\Users\Mr.D\.gradle\native\53dbd7edfb1c66fb8903c78663c9afc45aea4f116125fa6feffd364cf09443e8\windows-amd64

VM Arguments:
jvm_args: --add-opens=java.base/java.util=ALL-UNNAMED --add-opens=java.base/java.lang=ALL-UNNAMED --add-opens=java.base/java.lang.invoke=ALL-UNNAMED --add-opens=java.base/java.util=ALL-UNNAMED --add-opens=java.prefs/java.util.prefs=ALL-UNNAMED --add-opens=java.prefs/java.util.prefs=ALL-UNNAMED --add-opens=java.base/java.nio.charset=ALL-UNNAMED --add-opens=java.base/java.net=ALL-UNNAMED --add-opens=java.base/java.util.concurrent.atomic=ALL-UNNAMED -Xmx2048m -Dfile.encoding=UTF-8 -Duser.country=US -Duser.language=en -Duser.variant 
java_command: org.gradle.launcher.daemon.bootstrap.GradleDaemon 7.0.2
java_class_path (initial): C:\Users\Mr.D\.gradle\wrapper\dists\gradle-7.0.2-bin\857tjihv64xamwrf0h14cai3r\gradle-7.0.2\lib\gradle-launcher-7.0.2.jar
Launcher Type: SUN_STANDARD

[Global flags]
     intx CICompilerCount                          = 3                                         {product} {ergonomic}
     uint ConcGCThreads                            = 1                                         {product} {ergonomic}
     uint G1ConcRefinementThreads                  = 4                                         {product} {ergonomic}
   size_t G1HeapRegionSize                         = 1048576                                   {product} {ergonomic}
    uintx GCDrainStackTargetSize                   = 64                                        {product} {ergonomic}
   size_t InitialHeapSize                          = 58720256                                  {product} {ergonomic}
   size_t MarkStackSize                            = 4194304                                   {product} {ergonomic}
   size_t MaxHeapSize                              = 2147483648                                {product} {command line}
   size_t MaxNewSize                               = 1287651328                                {product} {ergonomic}
   size_t MinHeapDeltaBytes                        = 1048576                                   {product} {ergonomic}
    uintx NonNMethodCodeHeapSize                   = 5830732                                {pd product} {ergonomic}
    uintx NonProfiledCodeHeapSize                  = 122913754                              {pd product} {ergonomic}
    uintx ProfiledCodeHeapSize                     = 122913754                              {pd product} {ergonomic}
    uintx ReservedCodeCacheSize                    = 251658240                              {pd product} {ergonomic}
     bool SegmentedCodeCache                       = true                                      {product} {ergonomic}
     bool UseCompressedClassPointers               = true                                 {lp64_product} {ergonomic}
     bool UseCompressedOops                        = true                                 {lp64_product} {ergonomic}
     bool UseG1GC                                  = true                                      {product} {ergonomic}
     bool UseLargePagesIndividualAllocation        = false                                  {pd product} {ergonomic}

Logging:
Log output configuration:
 #0: stdout all=warning uptime,level,tags
 #1: stderr all=off uptime,level,tags

Environment Variables:
PATH=C:\Windows\system32;C:\Windows;C:\Windows\System32\Wbem;C:\Windows\System32\WindowsPowerShell\v1.0\;C:\Windows\System32\OpenSSH\;C:\Users\Mr.D\anaconda3;C:\Users\Mr.D\anaconda3\Library\mingw-w64\bin;C:\Users\Mr.D\anaconda3\Library\usr\bin;C:\Users\Mr.D\anaconda3\Library\bin;C:\Users\Mr.D\anaconda3\Scripts;C:\Users\Mr.D\AppData\Local\Programs\Python\Python39\Scripts\;C:\Users\Mr.D\AppData\Local\Programs\Python\Python39\;C:\Users\Mr.D\AppData\Local\Microsoft\WindowsApps;C:\Users\Mr.D\AppData\Local\Programs\Microsoft VS Code\bin
USERNAME=Mr.D
OS=Windows_NT
PROCESSOR_IDENTIFIER=AMD64 Family 22 Model 48 Stepping 1, AuthenticAMD



---------------  S Y S T E M  ---------------

OS: Windows 10 , 64 bit Build 18362 (10.0.18362.1)
OS uptime: 0 days 3:34 hours

CPU:total 4 (initial active 4) (4 cores per cpu, 1 threads per core) family 22 model 48 stepping 1 microcode 0x0, cmov, cx8, fxsr, mmx, sse, sse2, sse3, ssse3, sse4.1, sse4.2, popcnt, avx, aes, clmul, mmxext, 3dnowpref, lzcnt, sse4a, tsc, tscinvbit, tscinv, bmi1

Memory: 4k page, system-wide physical 3548M (284M free)
TotalPageFile size 14300M (AvailPageFile size 33M)
current process WorkingSet (physical memory assigned to process): 279M, peak: 442M
current process commit charge ("private bytes"): 460M, peak: 542M

vm_info: OpenJDK 64-Bit Server VM (11.0.10+0-b96-7249189) for windows-amd64 JRE (11.0.10+0-b96-7249189), built on Mar 31 2021 21:44:00 by "builder" with MS VC++ 14.0 (VS2015)

END.
