#
# There is insufficient memory for the Java Runtime Environment to continue.
# Native memory allocation (malloc) failed to allocate 1617456 bytes for Chunk::new
# Possible reasons:
#   The system is out of physical RAM or swap space
#   The process is running with CompressedOops enabled, and the Java Heap may be blocking the growth of the native heap
# Possible solutions:
#   Reduce memory load on the system
#   Increase physical memory or swap space
#   Check if swap backing store is full
#   Decrease Java heap size (-Xmx/-Xms)
#   Decrease number of Java threads
#   Decrease Java thread stack sizes (-Xss)
#   Set larger code cache with -XX:ReservedCodeCacheSize=
#   JVM is running with Unscaled Compressed Oops mode in which the Java heap is
#     placed in the first 4GB address space. The Java Heap base address is the
#     maximum limit for the native heap growth. Please use -XX:HeapBaseMinAddress
#     to set the Java Heap base and to place the Java Heap above 4GB virtual address.
# This output file may be truncated or incomplete.
#
#  Out of Memory Error (./src/hotspot/share/memory/arena.cpp:197), pid=9168, tid=4736
#
# JRE version: OpenJDK Runtime Environment (11.0.10) (build 11.0.10+0-b96-7249189)
# Java VM: OpenJDK 64-Bit Server VM (11.0.10+0-b96-7249189, mixed mode, tiered, compressed oops, g1 gc, windows-amd64)
# No core dump will be written. Minidumps are not enabled by default on client versions of Windows
#

---------------  S U M M A R Y ------------

Command Line: --add-opens=java.base/java.util=ALL-UNNAMED --add-opens=java.base/java.lang=ALL-UNNAMED --add-opens=java.base/java.lang.invoke=ALL-UNNAMED --add-opens=java.base/java.util=ALL-UNNAMED --add-opens=java.prefs/java.util.prefs=ALL-UNNAMED --add-opens=java.prefs/java.util.prefs=ALL-UNNAMED --add-opens=java.base/java.nio.charset=ALL-UNNAMED --add-opens=java.base/java.net=ALL-UNNAMED --add-opens=java.base/java.util.concurrent.atomic=ALL-UNNAMED -Xmx2048m -Dfile.encoding=UTF-8 -Duser.country=US -Duser.language=en -Duser.variant org.gradle.launcher.daemon.bootstrap.GradleDaemon 7.0.2

Host: AMD PRO A4-3350B APU with Radeon R4 Graphics   , 4 cores, 3G,  Windows 10 , 64 bit Build 18362 (10.0.18362.1)
Time: Fri Oct 22 04:14:07 2021 India Standard Time elapsed time: 59.074447 seconds (0d 0h 0m 59s)

---------------  T H R E A D  ---------------

Current thread (0x0000021779125800):  JavaThread "C2 CompilerThread1" daemon [_thread_in_native, id=4736, stack(0x0000001cabb00000,0x0000001cabc00000)]


Current CompileTask:
C2:  59074 9550       4       com.android.utils.XmlUtils::append (647 bytes)

Stack: [0x0000001cabb00000,0x0000001cabc00000]
Native frames: (J=compiled Java code, j=interpreted, Vv=VM code, C=native code)
V  [jvm.dll+0x5ecfaa]
V  [jvm.dll+0x722bd5]
V  [jvm.dll+0x72412d]
V  [jvm.dll+0x7247e3]
V  [jvm.dll+0x242928]
V  [jvm.dll+0xbc4fc]
V  [jvm.dll+0xbca0c]
V  [jvm.dll+0x352d7d]
V  [jvm.dll+0x19800c]
V  [jvm.dll+0x1fb70e]
V  [jvm.dll+0x1fa7f4]
V  [jvm.dll+0x18354c]
V  [jvm.dll+0x208ee7]
V  [jvm.dll+0x207731]
V  [jvm.dll+0x6eb1cf]
V  [jvm.dll+0x6e3d45]
V  [jvm.dll+0x5ebe96]
C  [ucrtbase.dll+0x1d912]
C  [KERNEL32.DLL+0x17944]
C  [ntdll.dll+0x6ce71]


---------------  P R O C E S S  ---------------

Threads class SMR info:
_java_thread_list=0x00000217787c5900, length=51, elements={
0x0000021754bd0000, 0x00000217706fb800, 0x0000021770700800, 0x0000021770757800,
0x000002177075b000, 0x0000021770760000, 0x0000021770765800, 0x0000021770766800,
0x0000021770772800, 0x00000217711ce800, 0x0000021773627000, 0x000002177272a800,
0x0000021773b10800, 0x000002177317a800, 0x00000217723e0800, 0x0000021772c3a800,
0x00000217721d9800, 0x000002177379e000, 0x0000021772eb2800, 0x0000021772fec800,
0x0000021772ff0000, 0x0000021772fec000, 0x0000021772fef000, 0x0000021772fee800,
0x0000021772fed800, 0x0000021772fea800, 0x0000021772ff1000, 0x0000021772feb000,
0x0000021772042800, 0x0000021772043800, 0x0000021772040000, 0x000002177203f000,
0x000002177203e800, 0x0000021772045000, 0x0000021772041000, 0x0000021772047800,
0x0000021772049000, 0x000002177204a000, 0x000002177204a800, 0x000002177204b800,
0x0000021772045800, 0x000002177204c000, 0x000002177911e000, 0x0000021779120800,
0x0000021779120000, 0x000002177911b800, 0x000002177911c800, 0x0000021779124000,
0x0000021779124800, 0x0000021779125800, 0x0000021779121800
}

Java Threads: ( => current thread )
  0x0000021754bd0000 JavaThread "main" [_thread_blocked, id=8732, stack(0x0000001ca7e00000,0x0000001ca7f00000)]
  0x00000217706fb800 JavaThread "Reference Handler" daemon [_thread_blocked, id=7932, stack(0x0000001ca8500000,0x0000001ca8600000)]
  0x0000021770700800 JavaThread "Finalizer" daemon [_thread_blocked, id=4012, stack(0x0000001ca8600000,0x0000001ca8700000)]
  0x0000021770757800 JavaThread "Signal Dispatcher" daemon [_thread_blocked, id=8088, stack(0x0000001ca8700000,0x0000001ca8800000)]
  0x000002177075b000 JavaThread "Attach Listener" daemon [_thread_blocked, id=8500, stack(0x0000001ca8800000,0x0000001ca8900000)]
  0x0000021770760000 JavaThread "Service Thread" daemon [_thread_blocked, id=8992, stack(0x0000001ca8900000,0x0000001ca8a00000)]
  0x0000021770765800 JavaThread "C2 CompilerThread0" daemon [_thread_in_native, id=7648, stack(0x0000001ca8a00000,0x0000001ca8b00000)]
  0x0000021770766800 JavaThread "C1 CompilerThread0" daemon [_thread_in_native, id=2420, stack(0x0000001ca8b00000,0x0000001ca8c00000)]
  0x0000021770772800 JavaThread "Sweeper thread" daemon [_thread_blocked, id=7452, stack(0x0000001ca8c00000,0x0000001ca8d00000)]
  0x00000217711ce800 JavaThread "Common-Cleaner" daemon [_thread_blocked, id=8756, stack(0x0000001ca8d00000,0x0000001ca8e00000)]
  0x0000021773627000 JavaThread "Daemon health stats" [_thread_blocked, id=756, stack(0x0000001ca9100000,0x0000001ca9200000)]
  0x000002177272a800 JavaThread "Incoming local TCP Connector on port 49963" [_thread_in_native, id=5388, stack(0x0000001ca8f00000,0x0000001ca9000000)]
  0x0000021773b10800 JavaThread "Daemon" [_thread_blocked, id=6300, stack(0x0000001ca9400000,0x0000001ca9500000)]
  0x000002177317a800 JavaThread "Handler for socket connection from /127.0.0.1:49963 to /127.0.0.1:49964" [_thread_in_native, id=7876, stack(0x0000001ca9500000,0x0000001ca9600000)]
  0x00000217723e0800 JavaThread "Daemon periodic checks" [_thread_blocked, id=6288, stack(0x0000001ca9600000,0x0000001ca9700000)]
  0x0000021772c3a800 JavaThread "Cancel handler" [_thread_blocked, id=7568, stack(0x0000001ca9700000,0x0000001ca9800000)]
  0x00000217721d9800 JavaThread "Daemon worker" [_thread_in_Java, id=4004, stack(0x0000001ca9800000,0x0000001ca9900000)]
  0x000002177379e000 JavaThread "Asynchronous log dispatcher for DefaultDaemonConnection: socket connection from /127.0.0.1:49963 to /127.0.0.1:49964" [_thread_blocked, id=1848, stack(0x0000001ca9900000,0x0000001ca9a00000)]
  0x0000021772eb2800 JavaThread "Stdin handler" [_thread_blocked, id=8292, stack(0x0000001ca9a00000,0x0000001ca9b00000)]
  0x0000021772fec800 JavaThread "Daemon client event forwarder" [_thread_in_native, id=7136, stack(0x0000001ca9b00000,0x0000001ca9c00000)]
  0x0000021772ff0000 JavaThread "Cache worker for file hash cache (C:\Users\Mr.D\.gradle\caches\7.0.2\fileHashes)" [_thread_blocked, id=4940, stack(0x0000001ca9c00000,0x0000001ca9d00000)]
  0x0000021772fec000 JavaThread "File lock request listener" [_thread_in_native, id=6676, stack(0x0000001ca9d00000,0x0000001ca9e00000)]
  0x0000021772fef000 JavaThread "Cache worker for journal cache (C:\Users\Mr.D\.gradle\caches\journal-1)" [_thread_blocked, id=4944, stack(0x0000001ca9e00000,0x0000001ca9f00000)]
  0x0000021772fee800 JavaThread "Cache worker for file hash cache (E:\Mr.D\Backups\Files\TimeTable-main\TimeTable-main\.gradle\7.0.2\fileHashes)" [_thread_blocked, id=4300, stack(0x0000001ca9f00000,0x0000001caa000000)]
  0x0000021772fed800 JavaThread "File watcher server" daemon [_thread_in_native, id=1104, stack(0x0000001caa000000,0x0000001caa100000)]
  0x0000021772fea800 JavaThread "File watcher consumer" daemon [_thread_blocked, id=8680, stack(0x0000001caa100000,0x0000001caa200000)]
  0x0000021772ff1000 JavaThread "Cache worker for checksums cache (E:\Mr.D\Backups\Files\TimeTable-main\TimeTable-main\.gradle\checksums)" [_thread_blocked, id=3060, stack(0x0000001caa200000,0x0000001caa300000)]
  0x0000021772feb000 JavaThread "Cache worker for cache directory md-supplier (C:\Users\Mr.D\.gradle\caches\7.0.2\md-supplier)" [_thread_blocked, id=2740, stack(0x0000001caa300000,0x0000001caa400000)]
  0x0000021772042800 JavaThread "Cache worker for cache directory md-rule (C:\Users\Mr.D\.gradle\caches\7.0.2\md-rule)" [_thread_blocked, id=7224, stack(0x0000001caa400000,0x0000001caa500000)]
  0x0000021772043800 JavaThread "Cache worker for execution history cache (C:\Users\Mr.D\.gradle\caches\7.0.2\executionHistory)" [_thread_blocked, id=3864, stack(0x0000001caa500000,0x0000001caa600000)]
  0x0000021772040000 JavaThread "jar transforms" [_thread_blocked, id=2356, stack(0x0000001caa700000,0x0000001caa800000)]
  0x000002177203f000 JavaThread "jar transforms Thread 2" [_thread_blocked, id=2312, stack(0x0000001caa800000,0x0000001caa900000)]
  0x000002177203e800 JavaThread "Cache worker for file content cache (C:\Users\Mr.D\.gradle\caches\7.0.2\fileContent)" [_thread_blocked, id=8960, stack(0x0000001caa900000,0x0000001caaa00000)]
  0x0000021772045000 JavaThread "Cache worker for dependencies-accessors (E:\Mr.D\Backups\Files\TimeTable-main\TimeTable-main\.gradle\7.0.2\dependencies-accessors)" [_thread_blocked, id=2096, stack(0x0000001caaa00000,0x0000001caab00000)]
  0x0000021772041000 JavaThread "jar transforms Thread 3" [_thread_blocked, id=6016, stack(0x0000001caab00000,0x0000001caac00000)]
  0x0000021772047800 JavaThread "Cache worker for Build Output Cleanup Cache (E:\Mr.D\Backups\Files\TimeTable-main\TimeTable-main\.gradle\buildOutputCleanup)" [_thread_in_Java, id=5900, stack(0x0000001caa600000,0x0000001caa700000)]
  0x0000021772049000 JavaThread "Build operations" [_thread_blocked, id=4652, stack(0x0000001caad00000,0x0000001caae00000)]
  0x000002177204a000 JavaThread "Build operations Thread 2" [_thread_blocked, id=5804, stack(0x0000001caae00000,0x0000001caaf00000)]
  0x000002177204a800 JavaThread "Build operations Thread 3" [_thread_blocked, id=7752, stack(0x0000001caaf00000,0x0000001cab000000)]
  0x000002177204b800 JavaThread "Build operations Thread 4" [_thread_blocked, id=6860, stack(0x0000001cab000000,0x0000001cab100000)]
  0x0000021772045800 JavaThread "jar transforms Thread 4" [_thread_blocked, id=8004, stack(0x0000001cab100000,0x0000001cab200000)]
  0x000002177204c000 JavaThread "Memory manager" [_thread_blocked, id=8468, stack(0x0000001cab200000,0x0000001cab300000)]
  0x000002177911e000 JavaThread "build event listener" [_thread_blocked, id=7228, stack(0x0000001cab500000,0x0000001cab600000)]
  0x0000021779120800 JavaThread "pool-3-thread-1" [_thread_blocked, id=592, stack(0x0000001cab600000,0x0000001cab700000)]
  0x0000021779120000 JavaThread "build event listener" [_thread_blocked, id=76, stack(0x0000001cab700000,0x0000001cab800000)]
  0x000002177911b800 JavaThread "Execution worker for ':'" [_thread_blocked, id=3736, stack(0x0000001cab800000,0x0000001cab900000)]
  0x000002177911c800 JavaThread "Execution worker for ':' Thread 2" [_thread_in_vm, id=1816, stack(0x0000001cab900000,0x0000001caba00000)]
  0x0000021779124000 JavaThread "Execution worker for ':' Thread 3" [_thread_blocked, id=4328, stack(0x0000001caba00000,0x0000001cabb00000)]
  0x0000021779124800 JavaThread "Cache worker for execution history cache (E:\Mr.D\Backups\Files\TimeTable-main\TimeTable-main\.gradle\7.0.2\executionHistory)" [_thread_blocked, id=7608, stack(0x0000001caac00000,0x0000001caad00000)]
=>0x0000021779125800 JavaThread "C2 CompilerThread1" daemon [_thread_in_native, id=4736, stack(0x0000001cabb00000,0x0000001cabc00000)]
  0x0000021779121800 JavaThread "WorkerExecutor Queue" [_thread_in_native, id=7892, stack(0x0000001cabc00000,0x0000001cabd00000)]

Other Threads:
  0x00000217706f5000 VMThread "VM Thread" [stack: 0x0000001ca8400000,0x0000001ca8500000] [id=6512]
  0x00000217711d1000 WatcherThread [stack: 0x0000001ca8e00000,0x0000001ca8f00000] [id=6092]
  0x0000021754be7000 GCTaskThread "GC Thread#0" [stack: 0x0000001ca7f00000,0x0000001ca8000000] [id=1796]
  0x0000021771273800 GCTaskThread "GC Thread#1" [stack: 0x0000001ca9000000,0x0000001ca9100000] [id=6620]
  0x0000021772f35000 GCTaskThread "GC Thread#2" [stack: 0x0000001ca9200000,0x0000001ca9300000] [id=2468]
  0x000002177306c800 GCTaskThread "GC Thread#3" [stack: 0x0000001ca9300000,0x0000001ca9400000] [id=2268]
  0x0000021754c1a800 ConcurrentGCThread "G1 Main Marker" [stack: 0x0000001ca8000000,0x0000001ca8100000] [id=6072]
  0x0000021754c1b800 ConcurrentGCThread "G1 Conc#0" [stack: 0x0000001ca8100000,0x0000001ca8200000] [id=6256]
  0x0000021754c62000 ConcurrentGCThread "G1 Refine#0" [stack: 0x0000001ca8200000,0x0000001ca8300000] [id=7580]
  0x0000021754c63000 ConcurrentGCThread "G1 Young RemSet Sampling" [stack: 0x0000001ca8300000,0x0000001ca8400000] [id=7996]

Threads with active compile tasks:
C2 CompilerThread0  59312 9640       4       org.gradle.internal.snapshot.DirectorySnapshot$$Lambda$893/0x0000000100af6c40::accept (20 bytes)
C2 CompilerThread1  59312 9550       4       com.android.utils.XmlUtils::append (647 bytes)

VM state:not at safepoint (normal execution)

VM Mutex/Monitor currently owned by a thread: None

Heap address: 0x0000000080000000, size: 2048 MB, Compressed Oops mode: 32-bit
Narrow klass base: 0x0000000000000000, Narrow klass shift: 3
Compressed class space size: 1073741824 Address: 0x0000000100000000

Heap:
 garbage-first heap   total 149504K, used 109204K [0x0000000080000000, 0x0000000100000000)
  region size 1024K, 12 young (12288K), 1 survivors (1024K)
 Metaspace       used 84105K, capacity 86202K, committed 86348K, reserved 1124352K
  class space    used 10773K, capacity 11538K, committed 11596K, reserved 1048576K
Heap Regions: E=young(eden), S=young(survivor), O=old, HS=humongous(starts), HC=humongous(continues), CS=collection set, F=free, A=archive, TAMS=top-at-mark-start (previous, next)
|   0|0x0000000080000000, 0x0000000080100000, 0x0000000080100000|100%| O|  |TAMS 0x0000000080100000, 0x0000000080000000| Untracked 
|   1|0x0000000080100000, 0x0000000080200000, 0x0000000080200000|100%| O|  |TAMS 0x0000000080200000, 0x0000000080100000| Untracked 
|   2|0x0000000080200000, 0x0000000080300000, 0x0000000080300000|100%| O|  |TAMS 0x0000000080300000, 0x0000000080200000| Untracked 
|   3|0x0000000080300000, 0x0000000080400000, 0x0000000080400000|100%|HS|  |TAMS 0x0000000080400000, 0x0000000080300000| Complete 
|   4|0x0000000080400000, 0x0000000080500000, 0x0000000080500000|100%|HC|  |TAMS 0x0000000080500000, 0x0000000080400000| Complete 
|   5|0x0000000080500000, 0x0000000080600000, 0x0000000080600000|100%|HC|  |TAMS 0x0000000080600000, 0x0000000080500000| Complete 
|   6|0x0000000080600000, 0x0000000080700000, 0x0000000080700000|100%| O|  |TAMS 0x0000000080700000, 0x0000000080600000| Untracked 
|   7|0x0000000080700000, 0x0000000080800000, 0x0000000080800000|100%| O|  |TAMS 0x0000000080800000, 0x0000000080700000| Untracked 
|   8|0x0000000080800000, 0x0000000080900000, 0x0000000080900000|100%| O|  |TAMS 0x0000000080900000, 0x0000000080800000| Untracked 
|   9|0x0000000080900000, 0x0000000080a00000, 0x0000000080a00000|100%| O|  |TAMS 0x0000000080a00000, 0x0000000080900000| Untracked 
|  10|0x0000000080a00000, 0x0000000080b00000, 0x0000000080b00000|100%| O|  |TAMS 0x0000000080b00000, 0x0000000080a00000| Untracked 
|  11|0x0000000080b00000, 0x0000000080c00000, 0x0000000080c00000|100%| O|  |TAMS 0x0000000080c00000, 0x0000000080b00000| Untracked 
|  12|0x0000000080c00000, 0x0000000080d00000, 0x0000000080d00000|100%| O|  |TAMS 0x0000000080d00000, 0x0000000080c00000| Untracked 
|  13|0x0000000080d00000, 0x0000000080e00000, 0x0000000080e00000|100%| O|  |TAMS 0x0000000080e00000, 0x0000000080d00000| Untracked 
|  14|0x0000000080e00000, 0x0000000080f00000, 0x0000000080f00000|100%| O|  |TAMS 0x0000000080f00000, 0x0000000080e00000| Untracked 
|  15|0x0000000080f00000, 0x0000000081000000, 0x0000000081000000|100%| O|  |TAMS 0x0000000081000000, 0x0000000080f00000| Untracked 
|  16|0x0000000081000000, 0x0000000081100000, 0x0000000081100000|100%| O|  |TAMS 0x0000000081100000, 0x0000000081000000| Untracked 
|  17|0x0000000081100000, 0x0000000081200000, 0x0000000081200000|100%| O|  |TAMS 0x0000000081200000, 0x0000000081100000| Untracked 
|  18|0x0000000081200000, 0x0000000081300000, 0x0000000081300000|100%| O|  |TAMS 0x0000000081300000, 0x0000000081200000| Untracked 
|  19|0x0000000081300000, 0x0000000081400000, 0x0000000081400000|100%| O|  |TAMS 0x0000000081400000, 0x0000000081300000| Untracked 
|  20|0x0000000081400000, 0x0000000081500000, 0x0000000081500000|100%| O|  |TAMS 0x0000000081500000, 0x0000000081400000| Untracked 
|  21|0x0000000081500000, 0x0000000081600000, 0x0000000081600000|100%| O|  |TAMS 0x0000000081600000, 0x0000000081500000| Untracked 
|  22|0x0000000081600000, 0x0000000081700000, 0x0000000081700000|100%| O|  |TAMS 0x0000000081700000, 0x0000000081600000| Untracked 
|  23|0x0000000081700000, 0x0000000081800000, 0x0000000081800000|100%| O|  |TAMS 0x0000000081800000, 0x0000000081700000| Untracked 
|  24|0x0000000081800000, 0x0000000081900000, 0x0000000081900000|100%|HS|  |TAMS 0x0000000081900000, 0x0000000081800000| Complete 
|  25|0x0000000081900000, 0x0000000081a00000, 0x0000000081a00000|100%| O|  |TAMS 0x0000000081a00000, 0x0000000081900000| Untracked 
|  26|0x0000000081a00000, 0x0000000081b00000, 0x0000000081b00000|100%| O|  |TAMS 0x0000000081b00000, 0x0000000081a00000| Untracked 
|  27|0x0000000081b00000, 0x0000000081c00000, 0x0000000081c00000|100%| O|  |TAMS 0x0000000081c00000, 0x0000000081b00000| Untracked 
|  28|0x0000000081c00000, 0x0000000081d00000, 0x0000000081d00000|100%| O|  |TAMS 0x0000000081d00000, 0x0000000081c00000| Untracked 
|  29|0x0000000081d00000, 0x0000000081e00000, 0x0000000081e00000|100%|HS|  |TAMS 0x0000000081e00000, 0x0000000081d00000| Complete 
|  30|0x0000000081e00000, 0x0000000081f00000, 0x0000000081f00000|100%| O|  |TAMS 0x0000000081f00000, 0x0000000081e00000| Untracked 
|  31|0x0000000081f00000, 0x0000000082000000, 0x0000000082000000|100%| O|  |TAMS 0x0000000082000000, 0x0000000081f00000| Untracked 
|  32|0x0000000082000000, 0x0000000082100000, 0x0000000082100000|100%| O|  |TAMS 0x0000000082100000, 0x0000000082000000| Untracked 
|  33|0x0000000082100000, 0x0000000082200000, 0x0000000082200000|100%|HS|  |TAMS 0x0000000082200000, 0x0000000082100000| Complete 
|  34|0x0000000082200000, 0x0000000082300000, 0x0000000082300000|100%|HC|  |TAMS 0x0000000082300000, 0x0000000082200000| Complete 
|  35|0x0000000082300000, 0x0000000082400000, 0x0000000082400000|100%| O|  |TAMS 0x0000000082400000, 0x0000000082300000| Untracked 
|  36|0x0000000082400000, 0x0000000082500000, 0x0000000082500000|100%| O|  |TAMS 0x0000000082500000, 0x0000000082400000| Untracked 
|  37|0x0000000082500000, 0x0000000082600000, 0x0000000082600000|100%| O|  |TAMS 0x0000000082600000, 0x0000000082500000| Untracked 
|  38|0x0000000082600000, 0x0000000082700000, 0x0000000082700000|100%| O|  |TAMS 0x0000000082700000, 0x0000000082600000| Untracked 
|  39|0x0000000082700000, 0x0000000082800000, 0x0000000082800000|100%| O|  |TAMS 0x0000000082800000, 0x0000000082700000| Untracked 
|  40|0x0000000082800000, 0x0000000082900000, 0x0000000082900000|100%| O|  |TAMS 0x0000000082900000, 0x0000000082800000| Untracked 
|  41|0x0000000082900000, 0x0000000082a00000, 0x0000000082a00000|100%| O|  |TAMS 0x0000000082a00000, 0x0000000082900000| Untracked 
|  42|0x0000000082a00000, 0x0000000082b00000, 0x0000000082b00000|100%| O|  |TAMS 0x0000000082b00000, 0x0000000082a00000| Untracked 
|  43|0x0000000082b00000, 0x0000000082c00000, 0x0000000082c00000|100%| O|  |TAMS 0x0000000082c00000, 0x0000000082b00000| Untracked 
|  44|0x0000000082c00000, 0x0000000082d00000, 0x0000000082d00000|100%| O|  |TAMS 0x0000000082d00000, 0x0000000082c00000| Untracked 
|  45|0x0000000082d00000, 0x0000000082e00000, 0x0000000082e00000|100%| O|  |TAMS 0x0000000082e00000, 0x0000000082d00000| Untracked 
|  46|0x0000000082e00000, 0x0000000082f00000, 0x0000000082f00000|100%| O|  |TAMS 0x0000000082f00000, 0x0000000082e00000| Untracked 
|  47|0x0000000082f00000, 0x0000000083000000, 0x0000000083000000|100%| O|  |TAMS 0x0000000083000000, 0x0000000082f00000| Untracked 
|  48|0x0000000083000000, 0x0000000083100000, 0x0000000083100000|100%| O|  |TAMS 0x0000000083100000, 0x0000000083000000| Untracked 
|  49|0x0000000083100000, 0x0000000083200000, 0x0000000083200000|100%| O|  |TAMS 0x0000000083200000, 0x0000000083100000| Untracked 
|  50|0x0000000083200000, 0x0000000083300000, 0x0000000083300000|100%| O|  |TAMS 0x0000000083300000, 0x0000000083200000| Untracked 
|  51|0x0000000083300000, 0x0000000083400000, 0x0000000083400000|100%| O|  |TAMS 0x0000000083400000, 0x0000000083300000| Untracked 
|  52|0x0000000083400000, 0x0000000083500000, 0x0000000083500000|100%| O|  |TAMS 0x0000000083500000, 0x0000000083400000| Untracked 
|  53|0x0000000083500000, 0x0000000083600000, 0x0000000083600000|100%| O|  |TAMS 0x0000000083600000, 0x0000000083500000| Untracked 
|  54|0x0000000083600000, 0x0000000083700000, 0x0000000083700000|100%| O|  |TAMS 0x0000000083700000, 0x0000000083600000| Untracked 
|  55|0x0000000083700000, 0x0000000083800000, 0x0000000083800000|100%| O|  |TAMS 0x0000000083800000, 0x0000000083700000| Untracked 
|  56|0x0000000083800000, 0x0000000083900000, 0x0000000083900000|100%| O|  |TAMS 0x0000000083900000, 0x0000000083800000| Untracked 
|  57|0x0000000083900000, 0x0000000083a00000, 0x0000000083a00000|100%| O|  |TAMS 0x0000000083a00000, 0x0000000083900000| Untracked 
|  58|0x0000000083a00000, 0x0000000083b00000, 0x0000000083b00000|100%| O|  |TAMS 0x0000000083b00000, 0x0000000083a00000| Untracked 
|  59|0x0000000083b00000, 0x0000000083c00000, 0x0000000083c00000|100%| O|  |TAMS 0x0000000083c00000, 0x0000000083b00000| Untracked 
|  60|0x0000000083c00000, 0x0000000083d00000, 0x0000000083d00000|100%| O|  |TAMS 0x0000000083d00000, 0x0000000083c00000| Untracked 
|  61|0x0000000083d00000, 0x0000000083e00000, 0x0000000083e00000|100%| O|  |TAMS 0x0000000083e00000, 0x0000000083d00000| Untracked 
|  62|0x0000000083e00000, 0x0000000083f00000, 0x0000000083f00000|100%| O|  |TAMS 0x0000000083f00000, 0x0000000083e00000| Untracked 
|  63|0x0000000083f00000, 0x0000000084000000, 0x0000000084000000|100%| O|  |TAMS 0x0000000084000000, 0x0000000083f00000| Untracked 
|  64|0x0000000084000000, 0x0000000084100000, 0x0000000084100000|100%| O|  |TAMS 0x0000000084100000, 0x0000000084000000| Untracked 
|  65|0x0000000084100000, 0x0000000084200000, 0x0000000084200000|100%| O|  |TAMS 0x0000000084200000, 0x0000000084100000| Untracked 
|  66|0x0000000084200000, 0x0000000084300000, 0x0000000084300000|100%| O|  |TAMS 0x0000000084300000, 0x0000000084200000| Untracked 
|  67|0x0000000084300000, 0x0000000084400000, 0x0000000084400000|100%| O|  |TAMS 0x0000000084400000, 0x0000000084300000| Untracked 
|  68|0x0000000084400000, 0x0000000084500000, 0x0000000084500000|100%| O|  |TAMS 0x0000000084500000, 0x0000000084400000| Untracked 
|  69|0x0000000084500000, 0x0000000084600000, 0x0000000084600000|100%| O|  |TAMS 0x0000000084600000, 0x0000000084500000| Untracked 
|  70|0x0000000084600000, 0x0000000084700000, 0x0000000084700000|100%| O|  |TAMS 0x0000000084700000, 0x0000000084600000| Untracked 
|  71|0x0000000084700000, 0x0000000084800000, 0x0000000084800000|100%| O|  |TAMS 0x0000000084800000, 0x0000000084700000| Untracked 
|  72|0x0000000084800000, 0x0000000084900000, 0x0000000084900000|100%| O|  |TAMS 0x0000000084900000, 0x0000000084800000| Untracked 
|  73|0x0000000084900000, 0x0000000084a00000, 0x0000000084a00000|100%| O|  |TAMS 0x0000000084a00000, 0x0000000084900000| Untracked 
|  74|0x0000000084a00000, 0x0000000084b00000, 0x0000000084b00000|100%| O|  |TAMS 0x0000000084b00000, 0x0000000084a00000| Untracked 
|  75|0x0000000084b00000, 0x0000000084c00000, 0x0000000084c00000|100%| O|  |TAMS 0x0000000084c00000, 0x0000000084b00000| Untracked 
|  76|0x0000000084c00000, 0x0000000084d00000, 0x0000000084d00000|100%| O|  |TAMS 0x0000000084d00000, 0x0000000084c00000| Untracked 
|  77|0x0000000084d00000, 0x0000000084e00000, 0x0000000084e00000|100%| O|  |TAMS 0x0000000084e00000, 0x0000000084d00000| Untracked 
|  78|0x0000000084e00000, 0x0000000084f00000, 0x0000000084f00000|100%| O|  |TAMS 0x0000000084f00000, 0x0000000084e00000| Untracked 
|  79|0x0000000084f00000, 0x0000000085000000, 0x0000000085000000|100%| O|  |TAMS 0x0000000085000000, 0x0000000084f00000| Untracked 
|  80|0x0000000085000000, 0x0000000085100000, 0x0000000085100000|100%| O|  |TAMS 0x0000000085100000, 0x0000000085000000| Untracked 
|  81|0x0000000085100000, 0x0000000085200000, 0x0000000085200000|100%| O|  |TAMS 0x0000000085200000, 0x0000000085100000| Untracked 
|  82|0x0000000085200000, 0x0000000085300000, 0x0000000085300000|100%| O|  |TAMS 0x0000000085300000, 0x0000000085200000| Untracked 
|  83|0x0000000085300000, 0x0000000085400000, 0x0000000085400000|100%| O|  |TAMS 0x0000000085400000, 0x0000000085300000| Untracked 
|  84|0x0000000085400000, 0x0000000085500000, 0x0000000085500000|100%| O|  |TAMS 0x0000000085500000, 0x0000000085400000| Untracked 
|  85|0x0000000085500000, 0x0000000085600000, 0x0000000085600000|100%| O|  |TAMS 0x0000000085600000, 0x0000000085500000| Untracked 
|  86|0x0000000085600000, 0x0000000085700000, 0x0000000085700000|100%| O|  |TAMS 0x0000000085700000, 0x0000000085600000| Untracked 
|  87|0x0000000085700000, 0x0000000085800000, 0x0000000085800000|100%| O|  |TAMS 0x0000000085800000, 0x0000000085700000| Untracked 
|  88|0x0000000085800000, 0x0000000085900000, 0x0000000085900000|100%| O|  |TAMS 0x0000000085900000, 0x0000000085800000| Untracked 
|  89|0x0000000085900000, 0x0000000085a00000, 0x0000000085a00000|100%| O|  |TAMS 0x0000000085a00000, 0x0000000085900000| Untracked 
|  90|0x0000000085a00000, 0x0000000085b00000, 0x0000000085b00000|100%| O|  |TAMS 0x0000000085b00000, 0x0000000085a00000| Untracked 
|  91|0x0000000085b00000, 0x0000000085c00000, 0x0000000085c00000|100%| O|  |TAMS 0x0000000085c00000, 0x0000000085b00000| Untracked 
|  92|0x0000000085c00000, 0x0000000085d00000, 0x0000000085d00000|100%| O|  |TAMS 0x0000000085d00000, 0x0000000085c00000| Untracked 
|  93|0x0000000085d00000, 0x0000000085e00000, 0x0000000085e00000|100%| O|  |TAMS 0x0000000085e00000, 0x0000000085d00000| Untracked 
|  94|0x0000000085e00000, 0x0000000085f00000, 0x0000000085f00000|100%| O|  |TAMS 0x0000000085f00000, 0x0000000085e00000| Untracked 
|  95|0x0000000085f00000, 0x0000000086000000, 0x0000000086000000|100%| O|  |TAMS 0x0000000086000000, 0x0000000085f00000| Untracked 
|  96|0x0000000086000000, 0x0000000086100000, 0x0000000086100000|100%| O|  |TAMS 0x0000000086094400, 0x0000000086000000| Untracked 
|  97|0x0000000086100000, 0x0000000086100000, 0x0000000086200000|  0%| F|  |TAMS 0x0000000086100000, 0x0000000086100000| Untracked 
|  98|0x0000000086200000, 0x0000000086200000, 0x0000000086300000|  0%| F|  |TAMS 0x0000000086200000, 0x0000000086200000| Untracked 
|  99|0x0000000086300000, 0x0000000086300000, 0x0000000086400000|  0%| F|  |TAMS 0x0000000086300000, 0x0000000086300000| Untracked 
| 100|0x0000000086400000, 0x0000000086400000, 0x0000000086500000|  0%| F|  |TAMS 0x0000000086400000, 0x0000000086400000| Untracked 
| 101|0x0000000086500000, 0x0000000086500000, 0x0000000086600000|  0%| F|  |TAMS 0x0000000086500000, 0x0000000086500000| Untracked 
| 102|0x0000000086600000, 0x0000000086600000, 0x0000000086700000|  0%| F|  |TAMS 0x0000000086600000, 0x0000000086600000| Untracked 
| 103|0x0000000086700000, 0x0000000086700000, 0x0000000086800000|  0%| F|  |TAMS 0x0000000086700000, 0x0000000086700000| Untracked 
| 104|0x0000000086800000, 0x0000000086800000, 0x0000000086900000|  0%| F|  |TAMS 0x0000000086800000, 0x0000000086800000| Untracked 
| 105|0x0000000086900000, 0x0000000086900000, 0x0000000086a00000|  0%| F|  |TAMS 0x0000000086900000, 0x0000000086900000| Untracked 
| 106|0x0000000086a00000, 0x0000000086a00000, 0x0000000086b00000|  0%| F|  |TAMS 0x0000000086a00000, 0x0000000086a00000| Untracked 
| 107|0x0000000086b00000, 0x0000000086b00000, 0x0000000086c00000|  0%| F|  |TAMS 0x0000000086b00000, 0x0000000086b00000| Untracked 
| 108|0x0000000086c00000, 0x0000000086c00000, 0x0000000086d00000|  0%| F|  |TAMS 0x0000000086c00000, 0x0000000086c00000| Untracked 
| 109|0x0000000086d00000, 0x0000000086d00000, 0x0000000086e00000|  0%| F|  |TAMS 0x0000000086d00000, 0x0000000086d00000| Untracked 
| 110|0x0000000086e00000, 0x0000000086e00000, 0x0000000086f00000|  0%| F|  |TAMS 0x0000000086e00000, 0x0000000086e00000| Untracked 
| 111|0x0000000086f00000, 0x0000000086f00000, 0x0000000087000000|  0%| F|  |TAMS 0x0000000086f00000, 0x0000000086f00000| Untracked 
| 112|0x0000000087000000, 0x0000000087000000, 0x0000000087100000|  0%| F|  |TAMS 0x0000000087000000, 0x0000000087000000| Untracked 
| 113|0x0000000087100000, 0x0000000087100000, 0x0000000087200000|  0%| F|  |TAMS 0x0000000087100000, 0x0000000087100000| Untracked 
| 114|0x0000000087200000, 0x0000000087200000, 0x0000000087300000|  0%| F|  |TAMS 0x0000000087200000, 0x0000000087200000| Untracked 
| 115|0x0000000087300000, 0x0000000087300000, 0x0000000087400000|  0%| F|  |TAMS 0x0000000087300000, 0x0000000087300000| Untracked 
| 116|0x0000000087400000, 0x0000000087400000, 0x0000000087500000|  0%| F|  |TAMS 0x0000000087400000, 0x0000000087400000| Untracked 
| 117|0x0000000087500000, 0x0000000087500000, 0x0000000087600000|  0%| F|  |TAMS 0x0000000087500000, 0x0000000087500000| Untracked 
| 118|0x0000000087600000, 0x0000000087600000, 0x0000000087700000|  0%| F|  |TAMS 0x0000000087600000, 0x0000000087600000| Untracked 
| 119|0x0000000087700000, 0x0000000087731650, 0x0000000087800000| 19%| S|CS|TAMS 0x0000000087700000, 0x0000000087700000| Complete 
| 120|0x0000000087800000, 0x0000000087873c00, 0x0000000087900000| 45%| O|  |TAMS 0x0000000087800000, 0x0000000087800000| Untracked 
| 121|0x0000000087900000, 0x0000000087900000, 0x0000000087a00000|  0%| F|  |TAMS 0x0000000087900000, 0x0000000087900000| Untracked 
| 122|0x0000000087a00000, 0x0000000087a00000, 0x0000000087b00000|  0%| F|  |TAMS 0x0000000087a00000, 0x0000000087a00000| Untracked 
| 123|0x0000000087b00000, 0x0000000087b00000, 0x0000000087c00000|  0%| F|  |TAMS 0x0000000087b00000, 0x0000000087b00000| Untracked 
| 124|0x0000000087c00000, 0x0000000087c00000, 0x0000000087d00000|  0%| F|  |TAMS 0x0000000087c00000, 0x0000000087c00000| Untracked 
| 125|0x0000000087d00000, 0x0000000087d00000, 0x0000000087e00000|  0%| F|  |TAMS 0x0000000087d00000, 0x0000000087d00000| Untracked 
| 126|0x0000000087e00000, 0x0000000087e00000, 0x0000000087f00000|  0%| F|  |TAMS 0x0000000087e00000, 0x0000000087e00000| Untracked 
| 127|0x0000000087f00000, 0x0000000087f00000, 0x0000000088000000|  0%| F|  |TAMS 0x0000000087f00000, 0x0000000087f00000| Untracked 
| 128|0x0000000088000000, 0x0000000088000000, 0x0000000088100000|  0%| F|  |TAMS 0x0000000088000000, 0x0000000088000000| Untracked 
| 129|0x0000000088100000, 0x0000000088100000, 0x0000000088200000|  0%| F|  |TAMS 0x0000000088100000, 0x0000000088100000| Untracked 
| 130|0x0000000088200000, 0x0000000088200000, 0x0000000088300000|  0%| F|  |TAMS 0x0000000088200000, 0x0000000088200000| Untracked 
| 131|0x0000000088300000, 0x0000000088300000, 0x0000000088400000|  0%| F|  |TAMS 0x0000000088300000, 0x0000000088300000| Untracked 
| 132|0x0000000088400000, 0x0000000088400000, 0x0000000088500000|  0%| F|  |TAMS 0x0000000088400000, 0x0000000088400000| Untracked 
| 133|0x0000000088500000, 0x0000000088500000, 0x0000000088600000|  0%| F|  |TAMS 0x0000000088500000, 0x0000000088500000| Untracked 
| 134|0x0000000088600000, 0x0000000088600000, 0x0000000088700000|  0%| F|  |TAMS 0x0000000088600000, 0x0000000088600000| Untracked 
| 135|0x0000000088700000, 0x0000000088793b70, 0x0000000088800000| 57%| E|  |TAMS 0x0000000088700000, 0x0000000088700000| Complete 
| 136|0x0000000088800000, 0x0000000088900000, 0x0000000088900000|100%| E|CS|TAMS 0x0000000088800000, 0x0000000088800000| Complete 
| 137|0x0000000088900000, 0x0000000088a00000, 0x0000000088a00000|100%| E|CS|TAMS 0x0000000088900000, 0x0000000088900000| Complete 
| 138|0x0000000088a00000, 0x0000000088b00000, 0x0000000088b00000|100%| E|  |TAMS 0x0000000088a00000, 0x0000000088a00000| Complete 
| 139|0x0000000088b00000, 0x0000000088c00000, 0x0000000088c00000|100%| E|CS|TAMS 0x0000000088b00000, 0x0000000088b00000| Complete 
| 140|0x0000000088c00000, 0x0000000088d00000, 0x0000000088d00000|100%| E|CS|TAMS 0x0000000088c00000, 0x0000000088c00000| Complete 
| 141|0x0000000088d00000, 0x0000000088e00000, 0x0000000088e00000|100%| E|CS|TAMS 0x0000000088d00000, 0x0000000088d00000| Complete 
| 142|0x0000000088e00000, 0x0000000088f00000, 0x0000000088f00000|100%| E|CS|TAMS 0x0000000088e00000, 0x0000000088e00000| Complete 
| 143|0x0000000088f00000, 0x0000000089000000, 0x0000000089000000|100%| E|CS|TAMS 0x0000000088f00000, 0x0000000088f00000| Complete 
| 144|0x0000000089000000, 0x0000000089100000, 0x0000000089100000|100%| E|CS|TAMS 0x0000000089000000, 0x0000000089000000| Complete 
| 145|0x0000000089100000, 0x0000000089200000, 0x0000000089200000|100%| E|CS|TAMS 0x0000000089100000, 0x0000000089100000| Complete 

Card table byte_map: [0x00000217698f0000,0x0000021769cf0000] _byte_map_base: 0x00000217694f0000

Marking Bits (Prev, Next): (CMBitMap*) 0x0000021754c11810, (CMBitMap*) 0x0000021754c117d8
 Prev Bits: [0x000002176c0f0000, 0x000002176e0f0000)
 Next Bits: [0x000002176a0f0000, 0x000002176c0f0000)

Polling page: 0x0000021754ca0000

Metaspace:

Usage:
  Non-class:     72.92 MB capacity,    71.62 MB ( 98%) used,     1.07 MB (  1%) free+waste,   228.13 KB ( <1%) overhead. 
      Class:     11.27 MB capacity,    10.52 MB ( 93%) used,   660.97 KB (  6%) free+waste,   103.31 KB ( <1%) overhead. 
       Both:     84.18 MB capacity,    82.14 MB ( 98%) used,     1.72 MB (  2%) free+waste,   331.44 KB ( <1%) overhead. 

Virtual space:
  Non-class space:       74.00 MB reserved,      73.00 MB ( 99%) committed 
      Class space:        1.00 GB reserved,      11.32 MB (  1%) committed 
             Both:        1.07 GB reserved,      84.32 MB (  8%) committed 

Chunk freelists:
   Non-Class:  20.00 KB
       Class:  14.00 KB
        Both:  33.00 KB

MaxMetaspaceSize: 17179869184.00 GB
CompressedClassSpaceSize: 1.00 GB

CodeHeap 'non-profiled nmethods': size=120064Kb used=5734Kb max_used=5734Kb free=114329Kb
 bounds [0x0000021761990000, 0x0000021761f30000, 0x0000021768ed0000]
CodeHeap 'profiled nmethods': size=120000Kb used=21163Kb max_used=21163Kb free=98836Kb
 bounds [0x000002175a460000, 0x000002175b910000, 0x0000021761990000]
CodeHeap 'non-nmethods': size=5696Kb used=2282Kb max_used=2320Kb free=3413Kb
 bounds [0x0000021759ed0000, 0x000002175a140000, 0x000002175a460000]
 total_blobs=10502 nmethods=9620 adapters=792
 compilation: enabled
              stopped_count=0, restarted_count=0
 full_count=0

Compilation events (20 events):
Event: 58.920 Thread 0x0000021770766800 9634       3       sun.nio.ch.Util$BufferCache::get (164 bytes)
Event: 58.922 Thread 0x0000021770766800 nmethod 9634 0x000002175b8d6b90 code [0x000002175b8d6dc0, 0x000002175b8d7778]
Event: 58.922 Thread 0x0000021770766800 9635   !   3       sun.nio.ch.FileChannelImpl::read (266 bytes)
Event: 58.925 Thread 0x0000021770766800 nmethod 9635 0x000002175b8d7a90 code [0x000002175b8d7da0, 0x000002175b8d8e88]
Event: 58.925 Thread 0x0000021770766800 9636       3       sun.nio.ch.FileDispatcherImpl::read (8 bytes)
Event: 58.925 Thread 0x0000021770766800 nmethod 9636 0x000002175b8d9690 code [0x000002175b8d9840, 0x000002175b8d9968]
Event: 58.936 Thread 0x0000021770766800 9637  s    3       sun.nio.ch.ChannelInputStream::read (77 bytes)
Event: 58.937 Thread 0x0000021770765800 nmethod 9624 0x0000021761f24e10 code [0x0000021761f250a0, 0x0000021761f259b8]
Event: 58.937 Thread 0x0000021770765800 9629       4       com.google.common.collect.CompactHashMap$Itr::hasNext (13 bytes)
Event: 58.938 Thread 0x0000021770766800 nmethod 9637 0x000002175b8d9a10 code [0x000002175b8d9c80, 0x000002175b8da858]
Event: 58.938 Thread 0x0000021770766800 9638       3       sun.nio.ch.ChannelInputStream::read (10 bytes)
Event: 58.939 Thread 0x0000021770765800 nmethod 9629 0x0000021761f26390 code [0x0000021761f26520, 0x0000021761f26598]
Event: 58.939 Thread 0x0000021770765800 9625       4       java.util.stream.MatchOps$$Lambda$239/0x0000000100441c40::get (12 bytes)
Event: 58.939 Thread 0x0000021770766800 nmethod 9638 0x000002175b8dac90 code [0x000002175b8dae40, 0x000002175b8daf68]
Event: 58.939 Thread 0x0000021770766800 9639   !   3       sun.nio.ch.ChannelInputStream::read (95 bytes)
Event: 58.940 Thread 0x0000021770766800 nmethod 9639 0x000002175b8db010 code [0x000002175b8db260, 0x000002175b8dbcc8]
Event: 58.941 Thread 0x0000021770765800 nmethod 9625 0x0000021761f26610 code [0x0000021761f267c0, 0x0000021761f268b8]
Event: 58.980 Thread 0x0000021770765800 9640       4       org.gradle.internal.snapshot.DirectorySnapshot$$Lambda$893/0x0000000100af6c40::accept (20 bytes)
Event: 59.017 Thread 0x0000021770766800 9644       3       java.lang.StringBuilder::toString (35 bytes)
Event: 59.018 Thread 0x0000021770766800 nmethod 9644 0x000002175b8dc090 code [0x000002175b8dc280, 0x000002175b8dc718]

GC Heap History (20 events):
Event: 53.944 GC heap before
{Heap before GC invocations=64 (full 0):
 garbage-first heap   total 101376K, used 81669K [0x0000000080000000, 0x0000000100000000)
  region size 1024K, 20 young (20480K), 3 survivors (3072K)
 Metaspace       used 81521K, capacity 83593K, committed 83788K, reserved 1122304K
  class space    used 10506K, capacity 11236K, committed 11340K, reserved 1048576K
}
Event: 53.957 GC heap after
{Heap after GC invocations=65 (full 0):
 garbage-first heap   total 101376K, used 66785K [0x0000000080000000, 0x0000000100000000)
  region size 1024K, 3 young (3072K), 3 survivors (3072K)
 Metaspace       used 81521K, capacity 83593K, committed 83788K, reserved 1122304K
  class space    used 10506K, capacity 11236K, committed 11340K, reserved 1048576K
}
Event: 54.857 GC heap before
{Heap before GC invocations=65 (full 0):
 garbage-first heap   total 101376K, used 78049K [0x0000000080000000, 0x0000000100000000)
  region size 1024K, 16 young (16384K), 3 survivors (3072K)
 Metaspace       used 81991K, capacity 84053K, committed 84300K, reserved 1122304K
  class space    used 10581K, capacity 11324K, committed 11340K, reserved 1048576K
}
Event: 54.867 GC heap after
{Heap after GC invocations=66 (full 0):
 garbage-first heap   total 101376K, used 67174K [0x0000000080000000, 0x0000000100000000)
  region size 1024K, 2 young (2048K), 2 survivors (2048K)
 Metaspace       used 81991K, capacity 84053K, committed 84300K, reserved 1122304K
  class space    used 10581K, capacity 11324K, committed 11340K, reserved 1048576K
}
Event: 55.881 GC heap before
{Heap before GC invocations=67 (full 0):
 garbage-first heap   total 101376K, used 86630K [0x0000000080000000, 0x0000000100000000)
  region size 1024K, 19 young (19456K), 2 survivors (2048K)
 Metaspace       used 82472K, capacity 84528K, committed 84940K, reserved 1122304K
  class space    used 10613K, capacity 11354K, committed 11468K, reserved 1048576K
}
Event: 55.905 GC heap after
{Heap after GC invocations=68 (full 0):
 garbage-first heap   total 101376K, used 79445K [0x0000000080000000, 0x0000000100000000)
  region size 1024K, 3 young (3072K), 3 survivors (3072K)
 Metaspace       used 82472K, capacity 84528K, committed 84940K, reserved 1122304K
  class space    used 10613K, capacity 11354K, committed 11468K, reserved 1048576K
}
Event: 56.038 GC heap before
{Heap before GC invocations=68 (full 0):
 garbage-first heap   total 101376K, used 85589K [0x0000000080000000, 0x0000000100000000)
  region size 1024K, 9 young (9216K), 3 survivors (3072K)
 Metaspace       used 82479K, capacity 84528K, committed 84940K, reserved 1122304K
  class space    used 10613K, capacity 11354K, committed 11468K, reserved 1048576K
}
Event: 56.056 GC heap after
{Heap after GC invocations=69 (full 0):
 garbage-first heap   total 121856K, used 84325K [0x0000000080000000, 0x0000000100000000)
  region size 1024K, 2 young (2048K), 2 survivors (2048K)
 Metaspace       used 82479K, capacity 84528K, committed 84940K, reserved 1122304K
  class space    used 10613K, capacity 11354K, committed 11468K, reserved 1048576K
}
Event: 56.453 GC heap before
{Heap before GC invocations=69 (full 0):
 garbage-first heap   total 121856K, used 94565K [0x0000000080000000, 0x0000000100000000)
  region size 1024K, 12 young (12288K), 2 survivors (2048K)
 Metaspace       used 82645K, capacity 84658K, committed 84940K, reserved 1122304K
  class space    used 10633K, capacity 11355K, committed 11468K, reserved 1048576K
}
Event: 56.472 GC heap after
{Heap after GC invocations=70 (full 0):
 garbage-first heap   total 121856K, used 89931K [0x0000000080000000, 0x0000000100000000)
  region size 1024K, 2 young (2048K), 2 survivors (2048K)
 Metaspace       used 82645K, capacity 84658K, committed 84940K, reserved 1122304K
  class space    used 10633K, capacity 11355K, committed 11468K, reserved 1048576K
}
Event: 56.828 GC heap before
{Heap before GC invocations=71 (full 0):
 garbage-first heap   total 121856K, used 97099K [0x0000000080000000, 0x0000000100000000)
  region size 1024K, 10 young (10240K), 2 survivors (2048K)
 Metaspace       used 82820K, capacity 84883K, committed 85196K, reserved 1122304K
  class space    used 10653K, capacity 11387K, committed 11468K, reserved 1048576K
}
Event: 56.838 GC heap after
{Heap after GC invocations=72 (full 0):
 garbage-first heap   total 121856K, used 91734K [0x0000000080000000, 0x0000000100000000)
  region size 1024K, 2 young (2048K), 2 survivors (2048K)
 Metaspace       used 82820K, capacity 84883K, committed 85196K, reserved 1122304K
  class space    used 10653K, capacity 11387K, committed 11468K, reserved 1048576K
}
Event: 57.079 GC heap before
{Heap before GC invocations=72 (full 0):
 garbage-first heap   total 121856K, used 99926K [0x0000000080000000, 0x0000000100000000)
  region size 1024K, 10 young (10240K), 2 survivors (2048K)
 Metaspace       used 82886K, capacity 84947K, committed 85196K, reserved 1122304K
  class space    used 10658K, capacity 11387K, committed 11468K, reserved 1048576K
}
Event: 57.083 GC heap after
{Heap after GC invocations=73 (full 0):
 garbage-first heap   total 121856K, used 90931K [0x0000000080000000, 0x0000000100000000)
  region size 1024K, 1 young (1024K), 1 survivors (1024K)
 Metaspace       used 82886K, capacity 84947K, committed 85196K, reserved 1122304K
  class space    used 10658K, capacity 11387K, committed 11468K, reserved 1048576K
}
Event: 57.777 GC heap before
{Heap before GC invocations=74 (full 0):
 garbage-first heap   total 121856K, used 99123K [0x0000000080000000, 0x0000000100000000)
  region size 1024K, 9 young (9216K), 1 survivors (1024K)
 Metaspace       used 82997K, capacity 85014K, committed 85196K, reserved 1122304K
  class space    used 10665K, capacity 11388K, committed 11468K, reserved 1048576K
}
Event: 57.797 GC heap after
{Heap after GC invocations=75 (full 0):
 garbage-first heap   total 121856K, used 97810K [0x0000000080000000, 0x0000000100000000)
  region size 1024K, 2 young (2048K), 2 survivors (2048K)
 Metaspace       used 82997K, capacity 85014K, committed 85196K, reserved 1122304K
  class space    used 10665K, capacity 11388K, committed 11468K, reserved 1048576K
}
Event: 57.879 GC heap before
{Heap before GC invocations=75 (full 0):
 garbage-first heap   total 121856K, used 98834K [0x0000000080000000, 0x0000000100000000)
  region size 1024K, 5 young (5120K), 2 survivors (2048K)
 Metaspace       used 83012K, capacity 85014K, committed 85196K, reserved 1122304K
  class space    used 10666K, capacity 11388K, committed 11468K, reserved 1048576K
}
Event: 57.893 GC heap after
{Heap after GC invocations=76 (full 0):
 garbage-first heap   total 121856K, used 99921K [0x0000000080000000, 0x0000000100000000)
  region size 1024K, 1 young (1024K), 1 survivors (1024K)
 Metaspace       used 83012K, capacity 85014K, committed 85196K, reserved 1122304K
  class space    used 10666K, capacity 11388K, committed 11468K, reserved 1048576K
}
Event: 58.523 GC heap before
{Heap before GC invocations=76 (full 0):
 garbage-first heap   total 121856K, used 120401K [0x0000000080000000, 0x0000000100000000)
  region size 1024K, 5 young (5120K), 1 survivors (1024K)
 Metaspace       used 83320K, capacity 85379K, committed 85580K, reserved 1124352K
  class space    used 10699K, capacity 11460K, committed 11596K, reserved 1048576K
}
Event: 58.531 GC heap after
{Heap after GC invocations=77 (full 0):
 garbage-first heap   total 149504K, used 99988K [0x0000000080000000, 0x0000000100000000)
  region size 1024K, 1 young (1024K), 1 survivors (1024K)
 Metaspace       used 83320K, capacity 85379K, committed 85580K, reserved 1124352K
  class space    used 10699K, capacity 11460K, committed 11596K, reserved 1048576K
}

Deoptimization events (20 events):
Event: 58.137 Thread 0x000002177911b800 Uncommon trap: trap_request=0xffffff4d fr.pc=0x0000021761a0ff98 relative=0x0000000000000358
Event: 58.137 Thread 0x000002177911b800 Uncommon trap: reason=unstable_if action=reinterpret pc=0x0000021761a0ff98 method=java.lang.AbstractStringBuilder.isLatin1()Z @ 10 c2
Event: 58.137 Thread 0x000002177911b800 DEOPT PACKING pc=0x0000021761a0ff98 sp=0x0000001cab8fa0f0
Event: 58.137 Thread 0x000002177911b800 DEOPT UNPACKING pc=0x0000021759ef732f sp=0x0000001cab8fa060 mode 2
Event: 58.140 Thread 0x000002177911b800 DEOPT PACKING pc=0x000002175b8899b8 sp=0x0000001cab8f9fa0
Event: 58.140 Thread 0x000002177911b800 DEOPT UNPACKING pc=0x0000021759ef714e sp=0x0000001cab8f9460 mode 0
Event: 58.157 Thread 0x000002177911b800 Uncommon trap: trap_request=0xffffff4d fr.pc=0x00000217619a4958 relative=0x0000000000000218
Event: 58.157 Thread 0x000002177911b800 Uncommon trap: reason=unstable_if action=reinterpret pc=0x00000217619a4958 method=java.lang.String.getChars(II[CI)V @ 23 c2
Event: 58.157 Thread 0x000002177911b800 DEOPT PACKING pc=0x00000217619a4958 sp=0x0000001cab8fa020
Event: 58.157 Thread 0x000002177911b800 DEOPT UNPACKING pc=0x0000021759ef732f sp=0x0000001cab8f9fe0 mode 2
Event: 58.434 Thread 0x000002177911b800 Uncommon trap: trap_request=0xffffff4d fr.pc=0x0000021761a5cdb4 relative=0x0000000000000854
Event: 58.434 Thread 0x000002177911b800 Uncommon trap: reason=unstable_if action=reinterpret pc=0x0000021761a5cdb4 method=java.lang.Integer.stringSize(I)I @ 19 c2
Event: 58.435 Thread 0x000002177911b800 DEOPT PACKING pc=0x0000021761a5cdb4 sp=0x0000001cab8f9ed0
Event: 58.435 Thread 0x000002177911b800 DEOPT UNPACKING pc=0x0000021759ef732f sp=0x0000001cab8f9e28 mode 2
Event: 58.451 Thread 0x000002177911b800 Uncommon trap: trap_request=0xffffff7e fr.pc=0x0000021761e3ae58 relative=0x0000000000000678
Event: 58.451 Thread 0x000002177911b800 Uncommon trap: reason=predicate action=maybe_recompile pc=0x0000021761e3ae58 method=sun.security.provider.DigestBase.implCompressMultiBlock0([BII)I @ 2 c2
Event: 58.451 Thread 0x000002177911b800 DEOPT PACKING pc=0x0000021761e3ae58 sp=0x0000001cab8f7660
Event: 58.451 Thread 0x000002177911b800 DEOPT UNPACKING pc=0x0000021759ef732f sp=0x0000001cab8f7530 mode 2
Event: 58.768 Thread 0x000002177204a000 DEOPT PACKING pc=0x000002175a49da3c sp=0x0000001caaefc180
Event: 58.768 Thread 0x000002177204a000 DEOPT UNPACKING pc=0x0000021759ef714e sp=0x0000001caaefb5e0 mode 0

Classes redefined (0 events):
No events

Internal exceptions (20 events):
Event: 47.230 Thread 0x00000217721d9800 Exception <a 'java/lang/NoSuchMethodError'{0x000000008584e068}: <clinit>> (0x000000008584e068) thrown at [./src/hotspot/share/prims/jni.cpp, line 1362]
Event: 47.822 Thread 0x00000217721d9800 Exception <a 'sun/nio/fs/WindowsException'{0x000000008565ded0}> (0x000000008565ded0) thrown at [./src/hotspot/share/prims/jni.cpp, line 615]
Event: 48.176 Thread 0x0000021772fec800 Exception <a 'java/lang/NoSuchMethodError'{0x000000008538cf90}: <clinit>> (0x000000008538cf90) thrown at [./src/hotspot/share/prims/jni.cpp, line 1362]
Event: 48.178 Thread 0x0000021772fec800 Exception <a 'java/lang/NoSuchMethodError'{0x0000000085398900}: <clinit>> (0x0000000085398900) thrown at [./src/hotspot/share/prims/jni.cpp, line 1362]
Event: 48.189 Thread 0x0000021772fec800 Exception <a 'java/lang/NoSuchMethodError'{0x00000000853d8700}: <clinit>> (0x00000000853d8700) thrown at [./src/hotspot/share/prims/jni.cpp, line 1362]
Event: 48.194 Thread 0x0000021772fec800 Exception <a 'java/lang/NoSuchMethodError'{0x0000000085206480}: <clinit>> (0x0000000085206480) thrown at [./src/hotspot/share/prims/jni.cpp, line 1362]
Event: 48.195 Thread 0x0000021772fec800 Exception <a 'java/lang/NoSuchMethodError'{0x0000000085207bf8}: <clinit>> (0x0000000085207bf8) thrown at [./src/hotspot/share/prims/jni.cpp, line 1362]
Event: 48.272 Thread 0x000002177911e000 Exception <a 'java/lang/NoSuchMethodError'{0x00000000851efee0}: <clinit>> (0x00000000851efee0) thrown at [./src/hotspot/share/prims/jni.cpp, line 1362]
Event: 48.330 Thread 0x000002177911e000 Exception <a 'java/lang/NoSuchMethodError'{0x00000000850380e0}: <clinit>> (0x00000000850380e0) thrown at [./src/hotspot/share/prims/jni.cpp, line 1362]
Event: 48.337 Thread 0x000002177911e000 Exception <a 'java/lang/NoSuchMethodError'{0x00000000850787c0}: <clinit>> (0x00000000850787c0) thrown at [./src/hotspot/share/prims/jni.cpp, line 1362]
Event: 48.510 Thread 0x0000021772fec800 Exception <a 'java/lang/NoSuchMethodError'{0x000000008612dfe0}: <clinit>> (0x000000008612dfe0) thrown at [./src/hotspot/share/prims/jni.cpp, line 1362]
Event: 48.640 Thread 0x000002177911c800 Exception <a 'java/lang/NoSuchMethodError'{0x00000000860b3bb8}: 'java.lang.Object java.lang.invoke.Invokers$Holder.linkToTargetMethod(java.lang.Object, java.lang.Object, java.lang.Object, int, java.lang.Object, java.lang.Object)'> (0x00000000860b3bb8) thrown at [./src/hotspot/share/interpreter/linkResolver.cpp, line 773]
Event: 48.811 Thread 0x000002177911c800 Exception <a 'java/lang/IncompatibleClassChangeError'{0x0000000085f27968}: Found class java.lang.Object, but interface was expected> (0x0000000085f27968) thrown at [./src/hotspot/share/interpreter/linkResolver.cpp, line 839]
Event: 48.918 Thread 0x000002177911c800 Exception <a 'java/lang/NoSuchMethodError'{0x0000000085ed4f18}: 'int java.lang.invoke.DirectMethodHandle$Holder.invokeStaticInit(java.lang.Object, java.lang.Object, java.lang.Object, java.lang.Object, java.lang.Object)'> (0x0000000085ed4f18) thrown at [./src/hotspot/share/interpreter/linkResolver.cpp, line 773]
Event: 50.023 Thread 0x000002177204b800 Exception <a 'java/lang/NoSuchMethodError'{0x00000000853e0528}: 'java.lang.Object java.lang.invoke.DirectMethodHandle$Holder.invokeSpecialIFC(java.lang.Object, java.lang.Object, java.lang.Object)'> (0x00000000853e0528) thrown at [./src/hotspot/share/interpreter/linkResolver.cpp, line 773]
Event: 50.024 Thread 0x0000021772049000 Exception <a 'java/lang/NoSuchMethodError'{0x00000000853c0cb8}: 'java.lang.Object java.lang.invoke.DirectMethodHandle$Holder.invokeSpecialIFC(java.lang.Object, java.lang.Object, java.lang.Object)'> (0x00000000853c0cb8) thrown at [./src/hotspot/share/interpreter/linkResolver.cpp, line 773]
Event: 50.023 Thread 0x000002177204a800 Exception <a 'java/lang/NoSuchMethodError'{0x00000000853e6e50}: 'java.lang.Object java.lang.invoke.DirectMethodHandle$Holder.invokeSpecialIFC(java.lang.Object, java.lang.Object, java.lang.Object)'> (0x00000000853e6e50) thrown at [./src/hotspot/share/interpreter/linkResolver.cpp, line 773]
Event: 53.058 Thread 0x000002177911b800 Exception <a 'java/lang/NoSuchMethodError'{0x0000000085fbf458}: 'void java.lang.invoke.DirectMethodHandle$Holder.invokeVirtual(java.lang.Object, java.lang.Object)'> (0x0000000085fbf458) thrown at [./src/hotspot/share/interpreter/linkResolver.cpp, line 773]
Event: 58.480 Thread 0x000002177911b800 Exception <a 'java/lang/NoSuchMethodError'{0x00000000872902b0}: <clinit>> (0x00000000872902b0) thrown at [./src/hotspot/share/prims/jni.cpp, line 1362]
Event: 58.494 Thread 0x000002177911b800 Exception <a 'java/lang/NoSuchMethodError'{0x00000000872b94d8}: <clinit>> (0x00000000872b94d8) thrown at [./src/hotspot/share/prims/jni.cpp, line 1362]

Events (20 events):
Event: 58.894 Executing VM operation: BulkRevokeBias
Event: 58.897 Executing VM operation: BulkRevokeBias done
Event: 58.931 loading class com/android/aaptcompiler/SourcedResourceName
Event: 58.931 loading class com/android/aaptcompiler/SourcedResourceName done
Event: 58.933 loading class com/android/aapt/Resources$XmlElement
Event: 58.933 loading class com/android/aapt/Resources$XmlElement done
Event: 58.933 Executing VM operation: RevokeBias
Event: 58.933 Executing VM operation: RevokeBias done
Event: 58.934 Executing VM operation: RevokeBias
Event: 58.934 Executing VM operation: RevokeBias done
Event: 58.938 Executing VM operation: RevokeBias
Event: 58.938 Executing VM operation: RevokeBias done
Event: 58.962 loading class com/android/aapt/Resources$XmlElementOrBuilder
Event: 58.962 loading class com/android/aapt/Resources$XmlElementOrBuilder done
Event: 58.965 loading class com/android/aapt/Resources$XmlElement$1
Event: 58.965 loading class com/android/aapt/Resources$XmlElement$1 done
Event: 58.966 loading class com/android/aapt/Resources$XmlElement$Builder
Event: 58.966 loading class com/android/aapt/Resources$XmlElement$Builder done
Event: 59.025 loading class com/android/aapt/Resources$XmlAttribute
Event: 59.025 loading class com/android/aapt/Resources$XmlAttribute done


Dynamic libraries:
0x00007ff6c1670000 - 0x00007ff6c167a000 	C:\Program Files\Android\Android Studio\jre\bin\java.exe
0x00007ffa0bfe0000 - 0x00007ffa0c1d0000 	C:\Windows\SYSTEM32\ntdll.dll
0x00007ffa0be80000 - 0x00007ffa0bf32000 	C:\Windows\System32\KERNEL32.DLL
0x00007ffa09880000 - 0x00007ffa09b22000 	C:\Windows\System32\KERNELBASE.dll
0x00007ffa08f70000 - 0x00007ffa0906a000 	C:\Windows\System32\ucrtbase.dll
0x00007ff9fee00000 - 0x00007ff9fee19000 	C:\Program Files\Android\Android Studio\jre\bin\jli.dll
0x00007ffa00660000 - 0x00007ffa00677000 	C:\Program Files\Android\Android Studio\jre\bin\VCRUNTIME140.dll
0x00007ffa0a310000 - 0x00007ffa0a4a3000 	C:\Windows\System32\USER32.dll
0x00007ffa09850000 - 0x00007ffa09871000 	C:\Windows\System32\win32u.dll
0x00007ff9f94c0000 - 0x00007ff9f9745000 	C:\Windows\WinSxS\amd64_microsoft.windows.common-controls_6595b64144ccf1df_6.0.18362.30_none_a1435978519dce7f\COMCTL32.dll
0x00007ffa0b6c0000 - 0x00007ffa0b6e6000 	C:\Windows\System32\GDI32.dll
0x00007ffa0a0a0000 - 0x00007ffa0a13e000 	C:\Windows\System32\msvcrt.dll
0x00007ffa09d80000 - 0x00007ffa09f14000 	C:\Windows\System32\gdi32full.dll
0x00007ffa0a000000 - 0x00007ffa0a09e000 	C:\Windows\System32\msvcp_win.dll
0x00007ffa0b370000 - 0x00007ffa0b6a6000 	C:\Windows\System32\combase.dll
0x00007ffa0a1f0000 - 0x00007ffa0a310000 	C:\Windows\System32\RPCRT4.dll
0x00007ffa09f70000 - 0x00007ffa09ff1000 	C:\Windows\System32\bcryptPrimitives.dll
0x00007ffa0ac80000 - 0x00007ffa0acae000 	C:\Windows\System32\IMM32.DLL
0x00007ff9f9a10000 - 0x00007ff9f9aad000 	C:\Program Files\Android\Android Studio\jre\bin\msvcp140.dll
0x00007ff9c8010000 - 0x00007ff9c8adf000 	C:\Program Files\Android\Android Studio\jre\bin\server\jvm.dll
0x00007ffa0b6f0000 - 0x00007ffa0b793000 	C:\Windows\System32\ADVAPI32.dll
0x00007ffa0b2d0000 - 0x00007ffa0b367000 	C:\Windows\System32\sechost.dll
0x00007ffa0b6b0000 - 0x00007ffa0b6b8000 	C:\Windows\System32\PSAPI.DLL
0x00007ffa05a00000 - 0x00007ffa05a09000 	C:\Windows\SYSTEM32\WSOCK32.dll
0x00007ffa028d0000 - 0x00007ffa028da000 	C:\Windows\SYSTEM32\VERSION.dll
0x00007ffa06920000 - 0x00007ffa06944000 	C:\Windows\SYSTEM32\WINMM.dll
0x00007ffa0b040000 - 0x00007ffa0b0af000 	C:\Windows\System32\WS2_32.dll
0x00007ffa06490000 - 0x00007ffa064bd000 	C:\Windows\SYSTEM32\WINMMBASE.dll
0x00007ffa09b30000 - 0x00007ffa09b7a000 	C:\Windows\System32\cfgmgr32.dll
0x00007ffa08ee0000 - 0x00007ffa08ef1000 	C:\Windows\System32\kernel.appcore.dll
0x00007ffa00620000 - 0x00007ffa00631000 	C:\Program Files\Android\Android Studio\jre\bin\verify.dll
0x00007ff9fec00000 - 0x00007ff9fedf4000 	C:\Windows\SYSTEM32\DBGHELP.DLL
0x00007ff9fa6e0000 - 0x00007ff9fa70a000 	C:\Windows\SYSTEM32\dbgcore.DLL
0x00007ff9faa80000 - 0x00007ff9faaa9000 	C:\Program Files\Android\Android Studio\jre\bin\java.dll
0x00007ffa03900000 - 0x00007ffa0390b000 	C:\Program Files\Android\Android Studio\jre\bin\jimage.dll
0x00007ffa000c0000 - 0x00007ffa000d8000 	C:\Program Files\Android\Android Studio\jre\bin\zip.dll
0x00007ffa0b7a0000 - 0x00007ffa0be80000 	C:\Windows\System32\SHELL32.dll
0x00007ffa0a140000 - 0x00007ffa0a1e9000 	C:\Windows\System32\shcore.dll
0x00007ffa09070000 - 0x00007ffa097eb000 	C:\Windows\System32\windows.storage.dll
0x00007ffa08f00000 - 0x00007ffa08f1f000 	C:\Windows\System32\profapi.dll
0x00007ffa08f20000 - 0x00007ffa08f6a000 	C:\Windows\System32\powrprof.dll
0x00007ffa08eb0000 - 0x00007ffa08ec0000 	C:\Windows\System32\UMPDC.dll
0x00007ffa0ae10000 - 0x00007ffa0ae62000 	C:\Windows\System32\shlwapi.dll
0x00007ffa09f20000 - 0x00007ffa09f37000 	C:\Windows\System32\cryptsp.dll
0x00007ff9fdbe0000 - 0x00007ff9fdbfa000 	C:\Program Files\Android\Android Studio\jre\bin\net.dll
0x00007ff9fb3f0000 - 0x00007ff9fb4df000 	C:\Windows\SYSTEM32\WINHTTP.dll
0x00007ffa08720000 - 0x00007ffa08787000 	C:\Windows\system32\mswsock.dll
0x00007ff9faa20000 - 0x00007ff9faa34000 	C:\Program Files\Android\Android Studio\jre\bin\nio.dll
0x00007ff9e9880000 - 0x00007ff9e98a7000 	C:\Users\Mr.D\.gradle\native\8bec1ad78214c89d9ad589b4d07fe93259594b29d510b10fafb7a158f7737e5d\windows-amd64\native-platform.dll
0x00007ff9d9870000 - 0x00007ff9d99ad000 	C:\Users\Mr.D\.gradle\native\53dbd7edfb1c66fb8903c78663c9afc45aea4f116125fa6feffd364cf09443e8\windows-amd64\native-platform-file-events.dll
0x00007ffa03420000 - 0x00007ffa0342a000 	C:\Program Files\Android\Android Studio\jre\bin\management.dll
0x00007ffa00650000 - 0x00007ffa0065c000 	C:\Program Files\Android\Android Studio\jre\bin\management_ext.dll
0x00007ffa08280000 - 0x00007ffa082b3000 	C:\Windows\system32\rsaenh.dll
0x00007ffa09f40000 - 0x00007ffa09f66000 	C:\Windows\System32\bcrypt.dll
0x00007ffa08dd0000 - 0x00007ffa08df5000 	C:\Windows\SYSTEM32\USERENV.dll
0x00007ffa088f0000 - 0x00007ffa088fc000 	C:\Windows\SYSTEM32\CRYPTBASE.dll
0x00007ffa08480000 - 0x00007ffa084ba000 	C:\Windows\SYSTEM32\IPHLPAPI.DLL
0x00007ffa0b260000 - 0x00007ffa0b268000 	C:\Windows\System32\NSI.dll
0x00007ff9fef50000 - 0x00007ff9fef66000 	C:\Windows\SYSTEM32\dhcpcsvc6.DLL
0x00007ff9ff880000 - 0x00007ff9ff89c000 	C:\Windows\SYSTEM32\dhcpcsvc.DLL
0x00007ffa084c0000 - 0x00007ffa0858a000 	C:\Windows\SYSTEM32\DNSAPI.dll

dbghelp: loaded successfully - version: 4.0.5 - missing functions: none
symbol engine: initialized successfully - sym options: 0x614 - pdb path: .;C:\Program Files\Android\Android Studio\jre\bin;C:\Windows\SYSTEM32;C:\Windows\WinSxS\amd64_microsoft.windows.common-controls_6595b64144ccf1df_6.0.18362.30_none_a1435978519dce7f;C:\Program Files\Android\Android Studio\jre\bin\server;C:\Users\Mr.D\.gradle\native\8bec1ad78214c89d9ad589b4d07fe93259594b29d510b10fafb7a158f7737e5d\windows-amd64;C:\Users\Mr.D\.gradle\native\53dbd7edfb1c66fb8903c78663c9afc45aea4f116125fa6feffd364cf09443e8\windows-amd64

VM Arguments:
jvm_args: --add-opens=java.base/java.util=ALL-UNNAMED --add-opens=java.base/java.lang=ALL-UNNAMED --add-opens=java.base/java.lang.invoke=ALL-UNNAMED --add-opens=java.base/java.util=ALL-UNNAMED --add-opens=java.prefs/java.util.prefs=ALL-UNNAMED --add-opens=java.prefs/java.util.prefs=ALL-UNNAMED --add-opens=java.base/java.nio.charset=ALL-UNNAMED --add-opens=java.base/java.net=ALL-UNNAMED --add-opens=java.base/java.util.concurrent.atomic=ALL-UNNAMED -Xmx2048m -Dfile.encoding=UTF-8 -Duser.country=US -Duser.language=en -Duser.variant 
java_command: org.gradle.launcher.daemon.bootstrap.GradleDaemon 7.0.2
java_class_path (initial): C:\Users\Mr.D\.gradle\wrapper\dists\gradle-7.0.2-bin\857tjihv64xamwrf0h14cai3r\gradle-7.0.2\lib\gradle-launcher-7.0.2.jar
Launcher Type: SUN_STANDARD

[Global flags]
     intx CICompilerCount                          = 3                                         {product} {ergonomic}
     uint ConcGCThreads                            = 1                                         {product} {ergonomic}
     uint G1ConcRefinementThreads                  = 4                                         {product} {ergonomic}
   size_t G1HeapRegionSize                         = 1048576                                   {product} {ergonomic}
    uintx GCDrainStackTargetSize                   = 64                                        {product} {ergonomic}
   size_t InitialHeapSize                          = 58720256                                  {product} {ergonomic}
   size_t MarkStackSize                            = 4194304                                   {product} {ergonomic}
   size_t MaxHeapSize                              = 2147483648                                {product} {command line}
   size_t MaxNewSize                               = 1287651328                                {product} {ergonomic}
   size_t MinHeapDeltaBytes                        = 1048576                                   {product} {ergonomic}
    uintx NonNMethodCodeHeapSize                   = 5830732                                {pd product} {ergonomic}
    uintx NonProfiledCodeHeapSize                  = 122913754                              {pd product} {ergonomic}
    uintx ProfiledCodeHeapSize                     = 122913754                              {pd product} {ergonomic}
    uintx ReservedCodeCacheSize                    = 251658240                              {pd product} {ergonomic}
     bool SegmentedCodeCache                       = true                                      {product} {ergonomic}
     bool UseCompressedClassPointers               = true                                 {lp64_product} {ergonomic}
     bool UseCompressedOops                        = true                                 {lp64_product} {ergonomic}
     bool UseG1GC                                  = true                                      {product} {ergonomic}
     bool UseLargePagesIndividualAllocation        = false                                  {pd product} {ergonomic}

Logging:
Log output configuration:
 #0: stdout all=warning uptime,level,tags
 #1: stderr all=off uptime,level,tags

Environment Variables:
PATH=C:\Windows\system32;C:\Windows;C:\Windows\System32\Wbem;C:\Windows\System32\WindowsPowerShell\v1.0\;C:\Windows\System32\OpenSSH\;C:\Users\Mr.D\anaconda3;C:\Users\Mr.D\anaconda3\Library\mingw-w64\bin;C:\Users\Mr.D\anaconda3\Library\usr\bin;C:\Users\Mr.D\anaconda3\Library\bin;C:\Users\Mr.D\anaconda3\Scripts;C:\Users\Mr.D\AppData\Local\Programs\Python\Python39\Scripts\;C:\Users\Mr.D\AppData\Local\Programs\Python\Python39\;C:\Users\Mr.D\AppData\Local\Microsoft\WindowsApps;C:\Users\Mr.D\AppData\Local\Programs\Microsoft VS Code\bin
USERNAME=Mr.D
OS=Windows_NT
PROCESSOR_IDENTIFIER=AMD64 Family 22 Model 48 Stepping 1, AuthenticAMD



---------------  S Y S T E M  ---------------

OS: Windows 10 , 64 bit Build 18362 (10.0.18362.1)
OS uptime: 0 days 3:37 hours

CPU:total 4 (initial active 4) (4 cores per cpu, 1 threads per core) family 22 model 48 stepping 1 microcode 0x0, cmov, cx8, fxsr, mmx, sse, sse2, sse3, ssse3, sse4.1, sse4.2, popcnt, avx, aes, clmul, mmxext, 3dnowpref, lzcnt, sse4a, tsc, tscinvbit, tscinv, bmi1

Memory: 4k page, system-wide physical 3548M (530M free)
TotalPageFile size 14300M (AvailPageFile size 5M)
current process WorkingSet (physical memory assigned to process): 365M, peak: 365M
current process commit charge ("private bytes"): 411M, peak: 412M

vm_info: OpenJDK 64-Bit Server VM (11.0.10+0-b96-7249189) for windows-amd64 JRE (11.0.10+0-b96-7249189), built on Mar 31 2021 21:44:00 by "builder" with MS VC++ 14.0 (VS2015)

END.
